ARM GAS  C:\Users\upo\AppData\Local\Temp\cc5WYsNt.s 			page 1


   1              		.cpu cortex-m0plus
   2              		.arch armv6s-m
   3              		.fpu softvfp
   4              		.eabi_attribute 20, 1
   5              		.eabi_attribute 21, 1
   6              		.eabi_attribute 23, 3
   7              		.eabi_attribute 24, 1
   8              		.eabi_attribute 25, 1
   9              		.eabi_attribute 26, 1
  10              		.eabi_attribute 30, 2
  11              		.eabi_attribute 34, 0
  12              		.eabi_attribute 18, 4
  13              		.file	"calibri_36pts.c"
  14              		.text
  15              	.Ltext0:
  16              		.cfi_sections	.debug_frame
  17              		.file 1 "User/e-Paper/calibri_36pts.c"
  18              		.global	calibri_36pts
  19              		.section	.data.calibri_36pts,"aw"
  20              		.align	2
  23              	calibri_36pts:
  24 0000 1A000000 		.word	26
  25 0004 00000000 		.word	calibri_36pts_array
  26              		.section	.rodata.calibri_36pts_array,"a"
  27              		.align	2
  30              	calibri_36pts_array:
  31 0000 20000000 		.word	32
  32 0004 00000000 		.word	calibri_36pts_0x20
  33 0008 21000000 		.word	33
  34 000c 00000000 		.word	calibri_36pts_0x21
  35 0010 22000000 		.word	34
  36 0014 00000000 		.word	calibri_36pts_0x22
  37 0018 23000000 		.word	35
  38 001c 00000000 		.word	calibri_36pts_0x23
  39 0020 24000000 		.word	36
  40 0024 00000000 		.word	calibri_36pts_0x24
  41 0028 25000000 		.word	37
  42 002c 00000000 		.word	calibri_36pts_0x25
  43 0030 26000000 		.word	38
  44 0034 00000000 		.word	calibri_36pts_0x26
  45 0038 27000000 		.word	39
  46 003c 00000000 		.word	calibri_36pts_0x27
  47 0040 28000000 		.word	40
  48 0044 00000000 		.word	calibri_36pts_0x28
  49 0048 29000000 		.word	41
  50 004c 00000000 		.word	calibri_36pts_0x29
  51 0050 2A000000 		.word	42
  52 0054 00000000 		.word	calibri_36pts_0x2a
  53 0058 2B000000 		.word	43
  54 005c 00000000 		.word	calibri_36pts_0x2b
  55 0060 2C000000 		.word	44
  56 0064 00000000 		.word	calibri_36pts_0x2c
  57 0068 2D000000 		.word	45
  58 006c 00000000 		.word	calibri_36pts_0x2d
  59 0070 2E000000 		.word	46
  60 0074 00000000 		.word	calibri_36pts_0x2e
  61 0078 2F000000 		.word	47
ARM GAS  C:\Users\upo\AppData\Local\Temp\cc5WYsNt.s 			page 2


  62 007c 00000000 		.word	calibri_36pts_0x2f
  63 0080 30000000 		.word	48
  64 0084 00000000 		.word	calibri_36pts_0x30
  65 0088 31000000 		.word	49
  66 008c 00000000 		.word	calibri_36pts_0x31
  67 0090 32000000 		.word	50
  68 0094 00000000 		.word	calibri_36pts_0x32
  69 0098 33000000 		.word	51
  70 009c 00000000 		.word	calibri_36pts_0x33
  71 00a0 34000000 		.word	52
  72 00a4 00000000 		.word	calibri_36pts_0x34
  73 00a8 35000000 		.word	53
  74 00ac 00000000 		.word	calibri_36pts_0x35
  75 00b0 36000000 		.word	54
  76 00b4 00000000 		.word	calibri_36pts_0x36
  77 00b8 37000000 		.word	55
  78 00bc 00000000 		.word	calibri_36pts_0x37
  79 00c0 38000000 		.word	56
  80 00c4 00000000 		.word	calibri_36pts_0x38
  81 00c8 39000000 		.word	57
  82 00cc 00000000 		.word	calibri_36pts_0x39
  83              		.section	.rodata.calibri_36pts_0x39,"a"
  84              		.align	2
  87              	calibri_36pts_0x39:
  88 0000 00000000 		.word	image_data_calibri_36pts_0x39
  89 0004 1200     		.short	18
  90 0006 2C00     		.short	44
  91 0008 08       		.byte	8
  92 0009 000000   		.space	3
  93              		.section	.rodata.image_data_calibri_36pts_0x39,"a"
  94              		.align	2
  97              	image_data_calibri_36pts_0x39:
  98 0000 00000000 		.ascii	"\000\000\000\000\000\000\000\000\000\000\000\000\000"
  98      00000000 
  98      00000000 
  98      00
  99 000d 00000000 		.ascii	"\000\000\000\000\000\000\000\000\000\000\000\000\000"
  99      00000000 
  99      00000000 
  99      00
 100 001a 00000000 		.ascii	"\000\000\000\000\000\000\000\007\360\000\017\370\000"
 100      00000007 
 100      F0000FF8 
 100      00
 101 0027 1C3C0038 		.ascii	"\034<\0008\016\000x\016\000p\016\000p\007\000p\007\000"
 101      0E00780E 
 101      00700E00 
 101      70070070 
 101      0700
 102 0039 70070070 		.ascii	"p\007\000p\007\0008\007\000<\037\000\037\377\000\007"
 102      07003807 
 102      003C1F00 
 102      1FFF0007 
 103 0049 E7000007 		.ascii	"\347\000\000\007\000\000\006\000\000\016\000\000\016"
 103      00000600 
 103      000E0000 
 103      0E
ARM GAS  C:\Users\upo\AppData\Local\Temp\cc5WYsNt.s 			page 3


 104 0056 00001C00 		.ascii	"\000\000\034\000\000\034\0000x\000?\360\000\037\300"
 104      001C0030 
 104      78003FF0 
 104      001FC0
 105 0065 00000000 		.ascii	"\000\000\000\000\000\000\000\000\000\000\000\000\000"
 105      00000000 
 105      00000000 
 105      00
 106 0072 00000000 		.ascii	"\000\000\000\000\000\000\000\000\000\000\000\000\000"
 106      00000000 
 106      00000000 
 106      00
 107 007f 00000000 		.ascii	"\000\000\000\000\000"
 107      00
 108              		.section	.rodata.calibri_36pts_0x38,"a"
 109              		.align	2
 112              	calibri_36pts_0x38:
 113 0000 00000000 		.word	image_data_calibri_36pts_0x38
 114 0004 1200     		.short	18
 115 0006 2C00     		.short	44
 116 0008 08       		.byte	8
 117 0009 000000   		.space	3
 118              		.section	.rodata.image_data_calibri_36pts_0x38,"a"
 119              		.align	2
 122              	image_data_calibri_36pts_0x38:
 123 0000 00000000 		.ascii	"\000\000\000\000\000\000\000\000\000\000\000\000\000"
 123      00000000 
 123      00000000 
 123      00
 124 000d 00000000 		.ascii	"\000\000\000\000\000\000\000\000\000\000\000\000\000"
 124      00000000 
 124      00000000 
 124      00
 125 001a 00000000 		.ascii	"\000\000\000\000\000\000\000\003\360\000\017\374\000"
 125      00000003 
 125      F0000FFC 
 125      00
 126 0027 1C1C0038 		.ascii	"\034\034\0008\016\0008\016\0008\016\0008\016\000<\034"
 126      0E00380E 
 126      00380E00 
 126      380E003C 
 126      1C
 127 0038 001E1C00 		.ascii	"\000\036\034\000\017x\000\007\360\000\003\360\000\017"
 127      0F780007 
 127      F00003F0 
 127      000F
 128 0046 F8001C3E 		.ascii	"\370\000\034>\0008\016\000p\017\000p\007\000p\007\000"
 128      00380E00 
 128      700F0070 
 128      07007007 
 128      00
 129 0057 70070078 		.ascii	"p\007\000x\016\000<\036\000\037\374\000\007\360\000"
 129      0E003C1E 
 129      001FFC00 
 129      07F000
 130 0066 00000000 		.ascii	"\000\000\000\000\000\000\000\000\000\000\000\000\000"
 130      00000000 
ARM GAS  C:\Users\upo\AppData\Local\Temp\cc5WYsNt.s 			page 4


 130      00000000 
 130      00
 131 0073 00000000 		.ascii	"\000\000\000\000\000\000\000\000\000\000\000\000\000"
 131      00000000 
 131      00000000 
 131      00
 132 0080 00000000 		.ascii	"\000\000\000\000"
 133              		.section	.rodata.calibri_36pts_0x37,"a"
 134              		.align	2
 137              	calibri_36pts_0x37:
 138 0000 00000000 		.word	image_data_calibri_36pts_0x37
 139 0004 1200     		.short	18
 140 0006 2C00     		.short	44
 141 0008 08       		.byte	8
 142 0009 000000   		.space	3
 143              		.section	.rodata.image_data_calibri_36pts_0x37,"a"
 144              		.align	2
 147              	image_data_calibri_36pts_0x37:
 148 0000 00000000 		.ascii	"\000\000\000\000\000\000\000\000\000\000\000\000\000"
 148      00000000 
 148      00000000 
 148      00
 149 000d 00000000 		.ascii	"\000\000\000\000\000\000\000\000\000\000\000\000\000"
 149      00000000 
 149      00000000 
 149      00
 150 001a 00000000 		.ascii	"\000\000\000\000\000\000\000?\377\200?\377\200\000\003"
 150      0000003F 
 150      FF803FFF 
 150      800003
 151 0029 80000700 		.ascii	"\200\000\007\000\000\007\000\000\016\000\000\016\000"
 151      00070000 
 151      0E00000E 
 151      00
 152 0036 001E0000 		.ascii	"\000\036\000\000\034\000\000<\000\0008\000\0008\000"
 152      1C00003C 
 152      00003800 
 152      003800
 153 0045 00700000 		.ascii	"\000p\000\000p\000\000\360\000\000\340\000\001\340\000"
 153      700000F0 
 153      0000E000 
 153      01E000
 154 0054 01C00001 		.ascii	"\001\300\000\001\300\000\003\200\000\003\200\000\007"
 154      C0000380 
 154      00038000 
 154      07
 155 0061 80000700 		.ascii	"\200\000\007\000\000\000\000\000\000\000\000\000\000"
 155      00000000 
 155      00000000 
 155      00
 156 006e 00000000 		.ascii	"\000\000\000\000\000\000\000\000\000\000\000\000\000"
 156      00000000 
 156      00000000 
 156      00
 157 007b 00000000 		.ascii	"\000\000\000\000\000\000\000\000\000"
 157      00000000 
 157      00
ARM GAS  C:\Users\upo\AppData\Local\Temp\cc5WYsNt.s 			page 5


 158              		.section	.rodata.calibri_36pts_0x36,"a"
 159              		.align	2
 162              	calibri_36pts_0x36:
 163 0000 00000000 		.word	image_data_calibri_36pts_0x36
 164 0004 1200     		.short	18
 165 0006 2C00     		.short	44
 166 0008 08       		.byte	8
 167 0009 000000   		.space	3
 168              		.section	.rodata.image_data_calibri_36pts_0x36,"a"
 169              		.align	2
 172              	image_data_calibri_36pts_0x36:
 173 0000 00000000 		.ascii	"\000\000\000\000\000\000\000\000\000\000\000\000\000"
 173      00000000 
 173      00000000 
 173      00
 174 000d 00000000 		.ascii	"\000\000\000\000\000\000\000\000\000\000\000\000\000"
 174      00000000 
 174      00000000 
 174      00
 175 001a 00000000 		.ascii	"\000\000\000\000\000\000\000\000\376\000\003\377\000"
 175      00000000 
 175      FE0003FF 
 175      00
 176 0027 0783000E 		.ascii	"\007\203\000\016\000\000\016\000\000\034\000\000\034"
 176      00000E00 
 176      001C0000 
 176      1C
 177 0034 00003800 		.ascii	"\000\0008\000\0008\000\0009\374\000?\376\000>\017\000"
 177      00380000 
 177      39FC003F 
 177      FE003E0F 
 177      00
 178 0045 38078038 		.ascii	"8\007\2008\003\2008\003\2008\003\2008\003\2008\003\200"
 178      03803803 
 178      80380380 
 178      38038038 
 178      0380
 179 0057 1C07001C 		.ascii	"\034\007\000\034\007\000\016\016\000\007\374\000\003"
 179      07000E0E 
 179      0007FC00 
 179      03
 180 0064 F0000000 		.ascii	"\360\000\000\000\000\000\000\000\000\000\000\000\000"
 180      00000000 
 180      00000000 
 180      00
 181 0071 00000000 		.ascii	"\000\000\000\000\000\000\000\000\000\000\000\000\000"
 181      00000000 
 181      00000000 
 181      00
 182 007e 00000000 		.ascii	"\000\000\000\000\000\000"
 182      0000
 183              		.section	.rodata.calibri_36pts_0x35,"a"
 184              		.align	2
 187              	calibri_36pts_0x35:
 188 0000 00000000 		.word	image_data_calibri_36pts_0x35
 189 0004 1200     		.short	18
 190 0006 2C00     		.short	44
ARM GAS  C:\Users\upo\AppData\Local\Temp\cc5WYsNt.s 			page 6


 191 0008 08       		.byte	8
 192 0009 000000   		.space	3
 193              		.section	.rodata.image_data_calibri_36pts_0x35,"a"
 194              		.align	2
 197              	image_data_calibri_36pts_0x35:
 198 0000 00000000 		.ascii	"\000\000\000\000\000\000\000\000\000\000\000\000\000"
 198      00000000 
 198      00000000 
 198      00
 199 000d 00000000 		.ascii	"\000\000\000\000\000\000\000\000\000\000\000\000\000"
 199      00000000 
 199      00000000 
 199      00
 200 001a 00000000 		.ascii	"\000\000\000\000\000\000\000\037\376\000\037\376\000"
 200      0000001F 
 200      FE001FFE 
 200      00
 201 0027 1C00001C 		.ascii	"\034\000\000\034\000\000\034\000\000\034\000\000\034"
 201      00001C00 
 201      001C0000 
 201      1C
 202 0034 00001C00 		.ascii	"\000\000\034\000\000\034\000\000\037\360\000\037\374"
 202      001C0000 
 202      1FF0001F 
 202      FC
 203 0041 00003E00 		.ascii	"\000\000>\000\000\016\000\000\007\000\000\007\000\000"
 203      000E0000 
 203      07000007 
 203      0000
 204 004f 07000007 		.ascii	"\007\000\000\007\000\000\007\000\000\016\000\000\016"
 204      00000700 
 204      000E0000 
 204      0E
 205 005c 00303C00 		.ascii	"\0000<\000?\370\000\017\340\000\000\000\000\000\000"
 205      3FF8000F 
 205      E0000000 
 205      000000
 206 006b 00000000 		.ascii	"\000\000\000\000\000\000\000\000\000\000\000\000\000"
 206      00000000 
 206      00000000 
 206      00
 207 0078 00000000 		.ascii	"\000\000\000\000\000\000\000\000\000\000\000\000"
 207      00000000 
 207      00000000 
 208              		.section	.rodata.calibri_36pts_0x34,"a"
 209              		.align	2
 212              	calibri_36pts_0x34:
 213 0000 00000000 		.word	image_data_calibri_36pts_0x34
 214 0004 1200     		.short	18
 215 0006 2C00     		.short	44
 216 0008 08       		.byte	8
 217 0009 000000   		.space	3
 218              		.section	.rodata.image_data_calibri_36pts_0x34,"a"
 219              		.align	2
 222              	image_data_calibri_36pts_0x34:
 223 0000 00000000 		.ascii	"\000\000\000\000\000\000\000\000\000\000\000\000\000"
 223      00000000 
ARM GAS  C:\Users\upo\AppData\Local\Temp\cc5WYsNt.s 			page 7


 223      00000000 
 223      00
 224 000d 00000000 		.ascii	"\000\000\000\000\000\000\000\000\000\000\000\000\000"
 224      00000000 
 224      00000000 
 224      00
 225 001a 00000000 		.ascii	"\000\000\000\000\000\000\000\000|\000\000|\000\000\374"
 225      00000000 
 225      7C00007C 
 225      0000FC
 226 0029 0000FC00 		.ascii	"\000\000\374\000\001\334\000\001\234\000\003\234\000"
 226      01DC0001 
 226      9C00039C 
 226      00
 227 0036 031C0007 		.ascii	"\003\034\000\007\034\000\006\034\000\016\034\000\034"
 227      1C00061C 
 227      000E1C00 
 227      1C
 228 0043 1C001C1C 		.ascii	"\034\000\034\034\0008\034\0008\034\000p\034\000\177"
 228      00381C00 
 228      381C0070 
 228      1C007F
 229 0052 FF807FFF 		.ascii	"\377\200\177\377\200\000\034\000\000\034\000\000\034"
 229      80001C00 
 229      001C0000 
 229      1C
 230 005f 00001C00 		.ascii	"\000\000\034\000\000\034\000\000\000\000\000\000\000"
 230      001C0000 
 230      00000000 
 230      00
 231 006c 00000000 		.ascii	"\000\000\000\000\000\000\000\000\000\000\000\000\000"
 231      00000000 
 231      00000000 
 231      00
 232 0079 00000000 		.ascii	"\000\000\000\000\000\000\000\000\000\000\000"
 232      00000000 
 232      000000
 233              		.section	.rodata.calibri_36pts_0x33,"a"
 234              		.align	2
 237              	calibri_36pts_0x33:
 238 0000 00000000 		.word	image_data_calibri_36pts_0x33
 239 0004 1200     		.short	18
 240 0006 2C00     		.short	44
 241 0008 08       		.byte	8
 242 0009 000000   		.space	3
 243              		.section	.rodata.image_data_calibri_36pts_0x33,"a"
 244              		.align	2
 247              	image_data_calibri_36pts_0x33:
 248 0000 00000000 		.ascii	"\000\000\000\000\000\000\000\000\000\000\000\000\000"
 248      00000000 
 248      00000000 
 248      00
 249 000d 00000000 		.ascii	"\000\000\000\000\000\000\000\000\000\000\000\000\000"
 249      00000000 
 249      00000000 
 249      00
 250 001a 00000000 		.ascii	"\000\000\000\000\000\000\000\003\360\000\017\374\000"
ARM GAS  C:\Users\upo\AppData\Local\Temp\cc5WYsNt.s 			page 8


 250      00000003 
 250      F0000FFC 
 250      00
 251 0027 1C3C0010 		.ascii	"\034<\000\020\036\000\000\016\000\000\016\000\000\016"
 251      1E00000E 
 251      00000E00 
 251      000E
 252 0035 00000E00 		.ascii	"\000\000\016\000\000\034\000\000x\000\017\360\000\017"
 252      001C0000 
 252      78000FF0 
 252      000F
 253 0043 F800003C 		.ascii	"\370\000\000<\000\000\016\000\000\007\000\000\007\000"
 253      00000E00 
 253      00070000 
 253      0700
 254 0051 00070000 		.ascii	"\000\007\000\000\007\000\000\007\000 \016\000<\036\000"
 254      07000007 
 254      00200E00 
 254      3C1E00
 255 0060 3FF80007 		.ascii	"?\370\000\007\360\000\000\000\000\000\000\000\000\000"
 255      F0000000 
 255      00000000 
 255      0000
 256 006e 00000000 		.ascii	"\000\000\000\000\000\000\000\000\000\000\000\000\000"
 256      00000000 
 256      00000000 
 256      00
 257 007b 00000000 		.ascii	"\000\000\000\000\000\000\000\000\000"
 257      00000000 
 257      00
 258              		.section	.rodata.calibri_36pts_0x32,"a"
 259              		.align	2
 262              	calibri_36pts_0x32:
 263 0000 00000000 		.word	image_data_calibri_36pts_0x32
 264 0004 1200     		.short	18
 265 0006 2C00     		.short	44
 266 0008 08       		.byte	8
 267 0009 000000   		.space	3
 268              		.section	.rodata.image_data_calibri_36pts_0x32,"a"
 269              		.align	2
 272              	image_data_calibri_36pts_0x32:
 273 0000 00000000 		.ascii	"\000\000\000\000\000\000\000\000\000\000\000\000\000"
 273      00000000 
 273      00000000 
 273      00
 274 000d 00000000 		.ascii	"\000\000\000\000\000\000\000\000\000\000\000\000\000"
 274      00000000 
 274      00000000 
 274      00
 275 001a 00000000 		.ascii	"\000\000\000\000\000\000\000\007\340\000\037\370\000"
 275      00000007 
 275      E0001FF8 
 275      00
 276 0027 383C0030 		.ascii	"8<\0000\036\000\000\016\000\000\016\000\000\016\000"
 276      1E00000E 
 276      00000E00 
 276      000E00
ARM GAS  C:\Users\upo\AppData\Local\Temp\cc5WYsNt.s 			page 9


 277 0036 000E0000 		.ascii	"\000\016\000\000\016\000\000\034\000\000\034\000\000"
 277      0E00001C 
 277      00001C00 
 277      00
 278 0043 3C000038 		.ascii	"<\000\0008\000\000p\000\000\340\000\001\340\000\003"
 278      00007000 
 278      00E00001 
 278      E00003
 279 0052 C0000780 		.ascii	"\300\000\007\200\000\017\000\000\036\000\000\034\000"
 279      000F0000 
 279      1E00001C 
 279      00
 280 005f 003FFF00 		.ascii	"\000?\377\000?\377\000\000\000\000\000\000\000\000\000"
 280      3FFF0000 
 280      00000000 
 280      000000
 281 006e 00000000 		.ascii	"\000\000\000\000\000\000\000\000\000\000\000\000\000"
 281      00000000 
 281      00000000 
 281      00
 282 007b 00000000 		.ascii	"\000\000\000\000\000\000\000\000\000"
 282      00000000 
 282      00
 283              		.section	.rodata.calibri_36pts_0x31,"a"
 284              		.align	2
 287              	calibri_36pts_0x31:
 288 0000 00000000 		.word	image_data_calibri_36pts_0x31
 289 0004 1200     		.short	18
 290 0006 2C00     		.short	44
 291 0008 08       		.byte	8
 292 0009 000000   		.space	3
 293              		.section	.rodata.image_data_calibri_36pts_0x31,"a"
 294              		.align	2
 297              	image_data_calibri_36pts_0x31:
 298 0000 00000000 		.ascii	"\000\000\000\000\000\000\000\000\000\000\000\000\000"
 298      00000000 
 298      00000000 
 298      00
 299 000d 00000000 		.ascii	"\000\000\000\000\000\000\000\000\000\000\000\000\000"
 299      00000000 
 299      00000000 
 299      00
 300 001a 00000000 		.ascii	"\000\000\000\000\000\000\000\000p\000\000\360\000\003"
 300      00000000 
 300      700000F0 
 300      0003
 301 0028 F0000770 		.ascii	"\360\000\007p\000\016p\000\014p\000\000p\000\000p\000"
 301      000E7000 
 301      0C700000 
 301      70000070 
 301      00
 302 0039 00700000 		.ascii	"\000p\000\000p\000\000p\000\000p\000\000p\000\000p\000"
 302      70000070 
 302      00007000 
 302      00700000 
 302      7000
 303 004b 00700000 		.ascii	"\000p\000\000p\000\000p\000\000p\000\000p\000\000p\000"
ARM GAS  C:\Users\upo\AppData\Local\Temp\cc5WYsNt.s 			page 10


 303      70000070 
 303      00007000 
 303      00700000 
 303      7000
 304 005d 0070000F 		.ascii	"\000p\000\017\377\200\017\377\200\000\000\000\000\000"
 304      FF800FFF 
 304      80000000 
 304      0000
 305 006b 00000000 		.ascii	"\000\000\000\000\000\000\000\000\000\000\000\000\000"
 305      00000000 
 305      00000000 
 305      00
 306 0078 00000000 		.ascii	"\000\000\000\000\000\000\000\000\000\000\000\000"
 306      00000000 
 306      00000000 
 307              		.section	.rodata.calibri_36pts_0x30,"a"
 308              		.align	2
 311              	calibri_36pts_0x30:
 312 0000 00000000 		.word	image_data_calibri_36pts_0x30
 313 0004 1200     		.short	18
 314 0006 2C00     		.short	44
 315 0008 08       		.byte	8
 316 0009 000000   		.space	3
 317              		.section	.rodata.image_data_calibri_36pts_0x30,"a"
 318              		.align	2
 321              	image_data_calibri_36pts_0x30:
 322 0000 00000000 		.ascii	"\000\000\000\000\000\000\000\000\000\000\000\000\000"
 322      00000000 
 322      00000000 
 322      00
 323 000d 00000000 		.ascii	"\000\000\000\000\000\000\000\000\000\000\000\000\000"
 323      00000000 
 323      00000000 
 323      00
 324 001a 00000000 		.ascii	"\000\000\000\000\000\000\000\003\360\000\017\374\000"
 324      00000003 
 324      F0000FFC 
 324      00
 325 0027 1E1E001C 		.ascii	"\036\036\000\034\017\0008\007\0008\007\0000\003\200"
 325      0F003807 
 325      00380700 
 325      300380
 326 0036 70038070 		.ascii	"p\003\200p\003\200p\003\200p\003\200p\003\200p\003\200"
 326      03807003 
 326      80700380 
 326      70038070 
 326      0380
 327 0048 70038070 		.ascii	"p\003\200p\003\200p\003\200p\003\2008\007\0008\007\000"
 327      03807003 
 327      80700380 
 327      38070038 
 327      0700
 328 005a 3C0E001E 		.ascii	"<\016\000\036\036\000\017\374\000\003\360\000\000\000"
 328      1E000FFC 
 328      0003F000 
 328      0000
 329 0068 00000000 		.ascii	"\000\000\000\000\000\000\000\000\000\000\000\000\000"
ARM GAS  C:\Users\upo\AppData\Local\Temp\cc5WYsNt.s 			page 11


 329      00000000 
 329      00000000 
 329      00
 330 0075 00000000 		.ascii	"\000\000\000\000\000\000\000\000\000\000\000\000\000"
 330      00000000 
 330      00000000 
 330      00
 331 0082 0000     		.ascii	"\000\000"
 332              		.section	.rodata.calibri_36pts_0x2f,"a"
 333              		.align	2
 336              	calibri_36pts_0x2f:
 337 0000 00000000 		.word	image_data_calibri_36pts_0x2f
 338 0004 0E00     		.short	14
 339 0006 2C00     		.short	44
 340 0008 08       		.byte	8
 341 0009 000000   		.space	3
 342              		.section	.rodata.image_data_calibri_36pts_0x2f,"a"
 343              		.align	2
 346              	image_data_calibri_36pts_0x2f:
 347 0000 00000000 		.ascii	"\000\000\000\000\000\000\000\000\000\000\000\000\000"
 347      00000000 
 347      00000000 
 347      00
 348 000d 00000000 		.ascii	"\000\000\000\000\034\0008\0008\0008\000p\000p\000p\000"
 348      1C003800 
 348      38003800 
 348      70007000 
 348      7000
 349 001f E000E000 		.ascii	"\340\000\340\000\300\001\300\001\300\003\200\003\200"
 349      C001C001 
 349      C0038003 
 349      80
 350 002c 03800700 		.ascii	"\003\200\007\000\007\000\007\000\016\000\016\000\016"
 350      07000700 
 350      0E000E00 
 350      0E
 351 0039 001C001C 		.ascii	"\000\034\000\034\000\030\0008\0008\000p\000p\000p\000"
 351      00180038 
 351      00380070 
 351      00700070 
 351      00
 352 004a E000E000 		.ascii	"\340\000\340\000\000\000\000\000\000\000\000\000\000"
 352      00000000 
 352      00000000 
 352      00
 353 0057 00       		.ascii	"\000"
 354              		.section	.rodata.calibri_36pts_0x2e,"a"
 355              		.align	2
 358              	calibri_36pts_0x2e:
 359 0000 00000000 		.word	image_data_calibri_36pts_0x2e
 360 0004 0900     		.short	9
 361 0006 2C00     		.short	44
 362 0008 08       		.byte	8
 363 0009 000000   		.space	3
 364              		.section	.rodata.image_data_calibri_36pts_0x2e,"a"
 365              		.align	2
 368              	image_data_calibri_36pts_0x2e:
ARM GAS  C:\Users\upo\AppData\Local\Temp\cc5WYsNt.s 			page 12


 369 0000 00000000 		.ascii	"\000\000\000\000\000\000\000\000\000\000\000\000\000"
 369      00000000 
 369      00000000 
 369      00
 370 000d 00000000 		.ascii	"\000\000\000\000\000\000\000\000\000\000\000\000\000"
 370      00000000 
 370      00000000 
 370      00
 371 001a 00000000 		.ascii	"\000\000\000\000\000\000\000\000\000\000\000\000\000"
 371      00000000 
 371      00000000 
 371      00
 372 0027 00000000 		.ascii	"\000\000\000\000\000\000\000\000\000\000\000\000\000"
 372      00000000 
 372      00000000 
 372      00
 373 0034 00000000 		.ascii	"\000\000\000\000\000\000\000\000\034\000\036\000\036"
 373      00000000 
 373      1C001E00 
 373      1E
 374 0041 001C0000 		.ascii	"\000\034\000\000\000\000\000\000\000\000\000\000\000"
 374      00000000 
 374      00000000 
 374      00
 375 004e 00000000 		.ascii	"\000\000\000\000\000\000\000\000\000\000"
 375      00000000 
 375      0000
 376              		.section	.rodata.calibri_36pts_0x2d,"a"
 377              		.align	2
 380              	calibri_36pts_0x2d:
 381 0000 00000000 		.word	image_data_calibri_36pts_0x2d
 382 0004 0B00     		.short	11
 383 0006 2C00     		.short	44
 384 0008 08       		.byte	8
 385 0009 000000   		.space	3
 386              		.section	.rodata.image_data_calibri_36pts_0x2d,"a"
 387              		.align	2
 390              	image_data_calibri_36pts_0x2d:
 391 0000 00000000 		.ascii	"\000\000\000\000\000\000\000\000\000\000\000\000\000"
 391      00000000 
 391      00000000 
 391      00
 392 000d 00000000 		.ascii	"\000\000\000\000\000\000\000\000\000\000\000\000\000"
 392      00000000 
 392      00000000 
 392      00
 393 001a 00000000 		.ascii	"\000\000\000\000\000\000\000\000\000\000\000\000\000"
 393      00000000 
 393      00000000 
 393      00
 394 0027 00000000 		.ascii	"\000\000\000\000\000\000\000\000\000\177\300\177\300"
 394      00000000 
 394      007FC07F 
 394      C0
 395 0034 00000000 		.ascii	"\000\000\000\000\000\000\000\000\000\000\000\000\000"
 395      00000000 
 395      00000000 
ARM GAS  C:\Users\upo\AppData\Local\Temp\cc5WYsNt.s 			page 13


 395      00
 396 0041 00000000 		.ascii	"\000\000\000\000\000\000\000\000\000\000\000\000\000"
 396      00000000 
 396      00000000 
 396      00
 397 004e 00000000 		.ascii	"\000\000\000\000\000\000\000\000\000\000"
 397      00000000 
 397      0000
 398              		.section	.rodata.calibri_36pts_0x2c,"a"
 399              		.align	2
 402              	calibri_36pts_0x2c:
 403 0000 00000000 		.word	image_data_calibri_36pts_0x2c
 404 0004 0900     		.short	9
 405 0006 2C00     		.short	44
 406 0008 08       		.byte	8
 407 0009 000000   		.space	3
 408              		.section	.rodata.image_data_calibri_36pts_0x2c,"a"
 409              		.align	2
 412              	image_data_calibri_36pts_0x2c:
 413 0000 00000000 		.ascii	"\000\000\000\000\000\000\000\000\000\000\000\000\000"
 413      00000000 
 413      00000000 
 413      00
 414 000d 00000000 		.ascii	"\000\000\000\000\000\000\000\000\000\000\000\000\000"
 414      00000000 
 414      00000000 
 414      00
 415 001a 00000000 		.ascii	"\000\000\000\000\000\000\000\000\000\000\000\000\000"
 415      00000000 
 415      00000000 
 415      00
 416 0027 00000000 		.ascii	"\000\000\000\000\000\000\000\000\000\000\000\000\000"
 416      00000000 
 416      00000000 
 416      00
 417 0034 00000000 		.ascii	"\000\000\000\000\000\000\000\000\034\000\036\000\034"
 417      00000000 
 417      1C001E00 
 417      1C
 418 0041 001C001C 		.ascii	"\000\034\000\034\0008\0000\000p\000`\000\000\000\000"
 418      00380030 
 418      00700060 
 418      00000000 
 419 0051 00000000 		.ascii	"\000\000\000\000\000\000\000"
 419      000000
 420              		.section	.rodata.calibri_36pts_0x2b,"a"
 421              		.align	2
 424              	calibri_36pts_0x2b:
 425 0000 00000000 		.word	image_data_calibri_36pts_0x2b
 426 0004 1200     		.short	18
 427 0006 2C00     		.short	44
 428 0008 08       		.byte	8
 429 0009 000000   		.space	3
 430              		.section	.rodata.image_data_calibri_36pts_0x2b,"a"
 431              		.align	2
 434              	image_data_calibri_36pts_0x2b:
 435 0000 00000000 		.ascii	"\000\000\000\000\000\000\000\000\000\000\000\000\000"
ARM GAS  C:\Users\upo\AppData\Local\Temp\cc5WYsNt.s 			page 14


 435      00000000 
 435      00000000 
 435      00
 436 000d 00000000 		.ascii	"\000\000\000\000\000\000\000\000\000\000\000\000\000"
 436      00000000 
 436      00000000 
 436      00
 437 001a 00000000 		.ascii	"\000\000\000\000\000\000\000\000\000\000\000\000\000"
 437      00000000 
 437      00000000 
 437      00
 438 0027 00000000 		.ascii	"\000\000\000\000\000\000\000\000\000\000\300\000\000"
 438      00000000 
 438      0000C000 
 438      00
 439 0034 C00000C0 		.ascii	"\300\000\000\300\000\000\300\000\000\300\000\000\300"
 439      0000C000 
 439      00C00000 
 439      C0
 440 0041 0000C000 		.ascii	"\000\000\300\000\177\377\200\177\377\200\000\300\000"
 440      7FFF807F 
 440      FF8000C0 
 440      00
 441 004e 00C00000 		.ascii	"\000\300\000\000\300\000\000\300\000\000\300\000\000"
 441      C00000C0 
 441      0000C000 
 441      00
 442 005b C00000C0 		.ascii	"\300\000\000\300\000\000\000\000\000\000\000\000\000"
 442      00000000 
 442      00000000 
 442      00
 443 0068 00000000 		.ascii	"\000\000\000\000\000\000\000\000\000\000\000\000\000"
 443      00000000 
 443      00000000 
 443      00
 444 0075 00000000 		.ascii	"\000\000\000\000\000\000\000\000\000\000\000\000\000"
 444      00000000 
 444      00000000 
 444      00
 445 0082 0000     		.ascii	"\000\000"
 446              		.section	.rodata.calibri_36pts_0x2a,"a"
 447              		.align	2
 450              	calibri_36pts_0x2a:
 451 0000 00000000 		.word	image_data_calibri_36pts_0x2a
 452 0004 1200     		.short	18
 453 0006 2C00     		.short	44
 454 0008 08       		.byte	8
 455 0009 000000   		.space	3
 456              		.section	.rodata.image_data_calibri_36pts_0x2a,"a"
 457              		.align	2
 460              	image_data_calibri_36pts_0x2a:
 461 0000 00000000 		.ascii	"\000\000\000\000\000\000\000\000\000\000\000\000\000"
 461      00000000 
 461      00000000 
 461      00
 462 000d 00000000 		.ascii	"\000\000\000\000\000\000\000\000\000\000\000\000\000"
 462      00000000 
ARM GAS  C:\Users\upo\AppData\Local\Temp\cc5WYsNt.s 			page 15


 462      00000000 
 462      00
 463 001a 0000C000 		.ascii	"\000\000\300\000\000\300\000\000\304\000\034\316\000"
 463      00C00000 
 463      C4001CCE 
 463      00
 464 0027 1EDE0007 		.ascii	"\036\336\000\007\370\000\001\340\000\007\370\000\036"
 464      F80001E0 
 464      0007F800 
 464      1E
 465 0034 DE001CCE 		.ascii	"\336\000\034\316\000\000\304\000\000\300\000\000\300"
 465      0000C400 
 465      00C00000 
 465      C0
 466 0041 00000000 		.ascii	"\000\000\000\000\000\000\000\000\000\000\000\000\000"
 466      00000000 
 466      00000000 
 466      00
 467 004e 00000000 		.ascii	"\000\000\000\000\000\000\000\000\000\000\000\000\000"
 467      00000000 
 467      00000000 
 467      00
 468 005b 00000000 		.ascii	"\000\000\000\000\000\000\000\000\000\000\000\000\000"
 468      00000000 
 468      00000000 
 468      00
 469 0068 00000000 		.ascii	"\000\000\000\000\000\000\000\000\000\000\000\000\000"
 469      00000000 
 469      00000000 
 469      00
 470 0075 00000000 		.ascii	"\000\000\000\000\000\000\000\000\000\000\000\000\000"
 470      00000000 
 470      00000000 
 470      00
 471 0082 0000     		.ascii	"\000\000"
 472              		.section	.rodata.calibri_36pts_0x29,"a"
 473              		.align	2
 476              	calibri_36pts_0x29:
 477 0000 00000000 		.word	image_data_calibri_36pts_0x29
 478 0004 0B00     		.short	11
 479 0006 2C00     		.short	44
 480 0008 08       		.byte	8
 481 0009 000000   		.space	3
 482              		.section	.rodata.image_data_calibri_36pts_0x29,"a"
 483              		.align	2
 486              	image_data_calibri_36pts_0x29:
 487 0000 00000000 		.ascii	"\000\000\000\000\000\000\000\000\000\000\000\000\000"
 487      00000000 
 487      00000000 
 487      00
 488 000d 00000000 		.ascii	"\000\000\000\000\000\030\000\034\000\034\000\016\000"
 488      0018001C 
 488      001C000E 
 488      00
 489 001a 0E000E00 		.ascii	"\016\000\016\000\007\000\007\000\007\000\007\000\003"
 489      07000700 
 489      07000700 
ARM GAS  C:\Users\upo\AppData\Local\Temp\cc5WYsNt.s 			page 16


 489      03
 490 0027 80038003 		.ascii	"\200\003\200\003\200\003\200\003\200\003\200\003\200"
 490      80038003 
 490      80038003 
 490      80
 491 0034 03800380 		.ascii	"\003\200\003\200\003\200\003\200\007\000\007\000\007"
 491      03800380 
 491      07000700 
 491      07
 492 0041 0007000E 		.ascii	"\000\007\000\016\000\016\000\016\000\034\000\034\000"
 492      000E000E 
 492      001C001C 
 492      00
 493 004e 18000000 		.ascii	"\030\000\000\000\000\000\000\000\000\000"
 493      00000000 
 493      0000
 494              		.section	.rodata.calibri_36pts_0x28,"a"
 495              		.align	2
 498              	calibri_36pts_0x28:
 499 0000 00000000 		.word	image_data_calibri_36pts_0x28
 500 0004 0B00     		.short	11
 501 0006 2C00     		.short	44
 502 0008 08       		.byte	8
 503 0009 000000   		.space	3
 504              		.section	.rodata.image_data_calibri_36pts_0x28,"a"
 505              		.align	2
 508              	image_data_calibri_36pts_0x28:
 509 0000 00000000 		.ascii	"\000\000\000\000\000\000\000\000\000\000\000\000\000"
 509      00000000 
 509      00000000 
 509      00
 510 000d 00000000 		.ascii	"\000\000\000\000\000\003\000\007\000\007\000\016\000"
 510      00030007 
 510      0007000E 
 510      00
 511 001a 0E000E00 		.ascii	"\016\000\016\000\034\000\034\000\034\000\034\0008\000"
 511      1C001C00 
 511      1C001C00 
 511      3800
 512 0028 38003800 		.ascii	"8\0008\0008\0008\0008\0008\0008\0008\0008\0008\000\034"
 512      38003800 
 512      38003800 
 512      38003800 
 512      38003800 
 513 003d 001C001C 		.ascii	"\000\034\000\034\000\034\000\016\000\016\000\016\000"
 513      001C000E 
 513      000E000E 
 513      00
 514 004a 07000700 		.ascii	"\007\000\007\000\003\000\000\000\000\000\000\000\000"
 514      03000000 
 514      00000000 
 514      00
 515 0057 00       		.ascii	"\000"
 516              		.section	.rodata.calibri_36pts_0x27,"a"
 517              		.align	2
 520              	calibri_36pts_0x27:
 521 0000 00000000 		.word	image_data_calibri_36pts_0x27
ARM GAS  C:\Users\upo\AppData\Local\Temp\cc5WYsNt.s 			page 17


 522 0004 0800     		.short	8
 523 0006 2C00     		.short	44
 524 0008 08       		.byte	8
 525 0009 000000   		.space	3
 526              		.section	.rodata.image_data_calibri_36pts_0x27,"a"
 527              		.align	2
 530              	image_data_calibri_36pts_0x27:
 531 0000 00000000 		.ascii	"\000\000\000\000\000\000\000\000\000\00088\030\030\030"
 531      00000000 
 531      00003838 
 531      181818
 532 000f 18181818 		.ascii	"\030\030\030\030\000\000\000\000\000\000\000\000\000"
 532      00000000 
 532      00000000 
 532      00
 533 001c 00000000 		.ascii	"\000\000\000\000\000\000\000\000\000\000\000\000\000"
 533      00000000 
 533      00000000 
 533      00
 534 0029 000000   		.ascii	"\000\000\000"
 535              		.section	.rodata.calibri_36pts_0x26,"a"
 536              		.align	2
 539              	calibri_36pts_0x26:
 540 0000 00000000 		.word	image_data_calibri_36pts_0x26
 541 0004 1900     		.short	25
 542 0006 2C00     		.short	44
 543 0008 08       		.byte	8
 544 0009 000000   		.space	3
 545              		.section	.rodata.image_data_calibri_36pts_0x26,"a"
 546              		.align	2
 549              	image_data_calibri_36pts_0x26:
 550 0000 00000000 		.ascii	"\000\000\000\000\000\000\000\000\000\000\000\000\000"
 550      00000000 
 550      00000000 
 550      00
 551 000d 00000000 		.ascii	"\000\000\000\000\000\000\000\000\000\000\000\000\000"
 551      00000000 
 551      00000000 
 551      00
 552 001a 00000000 		.ascii	"\000\000\000\000\000\000\000\000\000\000\000\000\000"
 552      00000000 
 552      00000000 
 552      00
 553 0027 0001FC00 		.ascii	"\000\001\374\000\000\003\377\000\000\007\007\000\000"
 553      0003FF00 
 553      00070700 
 553      00
 554 0034 0E038000 		.ascii	"\016\003\200\000\016\003\200\000\016\003\200\000\016"
 554      0E038000 
 554      0E038000 
 554      0E
 555 0041 0780000F 		.ascii	"\007\200\000\017\017\000\000\007\036\000\000\003\274"
 555      0F000007 
 555      1E000003 
 555      BC
 556 004e 000003F8 		.ascii	"\000\000\003\370\000\000\003\3408\000\007\3608\000\016"
 556      000003E0 
ARM GAS  C:\Users\upo\AppData\Local\Temp\cc5WYsNt.s 			page 18


 556      380007F0 
 556      38000E
 557 005d 7838001C 		.ascii	"x8\000\03488\000<<8\0008\037p\0008\017\360\0008\003"
 557      3838003C 
 557      3C380038 
 557      1F700038 
 557      0FF00038 
 558 0072 E0003801 		.ascii	"\340\0008\001\340\000\034\003\360\000\036\017\370\000"
 558      E0001C03 
 558      F0001E0F 
 558      F800
 559 0080 0FFE3E00 		.ascii	"\017\376>\000\003\370\016\000\000\000\000\000\000\000"
 559      03F80E00 
 559      00000000 
 559      0000
 560 008e 00000000 		.ascii	"\000\000\000\000\000\000\000\000\000\000\000\000\000"
 560      00000000 
 560      00000000 
 560      00
 561 009b 00000000 		.ascii	"\000\000\000\000\000\000\000\000\000\000\000\000\000"
 561      00000000 
 561      00000000 
 561      00
 562 00a8 00000000 		.ascii	"\000\000\000\000\000\000\000\000"
 562      00000000 
 563              		.section	.rodata.calibri_36pts_0x25,"a"
 564              		.align	2
 567              	calibri_36pts_0x25:
 568 0000 00000000 		.word	image_data_calibri_36pts_0x25
 569 0004 1A00     		.short	26
 570 0006 2C00     		.short	44
 571 0008 08       		.byte	8
 572 0009 000000   		.space	3
 573              		.section	.rodata.image_data_calibri_36pts_0x25,"a"
 574              		.align	2
 577              	image_data_calibri_36pts_0x25:
 578 0000 00000000 		.ascii	"\000\000\000\000\000\000\000\000\000\000\000\000\000"
 578      00000000 
 578      00000000 
 578      00
 579 000d 00000000 		.ascii	"\000\000\000\000\000\000\000\000\000\000\000\000\000"
 579      00000000 
 579      00000000 
 579      00
 580 001a 00000000 		.ascii	"\000\000\000\000\000\000\000\000\000\000\000\000\000"
 580      00000000 
 580      00000000 
 580      00
 581 0027 00000000 		.ascii	"\000\000\000\000\000\000\000\034\000\017\200\030\000"
 581      0000001C 
 581      000F8018 
 581      00
 582 0034 3FC03800 		.ascii	"?\3008\0000\300p\000p\340`\000p\340\340\000`a\300\000"
 582      30C07000 
 582      70E06000 
 582      70E0E000 
 582      6061C000 
ARM GAS  C:\Users\upo\AppData\Local\Temp\cc5WYsNt.s 			page 19


 583 0048 70618000 		.ascii	"pa\200\000p\343\200\0000\307\000\000?\306\000\000\037"
 583      70E38000 
 583      30C70000 
 583      3FC60000 
 583      1F
 584 0059 0E000000 		.ascii	"\016\000\000\000\034>\000\000\030\377\000\0008\303\000"
 584      1C3E0000 
 584      18FF0000 
 584      38C300
 585 0068 0071C380 		.ascii	"\000q\303\200\000a\303\200\000\341\201\200\001\301\301"
 585      0061C380 
 585      00E18180 
 585      01C1C1
 586 0077 800181C3 		.ascii	"\200\001\201\303\200\003\200\303\000\007\000\377\000"
 586      800380C3 
 586      000700FF 
 586      00
 587 0084 06007C00 		.ascii	"\006\000|\000\016\000\000\000\000\000\000\000\000\000"
 587      0E000000 
 587      00000000 
 587      0000
 588 0092 00000000 		.ascii	"\000\000\000\000\000\000\000\000\000\000\000\000\000"
 588      00000000 
 588      00000000 
 588      00
 589 009f 00000000 		.ascii	"\000\000\000\000\000\000\000\000\000\000\000\000\000"
 589      00000000 
 589      00000000 
 589      00
 590 00ac 00000000 		.ascii	"\000\000\000\000"
 591              		.section	.rodata.calibri_36pts_0x24,"a"
 592              		.align	2
 595              	calibri_36pts_0x24:
 596 0000 00000000 		.word	image_data_calibri_36pts_0x24
 597 0004 1200     		.short	18
 598 0006 2C00     		.short	44
 599 0008 08       		.byte	8
 600 0009 000000   		.space	3
 601              		.section	.rodata.image_data_calibri_36pts_0x24,"a"
 602              		.align	2
 605              	image_data_calibri_36pts_0x24:
 606 0000 00000000 		.ascii	"\000\000\000\000\000\000\000\000\000\000\000\000\000"
 606      00000000 
 606      00000000 
 606      00
 607 000d 00000000 		.ascii	"\000\000\000\000\000\000\000\000\000`\000\000`\000\000"
 607      00000000 
 607      00600000 
 607      600000
 608 001c 60000060 		.ascii	"`\000\000`\000\003\370\000\017\376\000\036\006\000\034"
 608      0003F800 
 608      0FFE001E 
 608      06001C
 609 002b 00003800 		.ascii	"\000\0008\000\0008\000\0008\000\000<\000\000\036\000"
 609      00380000 
 609      3800003C 
 609      00001E00 
ARM GAS  C:\Users\upo\AppData\Local\Temp\cc5WYsNt.s 			page 20


 610 003b 001F8000 		.ascii	"\000\037\200\000\017\340\000\003\370\000\000\376\000"
 610      0FE00003 
 610      F80000FE 
 610      00
 611 0048 001F0000 		.ascii	"\000\037\000\000\017\000\000\007\000\000\007\000\000"
 611      0F000007 
 611      00000700 
 611      00
 612 0055 07000007 		.ascii	"\007\000\000\007\000 \016\0008\036\000?\374\000\017"
 612      00200E00 
 612      381E003F 
 612      FC000F
 613 0064 E0000380 		.ascii	"\340\000\003\200\000\003\000\000\003\000\000\003\000"
 613      00030000 
 613      03000003 
 613      00
 614 0071 00000000 		.ascii	"\000\000\000\000\000\000\000\000\000\000\000\000\000"
 614      00000000 
 614      00000000 
 614      00
 615 007e 00000000 		.ascii	"\000\000\000\000\000\000"
 615      0000
 616              		.section	.rodata.calibri_36pts_0x23,"a"
 617              		.align	2
 620              	calibri_36pts_0x23:
 621 0000 00000000 		.word	image_data_calibri_36pts_0x23
 622 0004 1200     		.short	18
 623 0006 2C00     		.short	44
 624 0008 08       		.byte	8
 625 0009 000000   		.space	3
 626              		.section	.rodata.image_data_calibri_36pts_0x23,"a"
 627              		.align	2
 630              	image_data_calibri_36pts_0x23:
 631 0000 00000000 		.ascii	"\000\000\000\000\000\000\000\000\000\000\000\000\000"
 631      00000000 
 631      00000000 
 631      00
 632 000d 00000000 		.ascii	"\000\000\000\000\000\000\000\000\000\000\000\000\000"
 632      00000000 
 632      00000000 
 632      00
 633 001a 00000000 		.ascii	"\000\000\000\000\000\000\000\007\006\000\007\006\000"
 633      00000007 
 633      06000706 
 633      00
 634 0027 070E0007 		.ascii	"\007\016\000\007\016\000\006\016\000\006\016\000?\377"
 634      0E00060E 
 634      00060E00 
 634      3FFF
 635 0035 803FFF80 		.ascii	"\200?\377\200\016\014\000\016\014\000\016\034\000\014"
 635      0E0C000E 
 635      0C000E1C 
 635      000C
 636 0043 1C000C1C 		.ascii	"\034\000\014\034\000\014\034\000\177\377\000\177\377"
 636      000C1C00 
 636      7FFF007F 
 636      FF
ARM GAS  C:\Users\upo\AppData\Local\Temp\cc5WYsNt.s 			page 21


 637 0050 001C1800 		.ascii	"\000\034\030\000\034\030\000\0348\000\0308\000\0308"
 637      1C18001C 
 637      38001838 
 637      001838
 638 005f 00183800 		.ascii	"\000\0308\000\0308\000\000\000\000\000\000\000\000\000"
 638      18380000 
 638      00000000 
 638      000000
 639 006e 00000000 		.ascii	"\000\000\000\000\000\000\000\000\000\000\000\000\000"
 639      00000000 
 639      00000000 
 639      00
 640 007b 00000000 		.ascii	"\000\000\000\000\000\000\000\000\000"
 640      00000000 
 640      00
 641              		.section	.rodata.calibri_36pts_0x22,"a"
 642              		.align	2
 645              	calibri_36pts_0x22:
 646 0000 00000000 		.word	image_data_calibri_36pts_0x22
 647 0004 0E00     		.short	14
 648 0006 2C00     		.short	44
 649 0008 08       		.byte	8
 650 0009 000000   		.space	3
 651              		.section	.rodata.image_data_calibri_36pts_0x22,"a"
 652              		.align	2
 655              	image_data_calibri_36pts_0x22:
 656 0000 00000000 		.ascii	"\000\000\000\000\000\000\000\000\000\000\000\000\000"
 656      00000000 
 656      00000000 
 656      00
 657 000d 00000000 		.ascii	"\000\000\000\000\000\000\0008p8p\030p\030p\030`\030"
 657      00000038 
 657      70387018 
 657      70187018 
 657      6018
 658 001f 60186018 		.ascii	"`\030`\030`\030`\000\000\000\000\000\000\000\000\000"
 658      60186000 
 658      00000000 
 658      00000000 
 659 002f 00000000 		.ascii	"\000\000\000\000\000\000\000\000\000\000\000\000\000"
 659      00000000 
 659      00000000 
 659      00
 660 003c 00000000 		.ascii	"\000\000\000\000\000\000\000\000\000\000\000\000\000"
 660      00000000 
 660      00000000 
 660      00
 661 0049 00000000 		.ascii	"\000\000\000\000\000\000\000\000\000\000\000\000\000"
 661      00000000 
 661      00000000 
 661      00
 662 0056 0000     		.ascii	"\000\000"
 663              		.section	.rodata.calibri_36pts_0x21,"a"
 664              		.align	2
 667              	calibri_36pts_0x21:
 668 0000 00000000 		.word	image_data_calibri_36pts_0x21
 669 0004 0C00     		.short	12
ARM GAS  C:\Users\upo\AppData\Local\Temp\cc5WYsNt.s 			page 22


 670 0006 2C00     		.short	44
 671 0008 08       		.byte	8
 672 0009 000000   		.space	3
 673              		.section	.rodata.image_data_calibri_36pts_0x21,"a"
 674              		.align	2
 677              	image_data_calibri_36pts_0x21:
 678 0000 00000000 		.ascii	"\000\000\000\000\000\000\000\000\000\000\000\000\000"
 678      00000000 
 678      00000000 
 678      00
 679 000d 00000000 		.ascii	"\000\000\000\000\000\000\000\007\000\007\000\007\000"
 679      00000007 
 679      00070007 
 679      00
 680 001a 07000700 		.ascii	"\007\000\007\000\007\000\007\000\007\000\007\000\007"
 680      07000700 
 680      07000700 
 680      07
 681 0027 00070007 		.ascii	"\000\007\000\007\000\007\000\007\000\007\000\007\000"
 681      00070007 
 681      00070007 
 681      00
 682 0034 07000700 		.ascii	"\007\000\007\000\000\000\000\000\007\000\007\000\007"
 682      00000000 
 682      07000700 
 682      07
 683 0041 00070000 		.ascii	"\000\007\000\000\000\000\000\000\000\000\000\000\000"
 683      00000000 
 683      00000000 
 683      00
 684 004e 00000000 		.ascii	"\000\000\000\000\000\000\000\000\000\000"
 684      00000000 
 684      0000
 685              		.section	.rodata.calibri_36pts_0x20,"a"
 686              		.align	2
 689              	calibri_36pts_0x20:
 690 0000 00000000 		.word	image_data_calibri_36pts_0x20
 691 0004 0800     		.short	8
 692 0006 2C00     		.short	44
 693 0008 08       		.byte	8
 694 0009 000000   		.space	3
 695              		.section	.rodata.image_data_calibri_36pts_0x20,"a"
 696              		.align	2
 699              	image_data_calibri_36pts_0x20:
 700 0000 00000000 		.space	44
 700      00000000 
 700      00000000 
 700      00000000 
 700      00000000 
 701              		.text
 702              	.Letext0:
 703              		.file 2 "C:\\ST\\STM32CubeCLT_1.15.0\\GNU-tools-for-STM32\\bin/../lib/gcc/arm-none-eabi/12.3.1/../
 704              		.file 3 "C:\\ST\\STM32CubeCLT_1.15.0\\GNU-tools-for-STM32\\bin/../lib/gcc/arm-none-eabi/12.3.1/../
 705              		.file 4 "User/e-Paper/fonts.h"
ARM GAS  C:\Users\upo\AppData\Local\Temp\cc5WYsNt.s 			page 23


DEFINED SYMBOLS
                            *ABS*:00000000 calibri_36pts.c
C:\Users\upo\AppData\Local\Temp\cc5WYsNt.s:23     .data.calibri_36pts:00000000 calibri_36pts
C:\Users\upo\AppData\Local\Temp\cc5WYsNt.s:20     .data.calibri_36pts:00000000 $d
C:\Users\upo\AppData\Local\Temp\cc5WYsNt.s:30     .rodata.calibri_36pts_array:00000000 calibri_36pts_array
C:\Users\upo\AppData\Local\Temp\cc5WYsNt.s:27     .rodata.calibri_36pts_array:00000000 $d
C:\Users\upo\AppData\Local\Temp\cc5WYsNt.s:689    .rodata.calibri_36pts_0x20:00000000 calibri_36pts_0x20
C:\Users\upo\AppData\Local\Temp\cc5WYsNt.s:667    .rodata.calibri_36pts_0x21:00000000 calibri_36pts_0x21
C:\Users\upo\AppData\Local\Temp\cc5WYsNt.s:645    .rodata.calibri_36pts_0x22:00000000 calibri_36pts_0x22
C:\Users\upo\AppData\Local\Temp\cc5WYsNt.s:620    .rodata.calibri_36pts_0x23:00000000 calibri_36pts_0x23
C:\Users\upo\AppData\Local\Temp\cc5WYsNt.s:595    .rodata.calibri_36pts_0x24:00000000 calibri_36pts_0x24
C:\Users\upo\AppData\Local\Temp\cc5WYsNt.s:567    .rodata.calibri_36pts_0x25:00000000 calibri_36pts_0x25
C:\Users\upo\AppData\Local\Temp\cc5WYsNt.s:539    .rodata.calibri_36pts_0x26:00000000 calibri_36pts_0x26
C:\Users\upo\AppData\Local\Temp\cc5WYsNt.s:520    .rodata.calibri_36pts_0x27:00000000 calibri_36pts_0x27
C:\Users\upo\AppData\Local\Temp\cc5WYsNt.s:498    .rodata.calibri_36pts_0x28:00000000 calibri_36pts_0x28
C:\Users\upo\AppData\Local\Temp\cc5WYsNt.s:476    .rodata.calibri_36pts_0x29:00000000 calibri_36pts_0x29
C:\Users\upo\AppData\Local\Temp\cc5WYsNt.s:450    .rodata.calibri_36pts_0x2a:00000000 calibri_36pts_0x2a
C:\Users\upo\AppData\Local\Temp\cc5WYsNt.s:424    .rodata.calibri_36pts_0x2b:00000000 calibri_36pts_0x2b
C:\Users\upo\AppData\Local\Temp\cc5WYsNt.s:402    .rodata.calibri_36pts_0x2c:00000000 calibri_36pts_0x2c
C:\Users\upo\AppData\Local\Temp\cc5WYsNt.s:380    .rodata.calibri_36pts_0x2d:00000000 calibri_36pts_0x2d
C:\Users\upo\AppData\Local\Temp\cc5WYsNt.s:358    .rodata.calibri_36pts_0x2e:00000000 calibri_36pts_0x2e
C:\Users\upo\AppData\Local\Temp\cc5WYsNt.s:336    .rodata.calibri_36pts_0x2f:00000000 calibri_36pts_0x2f
C:\Users\upo\AppData\Local\Temp\cc5WYsNt.s:311    .rodata.calibri_36pts_0x30:00000000 calibri_36pts_0x30
C:\Users\upo\AppData\Local\Temp\cc5WYsNt.s:287    .rodata.calibri_36pts_0x31:00000000 calibri_36pts_0x31
C:\Users\upo\AppData\Local\Temp\cc5WYsNt.s:262    .rodata.calibri_36pts_0x32:00000000 calibri_36pts_0x32
C:\Users\upo\AppData\Local\Temp\cc5WYsNt.s:237    .rodata.calibri_36pts_0x33:00000000 calibri_36pts_0x33
C:\Users\upo\AppData\Local\Temp\cc5WYsNt.s:212    .rodata.calibri_36pts_0x34:00000000 calibri_36pts_0x34
C:\Users\upo\AppData\Local\Temp\cc5WYsNt.s:187    .rodata.calibri_36pts_0x35:00000000 calibri_36pts_0x35
C:\Users\upo\AppData\Local\Temp\cc5WYsNt.s:162    .rodata.calibri_36pts_0x36:00000000 calibri_36pts_0x36
C:\Users\upo\AppData\Local\Temp\cc5WYsNt.s:137    .rodata.calibri_36pts_0x37:00000000 calibri_36pts_0x37
C:\Users\upo\AppData\Local\Temp\cc5WYsNt.s:112    .rodata.calibri_36pts_0x38:00000000 calibri_36pts_0x38
C:\Users\upo\AppData\Local\Temp\cc5WYsNt.s:87     .rodata.calibri_36pts_0x39:00000000 calibri_36pts_0x39
C:\Users\upo\AppData\Local\Temp\cc5WYsNt.s:84     .rodata.calibri_36pts_0x39:00000000 $d
C:\Users\upo\AppData\Local\Temp\cc5WYsNt.s:97     .rodata.image_data_calibri_36pts_0x39:00000000 image_data_calibri_36pts_0x39
C:\Users\upo\AppData\Local\Temp\cc5WYsNt.s:94     .rodata.image_data_calibri_36pts_0x39:00000000 $d
C:\Users\upo\AppData\Local\Temp\cc5WYsNt.s:109    .rodata.calibri_36pts_0x38:00000000 $d
C:\Users\upo\AppData\Local\Temp\cc5WYsNt.s:122    .rodata.image_data_calibri_36pts_0x38:00000000 image_data_calibri_36pts_0x38
C:\Users\upo\AppData\Local\Temp\cc5WYsNt.s:119    .rodata.image_data_calibri_36pts_0x38:00000000 $d
C:\Users\upo\AppData\Local\Temp\cc5WYsNt.s:134    .rodata.calibri_36pts_0x37:00000000 $d
C:\Users\upo\AppData\Local\Temp\cc5WYsNt.s:147    .rodata.image_data_calibri_36pts_0x37:00000000 image_data_calibri_36pts_0x37
C:\Users\upo\AppData\Local\Temp\cc5WYsNt.s:144    .rodata.image_data_calibri_36pts_0x37:00000000 $d
C:\Users\upo\AppData\Local\Temp\cc5WYsNt.s:159    .rodata.calibri_36pts_0x36:00000000 $d
C:\Users\upo\AppData\Local\Temp\cc5WYsNt.s:172    .rodata.image_data_calibri_36pts_0x36:00000000 image_data_calibri_36pts_0x36
C:\Users\upo\AppData\Local\Temp\cc5WYsNt.s:169    .rodata.image_data_calibri_36pts_0x36:00000000 $d
C:\Users\upo\AppData\Local\Temp\cc5WYsNt.s:184    .rodata.calibri_36pts_0x35:00000000 $d
C:\Users\upo\AppData\Local\Temp\cc5WYsNt.s:197    .rodata.image_data_calibri_36pts_0x35:00000000 image_data_calibri_36pts_0x35
C:\Users\upo\AppData\Local\Temp\cc5WYsNt.s:194    .rodata.image_data_calibri_36pts_0x35:00000000 $d
C:\Users\upo\AppData\Local\Temp\cc5WYsNt.s:209    .rodata.calibri_36pts_0x34:00000000 $d
C:\Users\upo\AppData\Local\Temp\cc5WYsNt.s:222    .rodata.image_data_calibri_36pts_0x34:00000000 image_data_calibri_36pts_0x34
C:\Users\upo\AppData\Local\Temp\cc5WYsNt.s:219    .rodata.image_data_calibri_36pts_0x34:00000000 $d
C:\Users\upo\AppData\Local\Temp\cc5WYsNt.s:234    .rodata.calibri_36pts_0x33:00000000 $d
C:\Users\upo\AppData\Local\Temp\cc5WYsNt.s:247    .rodata.image_data_calibri_36pts_0x33:00000000 image_data_calibri_36pts_0x33
C:\Users\upo\AppData\Local\Temp\cc5WYsNt.s:244    .rodata.image_data_calibri_36pts_0x33:00000000 $d
C:\Users\upo\AppData\Local\Temp\cc5WYsNt.s:259    .rodata.calibri_36pts_0x32:00000000 $d
C:\Users\upo\AppData\Local\Temp\cc5WYsNt.s:272    .rodata.image_data_calibri_36pts_0x32:00000000 image_data_calibri_36pts_0x32
C:\Users\upo\AppData\Local\Temp\cc5WYsNt.s:269    .rodata.image_data_calibri_36pts_0x32:00000000 $d
C:\Users\upo\AppData\Local\Temp\cc5WYsNt.s:284    .rodata.calibri_36pts_0x31:00000000 $d
ARM GAS  C:\Users\upo\AppData\Local\Temp\cc5WYsNt.s 			page 24


C:\Users\upo\AppData\Local\Temp\cc5WYsNt.s:297    .rodata.image_data_calibri_36pts_0x31:00000000 image_data_calibri_36pts_0x31
C:\Users\upo\AppData\Local\Temp\cc5WYsNt.s:294    .rodata.image_data_calibri_36pts_0x31:00000000 $d
C:\Users\upo\AppData\Local\Temp\cc5WYsNt.s:308    .rodata.calibri_36pts_0x30:00000000 $d
C:\Users\upo\AppData\Local\Temp\cc5WYsNt.s:321    .rodata.image_data_calibri_36pts_0x30:00000000 image_data_calibri_36pts_0x30
C:\Users\upo\AppData\Local\Temp\cc5WYsNt.s:318    .rodata.image_data_calibri_36pts_0x30:00000000 $d
C:\Users\upo\AppData\Local\Temp\cc5WYsNt.s:333    .rodata.calibri_36pts_0x2f:00000000 $d
C:\Users\upo\AppData\Local\Temp\cc5WYsNt.s:346    .rodata.image_data_calibri_36pts_0x2f:00000000 image_data_calibri_36pts_0x2f
C:\Users\upo\AppData\Local\Temp\cc5WYsNt.s:343    .rodata.image_data_calibri_36pts_0x2f:00000000 $d
C:\Users\upo\AppData\Local\Temp\cc5WYsNt.s:355    .rodata.calibri_36pts_0x2e:00000000 $d
C:\Users\upo\AppData\Local\Temp\cc5WYsNt.s:368    .rodata.image_data_calibri_36pts_0x2e:00000000 image_data_calibri_36pts_0x2e
C:\Users\upo\AppData\Local\Temp\cc5WYsNt.s:365    .rodata.image_data_calibri_36pts_0x2e:00000000 $d
C:\Users\upo\AppData\Local\Temp\cc5WYsNt.s:377    .rodata.calibri_36pts_0x2d:00000000 $d
C:\Users\upo\AppData\Local\Temp\cc5WYsNt.s:390    .rodata.image_data_calibri_36pts_0x2d:00000000 image_data_calibri_36pts_0x2d
C:\Users\upo\AppData\Local\Temp\cc5WYsNt.s:387    .rodata.image_data_calibri_36pts_0x2d:00000000 $d
C:\Users\upo\AppData\Local\Temp\cc5WYsNt.s:399    .rodata.calibri_36pts_0x2c:00000000 $d
C:\Users\upo\AppData\Local\Temp\cc5WYsNt.s:412    .rodata.image_data_calibri_36pts_0x2c:00000000 image_data_calibri_36pts_0x2c
C:\Users\upo\AppData\Local\Temp\cc5WYsNt.s:409    .rodata.image_data_calibri_36pts_0x2c:00000000 $d
C:\Users\upo\AppData\Local\Temp\cc5WYsNt.s:421    .rodata.calibri_36pts_0x2b:00000000 $d
C:\Users\upo\AppData\Local\Temp\cc5WYsNt.s:434    .rodata.image_data_calibri_36pts_0x2b:00000000 image_data_calibri_36pts_0x2b
C:\Users\upo\AppData\Local\Temp\cc5WYsNt.s:431    .rodata.image_data_calibri_36pts_0x2b:00000000 $d
C:\Users\upo\AppData\Local\Temp\cc5WYsNt.s:447    .rodata.calibri_36pts_0x2a:00000000 $d
C:\Users\upo\AppData\Local\Temp\cc5WYsNt.s:460    .rodata.image_data_calibri_36pts_0x2a:00000000 image_data_calibri_36pts_0x2a
C:\Users\upo\AppData\Local\Temp\cc5WYsNt.s:457    .rodata.image_data_calibri_36pts_0x2a:00000000 $d
C:\Users\upo\AppData\Local\Temp\cc5WYsNt.s:473    .rodata.calibri_36pts_0x29:00000000 $d
C:\Users\upo\AppData\Local\Temp\cc5WYsNt.s:486    .rodata.image_data_calibri_36pts_0x29:00000000 image_data_calibri_36pts_0x29
C:\Users\upo\AppData\Local\Temp\cc5WYsNt.s:483    .rodata.image_data_calibri_36pts_0x29:00000000 $d
C:\Users\upo\AppData\Local\Temp\cc5WYsNt.s:495    .rodata.calibri_36pts_0x28:00000000 $d
C:\Users\upo\AppData\Local\Temp\cc5WYsNt.s:508    .rodata.image_data_calibri_36pts_0x28:00000000 image_data_calibri_36pts_0x28
C:\Users\upo\AppData\Local\Temp\cc5WYsNt.s:505    .rodata.image_data_calibri_36pts_0x28:00000000 $d
C:\Users\upo\AppData\Local\Temp\cc5WYsNt.s:517    .rodata.calibri_36pts_0x27:00000000 $d
C:\Users\upo\AppData\Local\Temp\cc5WYsNt.s:530    .rodata.image_data_calibri_36pts_0x27:00000000 image_data_calibri_36pts_0x27
C:\Users\upo\AppData\Local\Temp\cc5WYsNt.s:527    .rodata.image_data_calibri_36pts_0x27:00000000 $d
C:\Users\upo\AppData\Local\Temp\cc5WYsNt.s:536    .rodata.calibri_36pts_0x26:00000000 $d
C:\Users\upo\AppData\Local\Temp\cc5WYsNt.s:549    .rodata.image_data_calibri_36pts_0x26:00000000 image_data_calibri_36pts_0x26
C:\Users\upo\AppData\Local\Temp\cc5WYsNt.s:546    .rodata.image_data_calibri_36pts_0x26:00000000 $d
C:\Users\upo\AppData\Local\Temp\cc5WYsNt.s:564    .rodata.calibri_36pts_0x25:00000000 $d
C:\Users\upo\AppData\Local\Temp\cc5WYsNt.s:577    .rodata.image_data_calibri_36pts_0x25:00000000 image_data_calibri_36pts_0x25
C:\Users\upo\AppData\Local\Temp\cc5WYsNt.s:574    .rodata.image_data_calibri_36pts_0x25:00000000 $d
C:\Users\upo\AppData\Local\Temp\cc5WYsNt.s:592    .rodata.calibri_36pts_0x24:00000000 $d
C:\Users\upo\AppData\Local\Temp\cc5WYsNt.s:605    .rodata.image_data_calibri_36pts_0x24:00000000 image_data_calibri_36pts_0x24
C:\Users\upo\AppData\Local\Temp\cc5WYsNt.s:602    .rodata.image_data_calibri_36pts_0x24:00000000 $d
C:\Users\upo\AppData\Local\Temp\cc5WYsNt.s:617    .rodata.calibri_36pts_0x23:00000000 $d
C:\Users\upo\AppData\Local\Temp\cc5WYsNt.s:630    .rodata.image_data_calibri_36pts_0x23:00000000 image_data_calibri_36pts_0x23
C:\Users\upo\AppData\Local\Temp\cc5WYsNt.s:627    .rodata.image_data_calibri_36pts_0x23:00000000 $d
C:\Users\upo\AppData\Local\Temp\cc5WYsNt.s:642    .rodata.calibri_36pts_0x22:00000000 $d
C:\Users\upo\AppData\Local\Temp\cc5WYsNt.s:655    .rodata.image_data_calibri_36pts_0x22:00000000 image_data_calibri_36pts_0x22
C:\Users\upo\AppData\Local\Temp\cc5WYsNt.s:652    .rodata.image_data_calibri_36pts_0x22:00000000 $d
C:\Users\upo\AppData\Local\Temp\cc5WYsNt.s:664    .rodata.calibri_36pts_0x21:00000000 $d
C:\Users\upo\AppData\Local\Temp\cc5WYsNt.s:677    .rodata.image_data_calibri_36pts_0x21:00000000 image_data_calibri_36pts_0x21
C:\Users\upo\AppData\Local\Temp\cc5WYsNt.s:674    .rodata.image_data_calibri_36pts_0x21:00000000 $d
C:\Users\upo\AppData\Local\Temp\cc5WYsNt.s:686    .rodata.calibri_36pts_0x20:00000000 $d
C:\Users\upo\AppData\Local\Temp\cc5WYsNt.s:699    .rodata.image_data_calibri_36pts_0x20:00000000 image_data_calibri_36pts_0x20
C:\Users\upo\AppData\Local\Temp\cc5WYsNt.s:696    .rodata.image_data_calibri_36pts_0x20:00000000 $d

NO UNDEFINED SYMBOLS
