ARM GAS  C:\Users\upo\AppData\Local\Temp\ccQUPQg3.s 			page 1


   1              		.cpu cortex-m0plus
   2              		.arch armv6s-m
   3              		.fpu softvfp
   4              		.eabi_attribute 20, 1
   5              		.eabi_attribute 21, 1
   6              		.eabi_attribute 23, 3
   7              		.eabi_attribute 24, 1
   8              		.eabi_attribute 25, 1
   9              		.eabi_attribute 26, 1
  10              		.eabi_attribute 30, 2
  11              		.eabi_attribute 34, 0
  12              		.eabi_attribute 18, 4
  13              		.file	"font24.c"
  14              		.text
  15              	.Ltext0:
  16              		.cfi_sections	.debug_frame
  17              		.file 1 "User/e-Paper/font24.c"
  18              		.global	Font24
  19              		.section	.data.Font24,"aw"
  20              		.align	2
  23              	Font24:
  24 0000 00000000 		.word	Font24_Table
  25 0004 1100     		.short	17
  26 0006 1800     		.short	24
  27              		.global	Font24_Table
  28              		.section	.rodata.Font24_Table,"a"
  29              		.align	2
  32              	Font24_Table:
  33 0000 00000000 		.ascii	"\000\000\000\000\000\000\000\000\000\000\000\000\000"
  33      00000000 
  33      00000000 
  33      00
  34 000d 00000000 		.ascii	"\000\000\000\000\000\000\000\000\000\000\000\000\000"
  34      00000000 
  34      00000000 
  34      00
  35 001a 00000000 		.ascii	"\000\000\000\000\000\000\000\000\000\000\000\000\000"
  35      00000000 
  35      00000000 
  35      00
  36 0027 00000000 		.ascii	"\000\000\000\000\000\000\000\000\000\000\000\000\000"
  36      00000000 
  36      00000000 
  36      00
  37 0034 00000000 		.ascii	"\000\000\000\000\000\000\000\000\000\000\000\000\000"
  37      00000000 
  37      00000000 
  37      00
  38 0041 00000000 		.ascii	"\000\000\000\000\000\000\000\000\000\000\000\000\000"
  38      00000000 
  38      00000000 
  38      00
  39 004e 03800003 		.ascii	"\003\200\000\003\200\000\003\200\000\003\200\000\003"
  39      80000380 
  39      00038000 
  39      03
  40 005b 80000380 		.ascii	"\200\000\003\200\000\003\200\000\003\200\000\003\200"
ARM GAS  C:\Users\upo\AppData\Local\Temp\ccQUPQg3.s 			page 2


  40      00038000 
  40      03800003 
  40      80
  41 0068 00010000 		.ascii	"\000\001\000\000\001\000\000\000\000\000\000\000\000"
  41      01000000 
  41      00000000 
  41      00
  42 0075 03800003 		.ascii	"\003\200\000\003\200\000\000\000\000\000\000\000\000"
  42      80000000 
  42      00000000 
  42      00
  43 0082 00000000 		.ascii	"\000\000\000\000\000\000\000\000\000\000\000\000\000"
  43      00000000 
  43      00000000 
  43      00
  44 008f 00000000 		.ascii	"\000\000\000\000\000\000\000\000\000\000\016p\000\016"
  44      00000000 
  44      00000E70 
  44      000E
  45 009d 70000E70 		.ascii	"p\000\016p\000\004 \000\004 \000\004 \000\004 \000\000"
  45      00042000 
  45      04200004 
  45      20000420 
  45      0000
  46 00af 00000000 		.ascii	"\000\000\000\000\000\000\000\000\000\000\000\000\000"
  46      00000000 
  46      00000000 
  46      00
  47 00bc 00000000 		.ascii	"\000\000\000\000\000\000\000\000\000\000\000\000\000"
  47      00000000 
  47      00000000 
  47      00
  48 00c9 00000000 		.ascii	"\000\000\000\000\000\000\000\000\000\000\000\000\000"
  48      00000000 
  48      00000000 
  48      00
  49 00d6 00000000 		.ascii	"\000\000\000\000\000\000\000\000\006`\000\006`\000\006"
  49      00000000 
  49      06600006 
  49      600006
  50 00e5 60000660 		.ascii	"`\000\006`\000\006`\000?\370\000?\370\000\006`\000\014"
  50      00066000 
  50      3FF8003F 
  50      F8000660 
  50      000C
  51 00f7 C0003FF8 		.ascii	"\300\000?\370\000?\370\000\014\300\000\014\300\000\014"
  51      003FF800 
  51      0CC0000C 
  51      C0000C
  52 0106 C0000CC0 		.ascii	"\300\000\014\300\000\014\300\000\000\000\000\000\000"
  52      000CC000 
  52      00000000 
  52      00
  53 0113 00000000 		.ascii	"\000\000\000\000\000\000\000\000\000\000\000\000\000"
  53      00000000 
  53      00000000 
  53      00
ARM GAS  C:\Users\upo\AppData\Local\Temp\ccQUPQg3.s 			page 3


  54 0120 00000001 		.ascii	"\000\000\000\001\200\000\001\200\000\007\260\000\017"
  54      80000180 
  54      0007B000 
  54      0F
  55 012d F0001870 		.ascii	"\360\000\030p\000\030p\000\034\000\000\017\200\000\007"
  55      00187000 
  55      1C00000F 
  55      800007
  56 013c E00000F0 		.ascii	"\340\000\000\360\000\0300\000\0340\000\034p\000\037"
  56      00183000 
  56      1C30001C 
  56      70001F
  57 014b E0001BC0 		.ascii	"\340\000\033\300\000\001\200\000\001\200\000\001\200"
  57      00018000 
  57      01800001 
  57      80
  58 0158 00018000 		.ascii	"\000\001\200\000\000\000\000\000\000\000\000\000\000"
  58      00000000 
  58      00000000 
  58      00
  59 0165 00000000 		.ascii	"\000\000\000\000\000\000\000\000\000\007\200\000\017"
  59      00000000 
  59      00078000 
  59      0F
  60 0172 C0001CE0 		.ascii	"\300\000\034\340\000\030`\000\030`\000\034\340\000\017"
  60      00186000 
  60      1860001C 
  60      E0000F
  61 0181 F80007E0 		.ascii	"\370\000\007\340\000\037\360\000\0078\000\006\030\000"
  61      001FF000 
  61      07380006 
  61      1800
  62 018f 06180007 		.ascii	"\006\030\000\0078\000\003\360\000\001\340\000\000\000"
  62      380003F0 
  62      0001E000 
  62      0000
  63 019d 00000000 		.ascii	"\000\000\000\000\000\000\000\000\000\000\000\000\000"
  63      00000000 
  63      00000000 
  63      00
  64 01aa 00000000 		.ascii	"\000\000\000\000\000\000\000\000\000\000\000\000\000"
  64      00000000 
  64      00000000 
  64      00
  65 01b7 00000000 		.ascii	"\000\000\000\000\000\003\360\000\007\360\000\014`\000"
  65      0003F000 
  65      07F0000C 
  65      6000
  66 01c5 0C00000C 		.ascii	"\014\000\000\014\000\000\006\000\000\007\000\000\017"
  66      00000600 
  66      00070000 
  66      0F
  67 01d2 9C001DFC 		.ascii	"\234\000\035\374\000\030\360\000\030p\000\017\374\000"
  67      0018F000 
  67      1870000F 
  67      FC00
  68 01e0 07DC0000 		.ascii	"\007\334\000\000\000\000\000\000\000\000\000\000\000"
ARM GAS  C:\Users\upo\AppData\Local\Temp\ccQUPQg3.s 			page 4


  68      00000000 
  68      00000000 
  68      00
  69 01ed 00000000 		.ascii	"\000\000\000\000\000\000\000\000\000\000\000\000\000"
  69      00000000 
  69      00000000 
  69      00
  70 01fa 00000000 		.ascii	"\000\000\000\000\000\000\000\003\200\000\003\200\000"
  70      00000003 
  70      80000380 
  70      00
  71 0207 03800001 		.ascii	"\003\200\000\001\000\000\001\000\000\001\000\000\001"
  71      00000100 
  71      00010000 
  71      01
  72 0214 00000000 		.ascii	"\000\000\000\000\000\000\000\000\000\000\000\000\000"
  72      00000000 
  72      00000000 
  72      00
  73 0221 00000000 		.ascii	"\000\000\000\000\000\000\000\000\000\000\000\000\000"
  73      00000000 
  73      00000000 
  73      00
  74 022e 00000000 		.ascii	"\000\000\000\000\000\000\000\000\000\000\000\000\000"
  74      00000000 
  74      00000000 
  74      00
  75 023b 00000000 		.ascii	"\000\000\000\000\000\000\000\000\000\000\000\000\030"
  75      00000000 
  75      00000000 
  75      18
  76 0248 00003800 		.ascii	"\000\0008\000\000p\000\000\360\000\000\340\000\000\340"
  76      00700000 
  76      F00000E0 
  76      0000E0
  77 0257 0001C000 		.ascii	"\000\001\300\000\001\300\000\001\300\000\001\300\000"
  77      01C00001 
  77      C00001C0 
  77      00
  78 0264 01C00001 		.ascii	"\001\300\000\001\300\000\000\340\000\000\340\000\000"
  78      C00000E0 
  78      0000E000 
  78      00
  79 0271 70000070 		.ascii	"p\000\000p\000\0008\000\000\030\000\000\000\000\000"
  79      00003800 
  79      00180000 
  79      000000
  80 0280 00000000 		.ascii	"\000\000\000\000\000\000\000\000\000\000\000\000\000"
  80      00000000 
  80      00000000 
  80      00
  81 028d 00180000 		.ascii	"\000\030\000\000\034\000\000\016\000\000\016\000\000"
  81      1C00000E 
  81      00000E00 
  81      00
  82 029a 07000007 		.ascii	"\007\000\000\007\000\000\003\200\000\003\200\000\003"
  82      00000380 
ARM GAS  C:\Users\upo\AppData\Local\Temp\ccQUPQg3.s 			page 5


  82      00038000 
  82      03
  83 02a7 80000380 		.ascii	"\200\000\003\200\000\003\200\000\003\200\000\007\000"
  83      00038000 
  83      03800007 
  83      00
  84 02b4 00070000 		.ascii	"\000\007\000\000\017\000\000\016\000\000\034\000\000"
  84      0F00000E 
  84      00001C00 
  84      00
  85 02c1 18000000 		.ascii	"\030\000\000\000\000\000\000\000\000\000\000\000\000"
  85      00000000 
  85      00000000 
  85      00
  86 02ce 00000000 		.ascii	"\000\000\000\000\000\000\000\000\001\200\000\001\200"
  86      00000000 
  86      01800001 
  86      80
  87 02db 00018000 		.ascii	"\000\001\200\000\035\270\000\037\370\000\007\340\000"
  87      1DB8001F 
  87      F80007E0 
  87      00
  88 02e8 03C00003 		.ascii	"\003\300\000\003\300\000\006`\000\006`\000\000\000\000"
  88      C0000660 
  88      00066000 
  88      000000
  89 02f7 00000000 		.ascii	"\000\000\000\000\000\000\000\000\000\000\000\000\000"
  89      00000000 
  89      00000000 
  89      00
  90 0304 00000000 		.ascii	"\000\000\000\000\000\000\000\000\000\000\000\000\000"
  90      00000000 
  90      00000000 
  90      00
  91 0311 00000000 		.ascii	"\000\000\000\000\000\000\000\000\000\000\000\000\000"
  91      00000000 
  91      00000000 
  91      00
  92 031e 00000000 		.ascii	"\000\000\000\000\000\000\001\200\000\001\200\000\001"
  92      00000180 
  92      00018000 
  92      01
  93 032b 80000180 		.ascii	"\200\000\001\200\000\001\200\000?\374\000?\374\000\001"
  93      00018000 
  93      3FFC003F 
  93      FC0001
  94 033a 80000180 		.ascii	"\200\000\001\200\000\001\200\000\001\200\000\001\200"
  94      00018000 
  94      01800001 
  94      80
  95 0347 00000000 		.ascii	"\000\000\000\000\000\000\000\000\000\000\000\000\000"
  95      00000000 
  95      00000000 
  95      00
  96 0354 00000000 		.ascii	"\000\000\000\000\000\000\000\000\000\000\000\000\000"
  96      00000000 
  96      00000000 
ARM GAS  C:\Users\upo\AppData\Local\Temp\ccQUPQg3.s 			page 6


  96      00
  97 0361 00000000 		.ascii	"\000\000\000\000\000\000\000\000\000\000\000\000\000"
  97      00000000 
  97      00000000 
  97      00
  98 036e 00000000 		.ascii	"\000\000\000\000\000\000\000\000\000\000\000\000\000"
  98      00000000 
  98      00000000 
  98      00
  99 037b 00000000 		.ascii	"\000\000\000\000\000\000\000\000\000\000\000\000\000"
  99      00000000 
  99      00000000 
  99      00
 100 0388 000000E0 		.ascii	"\000\000\000\340\000\000\300\000\001\300\000\001\200"
 100      0000C000 
 100      01C00001 
 100      80
 101 0395 00018000 		.ascii	"\000\001\200\000\003\000\000\003\000\000\000\000\000"
 101      03000003 
 101      00000000 
 101      00
 102 03a2 00000000 		.ascii	"\000\000\000\000\000\000\000\000\000\000\000\000\000"
 102      00000000 
 102      00000000 
 102      00
 103 03af 00000000 		.ascii	"\000\000\000\000\000\000\000\000\000\000\000\000\000"
 103      00000000 
 103      00000000 
 103      00
 104 03bc 00000000 		.ascii	"\000\000\000\000\000\000\000\037\370\000\037\370\000"
 104      0000001F 
 104      F8001FF8 
 104      00
 105 03c9 00000000 		.ascii	"\000\000\000\000\000\000\000\000\000\000\000\000\000"
 105      00000000 
 105      00000000 
 105      00
 106 03d6 00000000 		.ascii	"\000\000\000\000\000\000\000\000\000\000\000\000\000"
 106      00000000 
 106      00000000 
 106      00
 107 03e3 00000000 		.ascii	"\000\000\000\000\000\000\000\000\000\000\000\000\000"
 107      00000000 
 107      00000000 
 107      00
 108 03f0 00000000 		.ascii	"\000\000\000\000\000\000\000\000\000\000\000\000\000"
 108      00000000 
 108      00000000 
 108      00
 109 03fd 00000000 		.ascii	"\000\000\000\000\000\000\000\000\000\000\000\000\000"
 109      00000000 
 109      00000000 
 109      00
 110 040a 00000000 		.ascii	"\000\000\000\000\000\000\000\000\000\000\000\000\000"
 110      00000000 
 110      00000000 
 110      00
ARM GAS  C:\Users\upo\AppData\Local\Temp\ccQUPQg3.s 			page 7


 111 0417 00000003 		.ascii	"\000\000\000\003\300\000\003\300\000\003\300\000\000"
 111      C00003C0 
 111      0003C000 
 111      00
 112 0424 00000000 		.ascii	"\000\000\000\000\000\000\000\000\000\000\000\000\000"
 112      00000000 
 112      00000000 
 112      00
 113 0431 00000000 		.ascii	"\000\000\000\000\000\000\000\000\030\000\000\030\000"
 113      00000000 
 113      18000018 
 113      00
 114 043e 00380000 		.ascii	"\0008\000\0000\000\000p\000\000`\000\000`\000\000\300"
 114      30000070 
 114      00006000 
 114      00600000 
 114      C0
 115 044f 0000C000 		.ascii	"\000\000\300\000\001\200\000\001\200\000\003\000\000"
 115      01800001 
 115      80000300 
 115      00
 116 045c 03000006 		.ascii	"\003\000\000\006\000\000\006\000\000\016\000\000\014"
 116      00000600 
 116      000E0000 
 116      0C
 117 0469 00001C00 		.ascii	"\000\000\034\000\000\030\000\000\030\000\000\000\000"
 117      00180000 
 117      18000000 
 117      00
 118 0476 00000000 		.ascii	"\000\000\000\000\000\000\000\000\000\000\000\000\000"
 118      00000000 
 118      00000000 
 118      00
 119 0483 00000003 		.ascii	"\000\000\000\003\300\000\007\340\000\0140\000\0140\000"
 119      C00007E0 
 119      000C3000 
 119      0C3000
 120 0492 18180018 		.ascii	"\030\030\000\030\030\000\030\030\000\030\030\000\030"
 120      18001818 
 120      00181800 
 120      18
 121 049f 18001818 		.ascii	"\030\000\030\030\000\030\030\000\0140\000\0140\000\007"
 121      00181800 
 121      0C30000C 
 121      300007
 122 04ae E00003C0 		.ascii	"\340\000\003\300\000\000\000\000\000\000\000\000\000"
 122      00000000 
 122      00000000 
 122      00
 123 04bb 00000000 		.ascii	"\000\000\000\000\000\000\000\000\000\000\000\000\000"
 123      00000000 
 123      00000000 
 123      00
 124 04c8 00000000 		.ascii	"\000\000\000\000\000\000\000\200\000\007\200\000\037"
 124      00000080 
 124      00078000 
 124      1F
ARM GAS  C:\Users\upo\AppData\Local\Temp\ccQUPQg3.s 			page 8


 125 04d5 80001D80 		.ascii	"\200\000\035\200\000\001\200\000\001\200\000\001\200"
 125      00018000 
 125      01800001 
 125      80
 126 04e2 00018000 		.ascii	"\000\001\200\000\001\200\000\001\200\000\001\200\000"
 126      01800001 
 126      80000180 
 126      00
 127 04ef 01800001 		.ascii	"\001\200\000\001\200\000\037\370\000\037\370\000\000"
 127      80001FF8 
 127      001FF800 
 127      00
 128 04fc 00000000 		.ascii	"\000\000\000\000\000\000\000\000\000\000\000\000\000"
 128      00000000 
 128      00000000 
 128      00
 129 0509 00000000 		.ascii	"\000\000\000\000\000\000\000\000\000\000\000\000\000"
 129      00000000 
 129      00000000 
 129      00
 130 0516 07C0001F 		.ascii	"\007\300\000\037\360\00080\0000\030\0000\030\000\000"
 130      F0003830 
 130      00301800 
 130      30180000 
 131 0526 18000030 		.ascii	"\030\000\0000\000\000`\000\001\300\000\003\200\000\006"
 131      00006000 
 131      01C00003 
 131      800006
 132 0535 00000C00 		.ascii	"\000\000\014\000\000\030\000\000?\370\000?\370\000\000"
 132      00180000 
 132      3FF8003F 
 132      F80000
 133 0544 00000000 		.ascii	"\000\000\000\000\000\000\000\000\000\000\000\000\000"
 133      00000000 
 133      00000000 
 133      00
 134 0551 00000000 		.ascii	"\000\000\000\000\000\000\000\000\000\000\000\000\000"
 134      00000000 
 134      00000000 
 134      00
 135 055e 03C0000F 		.ascii	"\003\300\000\017\340\000\014p\000\0000\000\0000\000"
 135      E0000C70 
 135      00003000 
 135      003000
 136 056d 00600003 		.ascii	"\000`\000\003\300\000\003\340\000\000p\000\000\030\000"
 136      C00003E0 
 136      00007000 
 136      001800
 137 057c 00180000 		.ascii	"\000\030\000\000\030\000\0308\000\037\360\000\017\300"
 137      18001838 
 137      001FF000 
 137      0FC0
 138 058a 00000000 		.ascii	"\000\000\000\000\000\000\000\000\000\000\000\000\000"
 138      00000000 
 138      00000000 
 138      00
 139 0597 00000000 		.ascii	"\000\000\000\000\000\000\000\000\000\000\000\000\000"
ARM GAS  C:\Users\upo\AppData\Local\Temp\ccQUPQg3.s 			page 9


 139      00000000 
 139      00000000 
 139      00
 140 05a4 000000E0 		.ascii	"\000\000\000\340\000\001\340\000\001\340\000\003`\000"
 140      0001E000 
 140      01E00003 
 140      6000
 141 05b2 06600006 		.ascii	"\006`\000\006`\000\014`\000\014`\000\030`\0000`\000"
 141      60000C60 
 141      000C6000 
 141      18600030 
 141      6000
 142 05c4 3FF8003F 		.ascii	"?\370\000?\370\000\000`\000\003\370\000\003\370\000"
 142      F8000060 
 142      0003F800 
 142      03F800
 143 05d3 00000000 		.ascii	"\000\000\000\000\000\000\000\000\000\000\000\000\000"
 143      00000000 
 143      00000000 
 143      00
 144 05e0 00000000 		.ascii	"\000\000\000\000\000\000\000\000\000\000\000\000\000"
 144      00000000 
 144      00000000 
 144      00
 145 05ed 001FF000 		.ascii	"\000\037\360\000\037\360\000\030\000\000\030\000\000"
 145      1FF00018 
 145      00001800 
 145      00
 146 05fa 1800001B 		.ascii	"\030\000\000\033\300\000\037\360\000\0340\000\000\030"
 146      C0001FF0 
 146      001C3000 
 146      0018
 147 0608 00001800 		.ascii	"\000\000\030\000\000\030\000\000\030\00000\000?\360"
 147      00180000 
 147      18003030 
 147      003FF0
 148 0617 000FC000 		.ascii	"\000\017\300\000\000\000\000\000\000\000\000\000\000"
 148      00000000 
 148      00000000 
 148      00
 149 0624 00000000 		.ascii	"\000\000\000\000\000\000\000\000\000\000\000\000\000"
 149      00000000 
 149      00000000 
 149      00
 150 0631 00000000 		.ascii	"\000\000\000\000\000\000\370\000\003\370\000\007\000"
 150      0000F800 
 150      03F80007 
 150      00
 151 063e 000E0000 		.ascii	"\000\016\000\000\014\000\000\030\000\000\033\300\000"
 151      0C000018 
 151      00001BC0 
 151      00
 152 064b 1FF0001C 		.ascii	"\037\360\000\0340\000\030\030\000\030\030\000\030\030"
 152      30001818 
 152      00181800 
 152      1818
 153 0659 000C3800 		.ascii	"\000\0148\000\017\360\000\003\340\000\000\000\000\000"
ARM GAS  C:\Users\upo\AppData\Local\Temp\ccQUPQg3.s 			page 10


 153      0FF00003 
 153      E0000000 
 153      0000
 154 0667 00000000 		.ascii	"\000\000\000\000\000\000\000\000\000\000\000\000\000"
 154      00000000 
 154      00000000 
 154      00
 155 0674 00000000 		.ascii	"\000\000\000\000\000\000\000\000\000\000\037\370\000"
 155      00000000 
 155      00001FF8 
 155      00
 156 0681 1FF80018 		.ascii	"\037\370\000\030\030\000\0308\000\0000\000\0000\000"
 156      18001838 
 156      00003000 
 156      003000
 157 0690 00700000 		.ascii	"\000p\000\000`\000\000`\000\000\340\000\000\300\000"
 157      60000060 
 157      0000E000 
 157      00C000
 158 069f 00C00001 		.ascii	"\000\300\000\001\300\000\001\200\000\001\200\000\000"
 158      C0000180 
 158      00018000 
 158      00
 159 06ac 00000000 		.ascii	"\000\000\000\000\000\000\000\000\000\000\000\000\000"
 159      00000000 
 159      00000000 
 159      00
 160 06b9 00000000 		.ascii	"\000\000\000\000\000\000\000\000\000\000\000\000\000"
 160      00000000 
 160      00000000 
 160      00
 161 06c6 07E0000F 		.ascii	"\007\340\000\017\360\000\0348\000\030\030\000\030\030"
 161      F0001C38 
 161      00181800 
 161      1818
 162 06d4 000C3000 		.ascii	"\000\0140\000\007\340\000\007\340\000\0140\000\030\030"
 162      07E00007 
 162      E0000C30 
 162      001818
 163 06e3 00181800 		.ascii	"\000\030\030\000\030\030\000\0348\000\017\360\000\007"
 163      1818001C 
 163      38000FF0 
 163      0007
 164 06f1 E0000000 		.ascii	"\340\000\000\000\000\000\000\000\000\000\000\000\000"
 164      00000000 
 164      00000000 
 164      00
 165 06fe 00000000 		.ascii	"\000\000\000\000\000\000\000\000\000\000\000\000\000"
 165      00000000 
 165      00000000 
 165      00
 166 070b 00000007 		.ascii	"\000\000\000\007\300\000\017\360\000\0340\000\030\030"
 166      C0000FF0 
 166      001C3000 
 166      1818
 167 0719 00181800 		.ascii	"\000\030\030\000\030\030\000\0148\000\017\370\000\003"
 167      1818000C 
ARM GAS  C:\Users\upo\AppData\Local\Temp\ccQUPQg3.s 			page 11


 167      38000FF8 
 167      0003
 168 0727 D8000018 		.ascii	"\330\000\000\030\000\0000\000\000p\000\000\340\000\037"
 168      00003000 
 168      00700000 
 168      E0001F
 169 0736 C0001F00 		.ascii	"\300\000\037\000\000\000\000\000\000\000\000\000\000"
 169      00000000 
 169      00000000 
 169      00
 170 0743 00000000 		.ascii	"\000\000\000\000\000\000\000\000\000\000\000\000\000"
 170      00000000 
 170      00000000 
 170      00
 171 0750 00000000 		.ascii	"\000\000\000\000\000\000\000\000\000\000\000\000\000"
 171      00000000 
 171      00000000 
 171      00
 172 075d 00000000 		.ascii	"\000\000\000\000\000\003\300\000\003\300\000\003\300"
 172      0003C000 
 172      03C00003 
 172      C0
 173 076a 00000000 		.ascii	"\000\000\000\000\000\000\000\000\000\000\000\000\000"
 173      00000000 
 173      00000000 
 173      00
 174 0777 00000003 		.ascii	"\000\000\000\003\300\000\003\300\000\003\300\000\000"
 174      C00003C0 
 174      0003C000 
 174      00
 175 0784 00000000 		.ascii	"\000\000\000\000\000\000\000\000\000\000\000\000\000"
 175      00000000 
 175      00000000 
 175      00
 176 0791 00000000 		.ascii	"\000\000\000\000\000\000\000\000\000\000\000\000\000"
 176      00000000 
 176      00000000 
 176      00
 177 079e 00000000 		.ascii	"\000\000\000\000\000\000\000\000\000\000\000\000\000"
 177      00000000 
 177      00000000 
 177      00
 178 07ab F00000F0 		.ascii	"\360\000\000\360\000\000\360\000\000\000\000\000\000"
 178      0000F000 
 178      00000000 
 178      00
 179 07b8 00000000 		.ascii	"\000\000\000\000\000\000\000\000\340\000\001\300\000"
 179      00000000 
 179      E00001C0 
 179      00
 180 07c5 01800001 		.ascii	"\001\200\000\001\200\000\003\000\000\002\000"
 180      80000300 
 180      000200
 181 07d0 00000000 		.ascii	"\000\000\000\000\000\000\000\000\000\000\000\000\000"
 181      00000000 
 181      00000000 
 181      00
ARM GAS  C:\Users\upo\AppData\Local\Temp\ccQUPQg3.s 			page 12


 182 07dd 00000000 		.ascii	"\000\000\000\000\000\000\000\000\000\000\000\000\000"
 182      00000000 
 182      00000000 
 182      00
 183 07ea 0000001C 		.ascii	"\000\000\000\034\000\000<\000\000\360\000\003\300\000"
 183      00003C00 
 183      00F00003 
 183      C000
 184 07f8 0F00003C 		.ascii	"\017\000\000<\000\000\360\000\000<\000\000\017\000\000"
 184      0000F000 
 184      003C0000 
 184      0F0000
 185 0807 03C00000 		.ascii	"\003\300\000\000\360\000\000<\000\000\034\000\000\000"
 185      F000003C 
 185      00001C00 
 185      0000
 186 0815 00000000 		.ascii	"\000\000\000\000\000\000\000\000\000\000\000\000\000"
 186      00000000 
 186      00000000 
 186      00
 187 0822 00000000 		.ascii	"\000\000\000\000\000\000\000\000\000\000\000\000\000"
 187      00000000 
 187      00000000 
 187      00
 188 082f 00000000 		.ascii	"\000\000\000\000\000\000\000\000\000\000\000\000\000"
 188      00000000 
 188      00000000 
 188      00
 189 083c 007FFC00 		.ascii	"\000\177\374\000\177\374\000\000\000\000\000\000\000"
 189      7FFC0000 
 189      00000000 
 189      00
 190 0849 7FFC007F 		.ascii	"\177\374\000\177\374\000\000\000\000\000\000\000\000"
 190      FC000000 
 190      00000000 
 190      00
 191 0856 00000000 		.ascii	"\000\000\000\000\000\000\000\000\000\000\000\000\000"
 191      00000000 
 191      00000000 
 191      00
 192 0863 00000000 		.ascii	"\000\000\000\000\000\000\000\000\000\000\000\000\000"
 192      00000000 
 192      00000000 
 192      00
 193 0870 00000000 		.ascii	"\000\000\000\000\000\000\000\000\000\000\000\000p\000"
 193      00000000 
 193      00000000 
 193      7000
 194 087e 00780000 		.ascii	"\000x\000\000\036\000\000\007\200\000\001\340\000\000"
 194      1E000007 
 194      800001E0 
 194      0000
 195 088c 7800001E 		.ascii	"x\000\000\036\000\000x\000\001\340\000\007\200\000\036"
 195      00007800 
 195      01E00007 
 195      80001E
 196 089b 00007800 		.ascii	"\000\000x\000\000p\000\000\000\000\000\000\000\000\000"
ARM GAS  C:\Users\upo\AppData\Local\Temp\ccQUPQg3.s 			page 13


 196      00700000 
 196      00000000 
 196      000000
 197 08aa 00000000 		.ascii	"\000\000\000\000\000\000\000\000\000\000\000\000\000"
 197      00000000 
 197      00000000 
 197      00
 198 08b7 00000000 		.ascii	"\000\000\000\000\000\000\000\000\000\000\007\300\000"
 198      00000000 
 198      000007C0 
 198      00
 199 08c4 0FE00018 		.ascii	"\017\340\000\030p\000\0300\000\0300\000\000p\000\000"
 199      70001830 
 199      00183000 
 199      00700000 
 200 08d4 E00003C0 		.ascii	"\340\000\003\300\000\003\200\000\003\000\000\000\000"
 200      00038000 
 200      03000000 
 200      00
 201 08e1 00000000 		.ascii	"\000\000\000\000\007\000\000\007\000\000\000\000\000"
 201      07000007 
 201      00000000 
 201      00
 202 08ee 00000000 		.ascii	"\000\000\000\000\000\000\000\000\000\000\000\000\000"
 202      00000000 
 202      00000000 
 202      00
 203 08fb 00000000 		.ascii	"\000\000\000\000\000\000\000\000\000\000\000\003\340"
 203      00000000 
 203      00000003 
 203      E0
 204 0908 0007F000 		.ascii	"\000\007\360\000\0168\000\014\030\000\030x\000\030\370"
 204      0E38000C 
 204      18001878 
 204      0018F8
 205 0917 0019D800 		.ascii	"\000\031\330\000\031\230\000\031\230\000\031\230\000"
 205      19980019 
 205      98001998 
 205      00
 206 0924 18F80018 		.ascii	"\030\370\000\030x\000\030\000\000\014\000\000\016\030"
 206      78001800 
 206      000C0000 
 206      0E18
 207 0932 0007F800 		.ascii	"\000\007\370\000\003\340\000\000\000\000\000\000\000"
 207      03E00000 
 207      00000000 
 207      00
 208 093f 00000000 		.ascii	"\000\000\000\000\000\000\000\000\000\000\000\000\000"
 208      00000000 
 208      00000000 
 208      00
 209 094c 00000000 		.ascii	"\000\000\000\000\000\037\200\000\037\300\000\001\300"
 209      001F8000 
 209      1FC00001 
 209      C0
 210 0959 00036000 		.ascii	"\000\003`\000\003`\000\0060\000\0060\000\0140\000\017"
 210      03600006 
ARM GAS  C:\Users\upo\AppData\Local\Temp\ccQUPQg3.s 			page 14


 210      30000630 
 210      000C3000 
 210      0F
 211 096a F8001FF8 		.ascii	"\370\000\037\370\000\030\014\0000\014\000\374\177\000"
 211      00180C00 
 211      300C00FC 
 211      7F00
 212 0978 FC7F0000 		.ascii	"\374\177\000\000\000\000\000\000\000\000\000\000\000"
 212      00000000 
 212      00000000 
 212      00
 213 0985 00000000 		.ascii	"\000\000\000\000\000\000\000\000\000\000\000\000\000"
 213      00000000 
 213      00000000 
 213      00
 214 0992 00000000 		.ascii	"\000\000\000\000\000\000\000\177\340\000\177\360\000"
 214      0000007F 
 214      E0007FF0 
 214      00
 215 099f 18380018 		.ascii	"\0308\000\030\030\000\030\030\000\0308\000\037\360\000"
 215      18001818 
 215      00183800 
 215      1FF000
 216 09ae 1FF80018 		.ascii	"\037\370\000\030\034\000\030\014\000\030\014\000\030"
 216      1C00180C 
 216      00180C00 
 216      18
 217 09bb 0C007FF8 		.ascii	"\014\000\177\370\000\177\360\000\000\000\000\000\000"
 217      007FF000 
 217      00000000 
 217      00
 218 09c8 00000000 		.ascii	"\000\000\000\000\000\000\000\000\000\000\000\000\000"
 218      00000000 
 218      00000000 
 218      00
 219 09d5 00000000 		.ascii	"\000\000\000\000\000\000\000\000\000\000\000\000\003"
 219      00000000 
 219      00000000 
 219      03
 220 09e2 EC000FFC 		.ascii	"\354\000\017\374\000\034\034\000\030\014\0000\014\000"
 220      001C1C00 
 220      180C0030 
 220      0C00
 221 09f0 30000030 		.ascii	"0\000\0000\000\0000\000\0000\000\0000\000\000\030\014"
 221      00003000 
 221      00300000 
 221      30000018 
 221      0C
 222 0a01 001C1C00 		.ascii	"\000\034\034\000\017\370\000\003\360\000\000\000\000"
 222      0FF80003 
 222      F0000000 
 222      00
 223 0a0e 00000000 		.ascii	"\000\000\000\000\000\000\000\000\000\000\000\000\000"
 223      00000000 
 223      00000000 
 223      00
 224 0a1b 00000000 		.ascii	"\000\000\000\000\000\000\000\000\000\000\000\000\000"
ARM GAS  C:\Users\upo\AppData\Local\Temp\ccQUPQg3.s 			page 15


 224      00000000 
 224      00000000 
 224      00
 225 0a28 007FC000 		.ascii	"\000\177\300\000\177\360\000\0308\000\030\030\000\030"
 225      7FF00018 
 225      38001818 
 225      0018
 226 0a36 0C00180C 		.ascii	"\014\000\030\014\000\030\014\000\030\014\000\030\014"
 226      00180C00 
 226      180C0018 
 226      0C
 227 0a43 00180C00 		.ascii	"\000\030\014\000\030\030\000\0308\000\177\360\000\177"
 227      18180018 
 227      38007FF0 
 227      007F
 228 0a51 E0000000 		.ascii	"\340\000\000\000\000\000\000\000\000\000\000\000\000"
 228      00000000 
 228      00000000 
 228      00
 229 0a5e 00000000 		.ascii	"\000\000\000\000\000\000\000\000\000\000\000\000\000"
 229      00000000 
 229      00000000 
 229      00
 230 0a6b 00000000 		.ascii	"\000\000\000\000\000\000\177\370\000\177\370\000\030"
 230      00007FF8 
 230      007FF800 
 230      18
 231 0a78 18001818 		.ascii	"\030\000\030\030\000\031\230\000\031\200\000\037\200"
 231      00199800 
 231      1980001F 
 231      80
 232 0a85 001F8000 		.ascii	"\000\037\200\000\031\200\000\031\230\000\030\030\000"
 232      19800019 
 232      98001818 
 232      00
 233 0a92 1818007F 		.ascii	"\030\030\000\177\370\000\177\370\000\000\000\000\000"
 233      F8007FF8 
 233      00000000 
 233      00
 234 0a9f 00000000 		.ascii	"\000\000\000\000\000\000\000\000\000\000\000\000\000"
 234      00000000 
 234      00000000 
 234      00
 235 0aac 00000000 		.ascii	"\000\000\000\000\000\000\000\000\000\000\000\000\000"
 235      00000000 
 235      00000000 
 235      00
 236 0ab9 3FFC003F 		.ascii	"?\374\000?\374\000\014\014\000\014\014\000\014\314\000"
 236      FC000C0C 
 236      000C0C00 
 236      0CCC00
 237 0ac8 0CC0000F 		.ascii	"\014\300\000\017\300\000\017\300\000\014\300\000\014"
 237      C0000FC0 
 237      000CC000 
 237      0C
 238 0ad5 C0000C00 		.ascii	"\300\000\014\000\000\014\000\000?\300\000?\300\000\000"
 238      000C0000 
ARM GAS  C:\Users\upo\AppData\Local\Temp\ccQUPQg3.s 			page 16


 238      3FC0003F 
 238      C00000
 239 0ae4 00000000 		.ascii	"\000\000\000\000\000\000\000\000\000\000\000\000\000"
 239      00000000 
 239      00000000 
 239      00
 240 0af1 00000000 		.ascii	"\000\000\000\000\000\000\000\000\000\000\000\000\000"
 240      00000000 
 240      00000000 
 240      00
 241 0afe 00000003 		.ascii	"\000\000\000\003\354\000\017\374\000\034\034\000\030"
 241      EC000FFC 
 241      001C1C00 
 241      18
 242 0b0b 0C00300C 		.ascii	"\014\0000\014\0000\000\0000\000\0000\376\0000\376\000"
 242      00300000 
 242      30000030 
 242      FE0030FE 
 242      00
 243 0b1c 300C0038 		.ascii	"0\014\0008\014\000\034\034\000\017\374\000\003\360\000"
 243      0C001C1C 
 243      000FFC00 
 243      03F000
 244 0b2b 00000000 		.ascii	"\000\000\000\000\000\000\000\000\000\000\000\000\000"
 244      00000000 
 244      00000000 
 244      00
 245 0b38 00000000 		.ascii	"\000\000\000\000\000\000\000\000\000\000\000\000\000"
 245      00000000 
 245      00000000 
 245      00
 246 0b45 00000000 		.ascii	"\000\000\000\000~~\000~~\000\030\030\000\030\030\000"
 246      7E7E007E 
 246      7E001818 
 246      00181800 
 247 0b55 18180018 		.ascii	"\030\030\000\030\030\000\037\370\000\037\370\000\030"
 247      18001FF8 
 247      001FF800 
 247      18
 248 0b62 18001818 		.ascii	"\030\000\030\030\000\030\030\000\030\030\000~~\000~"
 248      00181800 
 248      1818007E 
 248      7E007E
 249 0b71 7E000000 		.ascii	"~\000\000\000\000\000\000\000\000\000\000\000\000\000"
 249      00000000 
 249      00000000 
 249      0000
 250 0b7f 00000000 		.ascii	"\000\000\000\000\000\000\000\000\000\000\000\000\000"
 250      00000000 
 250      00000000 
 250      00
 251 0b8c 00000000 		.ascii	"\000\000\000\000\000\037\370\000\037\370\000\001\200"
 251      001FF800 
 251      1FF80001 
 251      80
 252 0b99 00018000 		.ascii	"\000\001\200\000\001\200\000\001\200\000\001\200\000"
 252      01800001 
ARM GAS  C:\Users\upo\AppData\Local\Temp\ccQUPQg3.s 			page 17


 252      80000180 
 252      00
 253 0ba6 01800001 		.ascii	"\001\200\000\001\200\000\001\200\000\001\200\000\001"
 253      80000180 
 253      00018000 
 253      01
 254 0bb3 80001FF8 		.ascii	"\200\000\037\370\000\037\370\000\000\000\000\000\000"
 254      001FF800 
 254      00000000 
 254      00
 255 0bc0 00000000 		.ascii	"\000\000\000\000\000\000\000\000\000\000\000\000\000"
 255      00000000 
 255      00000000 
 255      00
 256 0bcd 00000000 		.ascii	"\000\000\000\000\000\000\000\000\000\000\000\000\007"
 256      00000000 
 256      00000000 
 256      07
 257 0bda FE0007FE 		.ascii	"\376\000\007\376\000\0000\000\0000\000\0000\000\000"
 257      00003000 
 257      00300000 
 257      300000
 258 0be9 30000030 		.ascii	"0\000\0000\00000\00000\00000\00000\0000`\000?\340\000"
 258      00303000 
 258      30300030 
 258      30003030 
 258      00306000 
 259 0c00 0F800000 		.ascii	"\017\200\000\000\000\000\000\000\000\000\000\000\000"
 259      00000000 
 259      00000000 
 259      00
 260 0c0d 00000000 		.ascii	"\000\000\000\000\000\000\000\000\000\000\000\000\000"
 260      00000000 
 260      00000000 
 260      00
 261 0c1a 00000000 		.ascii	"\000\000\000\000\000\000\000\177>\000\177>\000\0300"
 261      0000007F 
 261      3E007F3E 
 261      001830
 262 0c29 00186000 		.ascii	"\000\030`\000\030\300\000\031\200\000\033\200\000\037"
 262      18C00019 
 262      80001B80 
 262      001F
 263 0c37 C0001CE0 		.ascii	"\300\000\034\340\000\030p\000\0300\000\0308\000\177"
 263      00187000 
 263      18300018 
 263      38007F
 264 0c46 1F007F1F 		.ascii	"\037\000\177\037\000\000\000\000\000\000\000\000\000"
 264      00000000 
 264      00000000 
 264      00
 265 0c53 00000000 		.ascii	"\000\000\000\000\000\000\000\000\000\000\000\000\000"
 265      00000000 
 265      00000000 
 265      00
 266 0c60 00000000 		.ascii	"\000\000\000\000\000\000\000\000\000\177\200\000\177"
 266      00000000 
ARM GAS  C:\Users\upo\AppData\Local\Temp\ccQUPQg3.s 			page 18


 266      007F8000 
 266      7F
 267 0c6d 80000C00 		.ascii	"\200\000\014\000\000\014\000\000\014\000\000\014\000"
 267      000C0000 
 267      0C00000C 
 267      00
 268 0c7a 000C0000 		.ascii	"\000\014\000\000\014\000\000\014\014\000\014\014\000"
 268      0C00000C 
 268      0C000C0C 
 268      00
 269 0c87 0C0C000C 		.ascii	"\014\014\000\014\014\000\177\374\000\177\374\000\000"
 269      0C007FFC 
 269      007FFC00 
 269      00
 270 0c94 00000000 		.ascii	"\000\000\000\000\000\000\000\000\000\000\000\000\000"
 270      00000000 
 270      00000000 
 270      00
 271 0ca1 00000000 		.ascii	"\000\000\000\000\000\000\000\000\000\000\000\000\000"
 271      00000000 
 271      00000000 
 271      00
 272 0cae 000000F0 		.ascii	"\000\000\000\360\017\000\370\037\0008\034\000<<\000"
 272      0F00F81F 
 272      00381C00 
 272      3C3C00
 273 0cbd 3C3C0036 		.ascii	"<<\0006l\0006l\0003\314\0003\314\0001\214\0000\014\000"
 273      6C00366C 
 273      0033CC00 
 273      33CC0031 
 273      8C00300C 
 274 0cd2 300C00FE 		.ascii	"0\014\000\376\177\000\376\177\000\000\000\000\000\000"
 274      7F00FE7F 
 274      00000000 
 274      0000
 275 0ce0 00000000 		.ascii	"\000\000\000\000\000\000\000\000\000\000\000\000\000"
 275      00000000 
 275      00000000 
 275      00
 276 0ced 00000000 		.ascii	"\000\000\000\000\000\000\000\000\000\000\000\000x\376"
 276      00000000 
 276      00000000 
 276      78FE
 277 0cfb 0078FE00 		.ascii	"\000x\376\000\034\030\000\036\030\000\037\030\000\033"
 277      1C18001E 
 277      18001F18 
 277      001B
 278 0d09 18001B98 		.ascii	"\030\000\033\230\000\031\330\000\030\330\000\030\370"
 278      0019D800 
 278      18D80018 
 278      F8
 279 0d16 00187800 		.ascii	"\000\030x\000\0308\000\177\030\000\177\030\000\000\000"
 279      1838007F 
 279      18007F18 
 279      000000
 280 0d25 00000000 		.ascii	"\000\000\000\000\000\000\000\000\000\000\000\000\000"
 280      00000000 
ARM GAS  C:\Users\upo\AppData\Local\Temp\ccQUPQg3.s 			page 19


 280      00000000 
 280      00
 281 0d32 00000000 		.ascii	"\000\000\000\000\000\000\000\000\000\000\000\000\000"
 281      00000000 
 281      00000000 
 281      00
 282 0d3f 000003C0 		.ascii	"\000\000\003\300\000\017\360\000\0348\000\030\030\000"
 282      000FF000 
 282      1C380018 
 282      1800
 283 0d4d 381C0030 		.ascii	"8\034\0000\014\0000\014\0000\014\0000\014\0008\034\000"
 283      0C00300C 
 283      00300C00 
 283      300C0038 
 283      1C00
 284 0d5f 1818001C 		.ascii	"\030\030\000\0348\000\017\360\000\003\300\000\000\000"
 284      38000FF0 
 284      0003C000 
 284      0000
 285 0d6d 00000000 		.ascii	"\000\000\000\000\000\000\000\000\000\000\000\000\000"
 285      00000000 
 285      00000000 
 285      00
 286 0d7a 00000000 		.ascii	"\000\000\000\000\000\000\000\000\000\000\000\000\000"
 286      00000000 
 286      00000000 
 286      00
 287 0d87 00003FF0 		.ascii	"\000\000?\360\000?\370\000\014\034\000\014\014\000\014"
 287      003FF800 
 287      0C1C000C 
 287      0C000C
 288 0d96 0C000C0C 		.ascii	"\014\000\014\014\000\014\030\000\017\370\000\017\340"
 288      000C1800 
 288      0FF8000F 
 288      E0
 289 0da3 000C0000 		.ascii	"\000\014\000\000\014\000\000\014\000\000?\300\000?\300"
 289      0C00000C 
 289      00003FC0 
 289      003FC0
 290 0db2 00000000 		.ascii	"\000\000\000\000\000\000\000\000\000\000\000\000\000"
 290      00000000 
 290      00000000 
 290      00
 291 0dbf 00000000 		.ascii	"\000\000\000\000\000\000\000\000\000\000\000\000\000"
 291      00000000 
 291      00000000 
 291      00
 292 0dcc 00000000 		.ascii	"\000\000\000\000\000\003\300\000\017\360\000\0348\000"
 292      0003C000 
 292      0FF0001C 
 292      3800
 293 0dda 18180038 		.ascii	"\030\030\0008\034\0000\014\0000\014\0000\014\0000\014"
 293      1C00300C 
 293      00300C00 
 293      300C0030 
 293      0C
 294 0deb 00381C00 		.ascii	"\0008\034\000\030\030\000\0348\000\017\360\000\007\300"
ARM GAS  C:\Users\upo\AppData\Local\Temp\ccQUPQg3.s 			page 20


 294      1818001C 
 294      38000FF0 
 294      0007C0
 295 0dfa 0007CC00 		.ascii	"\000\007\314\000\017\374\000\0148\000\000\000\000\000"
 295      0FFC000C 
 295      38000000 
 295      0000
 296 0e08 00000000 		.ascii	"\000\000\000\000\000\000\000\000\000\000\000\000\000"
 296      00000000 
 296      00000000 
 296      00
 297 0e15 00000000 		.ascii	"\000\000\000\000\177\340\000\177\360\000\0308\000\030"
 297      7FE0007F 
 297      F0001838 
 297      0018
 298 0e23 18001818 		.ascii	"\030\000\030\030\000\0308\000\037\360\000\037\300\000"
 298      00183800 
 298      1FF0001F 
 298      C000
 299 0e31 18E00018 		.ascii	"\030\340\000\030p\000\0300\000\0308\000\177\036\000"
 299      70001830 
 299      00183800 
 299      7F1E00
 300 0e40 7F0E0000 		.ascii	"\177\016\000\000\000\000\000\000\000\000\000\000\000"
 300      00000000 
 300      00000000 
 300      00
 301 0e4d 00000000 		.ascii	"\000\000\000\000\000\000\000\000\000\000\000\000\000"
 301      00000000 
 301      00000000 
 301      00
 302 0e5a 00000000 		.ascii	"\000\000\000\000\000\000\000\007\330\000\017\370\000"
 302      00000007 
 302      D8000FF8 
 302      00
 303 0e67 1C380018 		.ascii	"\0348\000\030\030\000\030\030\000\036\000\000\017\300"
 303      18001818 
 303      001E0000 
 303      0FC0
 304 0e75 0003F000 		.ascii	"\000\003\360\000\000x\000\030\030\000\030\030\000\034"
 304      00780018 
 304      18001818 
 304      001C
 305 0e83 38001FF0 		.ascii	"8\000\037\360\000\033\340\000\000\000\000\000\000\000"
 305      001BE000 
 305      00000000 
 305      0000
 306 0e91 00000000 		.ascii	"\000\000\000\000\000\000\000\000\000\000\000\000\000"
 306      00000000 
 306      00000000 
 306      00
 307 0e9e 00000000 		.ascii	"\000\000\000\000\000\000\000\000\000\000\000?\374\000"
 307      00000000 
 307      0000003F 
 307      FC00
 308 0eac 3FFC0031 		.ascii	"?\374\0001\214\0001\214\0001\214\0001\214\000\001\200"
 308      8C00318C 
ARM GAS  C:\Users\upo\AppData\Local\Temp\ccQUPQg3.s 			page 21


 308      00318C00 
 308      318C0001 
 308      80
 309 0ebd 00018000 		.ascii	"\000\001\200\000\001\200\000\001\200\000\001\200\000"
 309      01800001 
 309      80000180 
 309      00
 310 0eca 0180000F 		.ascii	"\001\200\000\017\360\000\017\360\000\000\000\000\000"
 310      F0000FF0 
 310      00000000 
 310      00
 311 0ed7 00000000 		.ascii	"\000\000\000\000\000\000\000\000\000\000\000\000\000"
 311      00000000 
 311      00000000 
 311      00
 312 0ee4 00000000 		.ascii	"\000\000\000\000\000\000\000\000\000\000\000\000\000"
 312      00000000 
 312      00000000 
 312      00
 313 0ef1 7E7E007E 		.ascii	"~~\000~~\000\030\030\000\030\030\000\030\030\000\030"
 313      7E001818 
 313      00181800 
 313      18180018 
 314 0f01 18001818 		.ascii	"\030\000\030\030\000\030\030\000\030\030\000\030\030"
 314      00181800 
 314      18180018 
 314      18
 315 0f0e 00181800 		.ascii	"\000\030\030\000\0140\000\017\360\000\003\300\000\000"
 315      0C30000F 
 315      F00003C0 
 315      0000
 316 0f1c 00000000 		.ascii	"\000\000\000\000\000\000\000\000\000\000\000\000\000"
 316      00000000 
 316      00000000 
 316      00
 317 0f29 00000000 		.ascii	"\000\000\000\000\000\000\000\000\000\000\000\000\000"
 317      00000000 
 317      00000000 
 317      00
 318 0f36 0000007F 		.ascii	"\000\000\000\177\177\000\177\177\000\030\014\000\014"
 318      7F007F7F 
 318      00180C00 
 318      0C
 319 0f43 18000C18 		.ascii	"\030\000\014\030\000\014\030\000\0060\000\0060\000\003"
 319      000C1800 
 319      06300006 
 319      300003
 320 0f52 60000360 		.ascii	"`\000\003`\000\003`\000\001\300\000\001\300\000\000"
 320      00036000 
 320      01C00001 
 320      C00000
 321 0f61 80000000 		.ascii	"\200\000\000\000\000\000\000\000\000\000\000\000\000"
 321      00000000 
 321      00000000 
 321      00
 322 0f6e 00000000 		.ascii	"\000\000\000\000\000\000\000\000\000\000\000\000\000"
 322      00000000 
ARM GAS  C:\Users\upo\AppData\Local\Temp\ccQUPQg3.s 			page 22


 322      00000000 
 322      00
 323 0f7b 00000000 		.ascii	"\000\000\000\000\000\000\376?\200\376?\2000\006\000"
 323      0000FE3F 
 323      80FE3F80 
 323      300600
 324 0f8a 30060030 		.ascii	"0\006\0000\206\000\031\314\000\031\314\000\033l\000"
 324      860019CC 
 324      0019CC00 
 324      1B6C00
 325 0f99 1B6C001E 		.ascii	"\033l\000\036|\000\016"
 325      7C000E
 326 0fa0 38000E38 		.ascii	"8\000\0168\000\014\030\000\014\030\000\000\000\000\000"
 326      000C1800 
 326      0C180000 
 326      000000
 327 0faf 00000000 		.ascii	"\000\000\000\000\000\000\000\000\000\000\000\000\000"
 327      00000000 
 327      00000000 
 327      00
 328 0fbc 00000000 		.ascii	"\000\000\000\000\000\000\000\000\000\000\000\000\000"
 328      00000000 
 328      00000000 
 328      00
 329 0fc9 7E7E007E 		.ascii	"~~\000~~\000\030\030\000\0140\000\006`\000\003\300\000"
 329      7E001818 
 329      000C3000 
 329      06600003 
 329      C000
 330 0fdb 01800001 		.ascii	"\001\200\000\001\200\000\003\300\000\006`\000\0140\000"
 330      800003C0 
 330      00066000 
 330      0C3000
 331 0fea 1818007E 		.ascii	"\030\030\000~~\000~~\000\000\000\000\000\000\000\000"
 331      7E007E7E 
 331      00000000 
 331      00000000 
 332 0ffa 00000000 		.ascii	"\000\000\000\000\000\000\000\000\000\000\000\000\000"
 332      00000000 
 332      00000000 
 332      00
 333 1007 00000000 		.ascii	"\000\000\000\000\000\000\000\000\000\000|~\000|~\000"
 333      00000000 
 333      00007C7E 
 333      007C7E00 
 334 1017 1818000C 		.ascii	"\030\030\000\0140\000\006`\000\006`\000\003\300\000"
 334      30000660 
 334      00066000 
 334      03C000
 335 1026 01800001 		.ascii	"\001\200\000\001\200\000\001\200\000\001\200\000\001"
 335      80000180 
 335      00018000 
 335      01
 336 1033 80000FF0 		.ascii	"\200\000\017\360\000\017\360\000\000\000\000\000\000"
 336      000FF000 
 336      00000000 
 336      00
ARM GAS  C:\Users\upo\AppData\Local\Temp\ccQUPQg3.s 			page 23


 337 1040 00000000 		.ascii	"\000\000\000\000\000\000\000\000\000\000\000\000\000"
 337      00000000 
 337      00000000 
 337      00
 338 104d 00000000 		.ascii	"\000\000\000\000\000\000\000\000\000\000\000\000\037"
 338      00000000 
 338      00000000 
 338      1F
 339 105a F8001FF8 		.ascii	"\370\000\037\370\000\030\030\000\0300\000\030`\000\030"
 339      00181800 
 339      18300018 
 339      600018
 340 1069 C0000180 		.ascii	"\300\000\001\200\000\003\000\000\006\030\000\014\030"
 340      00030000 
 340      0618000C 
 340      18
 341 1076 00181800 		.ascii	"\000\030\030\0000\030\000?\370\000?\370\000\000\000"
 341      3018003F 
 341      F8003FF8 
 341      000000
 342 1085 00000000 		.ascii	"\000\000\000\000\000\000\000\000\000\000\000\000\000"
 342      00000000 
 342      00000000 
 342      00
 343 1092 00000000 		.ascii	"\000\000\000\000\000\000\000\000\000\000\000\000\001"
 343      00000000 
 343      00000000 
 343      01
 344 109f F00001F0 		.ascii	"\360\000\001\360\000\001\200\000\001\200\000\001\200"
 344      00018000 
 344      01800001 
 344      80
 345 10ac 00018000 		.ascii	"\000\001\200\000\001\200\000\001\200\000\001\200\000"
 345      01800001 
 345      80000180 
 345      00
 346 10b9 01800001 		.ascii	"\001\200\000\001\200\000\001\200\000\001\200\000\001"
 346      80000180 
 346      00018000 
 346      01
 347 10c6 80000180 		.ascii	"\200\000\001\200\000\001\200\000\001\360\000\001\360"
 347      00018000 
 347      01F00001 
 347      F0
 348 10d3 00000000 		.ascii	"\000\000\000\000\000\000\000\000\000\000\000\000\000"
 348      00000000 
 348      00000000 
 348      00
 349 10e0 18000018 		.ascii	"\030\000\000\030\000\000\034\000\000\014\000\000\016"
 349      00001C00 
 349      000C0000 
 349      0E
 350 10ed 00000600 		.ascii	"\000\000\006\000\000\006\000\000\003\000\000\003\000"
 350      00060000 
 350      03000003 
 350      00
 351 10fa 00018000 		.ascii	"\000\001\200\000\001\200\000\000\300\000\000\300\000"
ARM GAS  C:\Users\upo\AppData\Local\Temp\ccQUPQg3.s 			page 24


 351      01800000 
 351      C00000C0 
 351      00
 352 1107 00600000 		.ascii	"\000`\000\000`\000\000p\000\0000\000\0008\000\000\030"
 352      60000070 
 352      00003000 
 352      00380000 
 352      18
 353 1118 00001800 		.ascii	"\000\000\030\000\000\000\000\000\000\000\000\000\000"
 353      00000000 
 353      00000000 
 353      00
 354 1125 00000000 		.ascii	"\000\000\000\000\000\000\000\000\000\017\200\000\017"
 354      00000000 
 354      000F8000 
 354      0F
 355 1132 80000180 		.ascii	"\200\000\001\200\000\001\200\000\001\200\000\001\200"
 355      00018000 
 355      01800001 
 355      80
 356 113f 00018000 		.ascii	"\000\001\200\000\001\200\000\001\200\000\001\200\000"
 356      01800001 
 356      80000180 
 356      00
 357 114c 01800001 		.ascii	"\001\200\000\001\200\000\001\200\000\001\200\000\001"
 357      80000180 
 357      00018000 
 357      01
 358 1159 80000180 		.ascii	"\200\000\001\200\000\017\200\000\017\200\000\000\000"
 358      000F8000 
 358      0F800000 
 358      00
 359 1166 00000000 		.ascii	"\000\000\000\000\000\000\000\000\000\000\000\000\000"
 359      00000000 
 359      00000000 
 359      00
 360 1173 00800001 		.ascii	"\000\200\000\001\300\000\003\340\000\007p\000\0060\000"
 360      C00003E0 
 360      00077000 
 360      063000
 361 1182 0C180018 		.ascii	"\014\030\000\030\014\000\020\004\000\000\000\000\000"
 361      0C001004 
 361      00000000 
 361      00
 362 118f 00000000 		.ascii	"\000\000\000\000\000\000\000\000\000\000\000\000\000"
 362      00000000 
 362      00000000 
 362      00
 363 119c 00000000 		.ascii	"\000\000\000\000\000\000\000\000\000\000\000\000\000"
 363      00000000 
 363      00000000 
 363      00
 364 11a9 00000000 		.ascii	"\000\000\000\000\000\000\000\000\000\000\000\000\000"
 364      00000000 
 364      00000000 
 364      00
 365 11b6 00000000 		.ascii	"\000\000\000\000\000\000\000\000\000\000\000\000\000"
ARM GAS  C:\Users\upo\AppData\Local\Temp\ccQUPQg3.s 			page 25


 365      00000000 
 365      00000000 
 365      00
 366 11c3 00000000 		.ascii	"\000\000\000\000\000\000\000\000\000\000\000\000\000"
 366      00000000 
 366      00000000 
 366      00
 367 11d0 00000000 		.ascii	"\000\000\000\000\000\000\000\000\000\000\000\000\000"
 367      00000000 
 367      00000000 
 367      00
 368 11dd 00000000 		.ascii	"\000\000\000\000\000\000\000\000\000\000\000\000\000"
 368      00000000 
 368      00000000 
 368      00
 369 11ea 00000000 		.ascii	"\000\000\000\000\000\000\000\000\000\000\000\000\000"
 369      00000000 
 369      00000000 
 369      00
 370 11f7 000000FF 		.ascii	"\000\000\000\377\377\000\377\377\000\000\000\000\003"
 370      FF00FFFF 
 370      00000000 
 370      03
 371 1204 00000380 		.ascii	"\000\000\003\200\000\000\340\000\000`\000\000\000\000"
 371      0000E000 
 371      00600000 
 371      0000
 372 1212 00000000 		.ascii	"\000\000\000\000\000\000\000\000\000\000\000\000\000"
 372      00000000 
 372      00000000 
 372      00
 373 121f 00000000 		.ascii	"\000\000\000\000\000\000\000\000\000\000\000\000\000"
 373      00000000 
 373      00000000 
 373      00
 374 122c 00000000 		.ascii	"\000\000\000\000\000\000\000\000\000\000\000\000\000"
 374      00000000 
 374      00000000 
 374      00
 375 1239 00000000 		.ascii	"\000\000\000\000\000\000\000\000\000\000\000\000\000"
 375      00000000 
 375      00000000 
 375      00
 376 1246 00000000 		.ascii	"\000\000\000\000\000\000\000\000\000\000\000\000\000"
 376      00000000 
 376      00000000 
 376      00
 377 1253 00000000 		.ascii	"\000\000\000\000\000\000\000\017\300\000\037\340\000"
 377      0000000F 
 377      C0001FE0 
 377      00
 378 1260 00300000 		.ascii	"\0000\000\0000\000\007\360\000\037\360\00080\00000\000"
 378      300007F0 
 378      001FF000 
 378      38300030 
 378      3000
 379 1272 3070001F 		.ascii	"0p\000\037\374\000\017\274\000\000\000\000\000\000\000"
ARM GAS  C:\Users\upo\AppData\Local\Temp\ccQUPQg3.s 			page 26


 379      FC000FBC 
 379      00000000 
 379      000000
 380 1281 00000000 		.ascii	"\000\000\000\000\000\000\000\000\000\000\000\000\000"
 380      00000000 
 380      00000000 
 380      00
 381 128e 00000000 		.ascii	"\000\000\000\000\000\000\000\000x\000\000x\000\000\030"
 381      00000000 
 381      78000078 
 381      000018
 382 129d 00001800 		.ascii	"\000\000\030\000\000\033\340\000\037\370\000\034\030"
 382      001BE000 
 382      1FF8001C 
 382      18
 383 12aa 00180C00 		.ascii	"\000\030\014\000\030\014\000\030\014\000\030\014\000"
 383      180C0018 
 383      0C00180C 
 383      00
 384 12b7 180C001C 		.ascii	"\030\014\000\034\030\000\177\370\000{\340\000\000\000"
 384      18007FF8 
 384      007BE000 
 384      0000
 385 12c5 00000000 		.ascii	"\000\000\000\000\000\000\000\000\000\000\000\000\000"
 385      00000000 
 385      00000000 
 385      00
 386 12d2 00000000 		.ascii	"\000\000\000\000\000\000\000\000\000\000\000\000\000"
 386      00000000 
 386      00000000 
 386      00
 387 12df 00000000 		.ascii	"\000\000\000\000\000\000\000\000\000\000\000\003\354"
 387      00000000 
 387      00000003 
 387      EC
 388 12ec 000FFC00 		.ascii	"\000\017\374\000\034\034\0008\014\0000\014\0000\000"
 388      1C1C0038 
 388      0C00300C 
 388      003000
 389 12fb 00300000 		.ascii	"\0000\000\0008\014\000\034\034\000\017\370\000\003\360"
 389      380C001C 
 389      1C000FF8 
 389      0003F0
 390 130a 00000000 		.ascii	"\000\000\000\000\000\000\000\000\000\000\000\000\000"
 390      00000000 
 390      00000000 
 390      00
 391 1317 00000000 		.ascii	"\000\000\000\000\000\000\000\000\000\000\000\000\000"
 391      00000000 
 391      00000000 
 391      00
 392 1324 00000078 		.ascii	"\000\000\000x\000\000x\000\000\030\000\000\030\000\007"
 392      00007800 
 392      00180000 
 392      180007
 393 1333 D8001FF8 		.ascii	"\330\000\037\370\000\0308\0000\030\0000\030\0000\030"
 393      00183800 
ARM GAS  C:\Users\upo\AppData\Local\Temp\ccQUPQg3.s 			page 27


 393      30180030 
 393      18003018 
 394 1343 00301800 		.ascii	"\0000\030\0000\030\000\0308\000\037\376\000\007\336"
 394      30180018 
 394      38001FFE 
 394      0007DE
 395 1352 00000000 		.ascii	"\000\000\000\000\000\000\000\000\000\000\000\000\000"
 395      00000000 
 395      00000000 
 395      00
 396 135f 00000000 		.ascii	"\000\000\000\000\000\000\000\000\000\000\000\000\000"
 396      00000000 
 396      00000000 
 396      00
 397 136c 00000000 		.ascii	"\000\000\000\000\000\000\000\000\000\000\000\000\000"
 397      00000000 
 397      00000000 
 397      00
 398 1379 0007E000 		.ascii	"\000\007\340\000\037\370\000\030\030\0000\014\000?\374"
 398      1FF80018 
 398      1800300C 
 398      003FFC
 399 1388 003FFC00 		.ascii	"\000?\374\0000\000\0000\000\000\030\014\000\037\374"
 399      30000030 
 399      0000180C 
 399      001FFC
 400 1397 0007F000 		.ascii	"\000\007\360\000\000\000\000\000\000\000\000\000\000"
 400      00000000 
 400      00000000 
 400      00
 401 13a4 00000000 		.ascii	"\000\000\000\000\000\000\000\000\000\000\000\000\000"
 401      00000000 
 401      00000000 
 401      00
 402 13b1 00000000 		.ascii	"\000\000\000\000\000\001\374\000\003\374\000\006\000"
 402      0001FC00 
 402      03FC0006 
 402      00
 403 13be 00060000 		.ascii	"\000\006\000\000?\370\000?\370\000\006\000\000\006\000"
 403      3FF8003F 
 403      F8000600 
 403      000600
 404 13cd 00060000 		.ascii	"\000\006\000\000\006\000\000\006\000\000\006\000\000"
 404      06000006 
 404      00000600 
 404      00
 405 13da 0600003F 		.ascii	"\006\000\000?\360\000?\360\000\000\000\000\000\000\000"
 405      F0003FF0 
 405      00000000 
 405      000000
 406 13e9 00000000 		.ascii	"\000\000\000\000\000\000\000\000\000\000\000\000\000"
 406      00000000 
 406      00000000 
 406      00
 407 13f6 00000000 		.ascii	"\000\000\000\000\000\000\000\000\000\000\000\000\000"
 407      00000000 
 407      00000000 
ARM GAS  C:\Users\upo\AppData\Local\Temp\ccQUPQg3.s 			page 28


 407      00
 408 1403 00000000 		.ascii	"\000\000\000\000\000\000\000\007\336\000\037\376\000"
 408      00000007 
 408      DE001FFE 
 408      00
 409 1410 18380030 		.ascii	"\0308\0000\030\0000\030\0000\030\0000\030\0000\030\000"
 409      18003018 
 409      00301800 
 409      30180030 
 409      1800
 410 1422 1838001F 		.ascii	"\0308\000\037\370\000\007\330\000\000\030\000\000\030"
 410      F80007D8 
 410      00001800 
 410      0018
 411 1430 00003800 		.ascii	"\000\0008\000\017\360\000\017\300\000\000\000\000\000"
 411      0FF0000F 
 411      C0000000 
 411      0000
 412 143e 00000000 		.ascii	"\000\000\000\000\000\000\000\000x\000\000x\000\000\030"
 412      00000000 
 412      78000078 
 412      000018
 413 144d 00001800 		.ascii	"\000\000\030\000\000\033\340\000\037\360\000\0348\000"
 413      001BE000 
 413      1FF0001C 
 413      3800
 414 145b 18180018 		.ascii	"\030\030\000\030\030\000\030\030\000\030\030\000\030"
 414      18001818 
 414      00181800 
 414      18
 415 1468 18001818 		.ascii	"\030\000\030\030\000~~\000~~\000\000\000\000\000\000"
 415      007E7E00 
 415      7E7E0000 
 415      00000000 
 416 1478 00000000 		.ascii	"\000\000\000\000\000\000\000\000\000\000\000\000\000"
 416      00000000 
 416      00000000 
 416      00
 417 1485 00000000 		.ascii	"\000\000\000\000\000\000\000\000\000\001\200\000\001"
 417      00000000 
 417      00018000 
 417      01
 418 1492 80000000 		.ascii	"\200\000\000\000\000\000\000\000\037\200\000\037\200"
 418      00000000 
 418      1F80001F 
 418      80
 419 149f 00018000 		.ascii	"\000\001\200\000\001\200\000\001\200\000\001\200\000"
 419      01800001 
 419      80000180 
 419      00
 420 14ac 01800001 		.ascii	"\001\200\000\001\200\000\001\200\000?\374\000?\374\000"
 420      80000180 
 420      003FFC00 
 420      3FFC00
 421 14bb 00000000 		.ascii	"\000\000\000\000\000\000\000\000\000\000\000\000\000"
 421      00000000 
 421      00000000 
ARM GAS  C:\Users\upo\AppData\Local\Temp\ccQUPQg3.s 			page 29


 421      00
 422 14c8 00000000 		.ascii	"\000\000\000\000\000\000\000\000\000\000\000\000\000"
 422      00000000 
 422      00000000 
 422      00
 423 14d5 0000C000 		.ascii	"\000\000\300\000\000\300\000\000\000\000\000\000\000"
 423      00C00000 
 423      00000000 
 423      00
 424 14e2 1FF0001F 		.ascii	"\037\360\000\037\360\000\0000\000\0000\000\0000\000"
 424      F0000030 
 424      00003000 
 424      003000
 425 14f1 00300000 		.ascii	"\0000\000\0000\000\0000\000\0000\000\0000\000\0000\000"
 425      30000030 
 425      00003000 
 425      00300000 
 425      3000
 426 1503 00300000 		.ascii	"\0000\000\0000\000\000p\000\037\340\000\037\200\000"
 426      30000070 
 426      001FE000 
 426      1F8000
 427 1512 00000000 		.ascii	"\000\000\000\000\000\000\000\000\000\000\000\000<\000"
 427      00000000 
 427      00000000 
 427      3C00
 428 1520 003C0000 		.ascii	"\000<\000\000\014\000\000\014\000\000\014\370\000\014"
 428      0C00000C 
 428      00000CF8 
 428      000C
 429 152e F8000CC0 		.ascii	"\370\000\014\300\000\015\200\000\017\200\000\017\000"
 429      000D8000 
 429      0F80000F 
 429      00
 430 153b 000F8000 		.ascii	"\000\017\200\000\015\300\000\014\340\000<|\000<|\000"
 430      0DC0000C 
 430      E0003C7C 
 430      003C7C00 
 431 154b 00000000 		.ascii	"\000\000\000\000\000\000\000\000\000\000\000\000\000"
 431      00000000 
 431      00000000 
 431      00
 432 1558 00000000 		.ascii	"\000\000\000\000\000\000\000\000\000\000\000\000\000"
 432      00000000 
 432      00000000 
 432      00
 433 1565 001F8000 		.ascii	"\000\037\200\000\037\200\000\001\200\000\001\200\000"
 433      1F800001 
 433      80000180 
 433      00
 434 1572 01800001 		.ascii	"\001\200\000\001\200\000\001\200\000\001\200\000\001"
 434      80000180 
 434      00018000 
 434      01
 435 157f 80000180 		.ascii	"\200\000\001\200\000\001\200\000\001\200\000\001\200"
 435      00018000 
 435      01800001 
ARM GAS  C:\Users\upo\AppData\Local\Temp\ccQUPQg3.s 			page 30


 435      80
 436 158c 003FFC00 		.ascii	"\000?\374\000?\374\000\000\000\000\000\000\000\000\000"
 436      3FFC0000 
 436      00000000 
 436      000000
 437 159b 00000000 		.ascii	"\000\000\000\000\000\000\000\000\000\000\000\000\000"
 437      00000000 
 437      00000000 
 437      00
 438 15a8 00000000 		.ascii	"\000\000\000\000\000\000\000\000\000\000\000\000\000"
 438      00000000 
 438      00000000 
 438      00
 439 15b5 00000000 		.ascii	"\000\000\000\000\000\367x\000\377\374\0009\314\0001"
 439      00F77800 
 439      FFFC0039 
 439      CC0031
 440 15c4 8C00318C 		.ascii	"\214\0001\214\0001\214\0001\214\0001\214\0001\214\000"
 440      00318C00 
 440      318C0031 
 440      8C00318C 
 440      00
 441 15d5 FDEF00FD 		.ascii	"\375\357\000\375\357\000\000\000\000\000\000\000\000"
 441      EF000000 
 441      00000000 
 441      00
 442 15e2 00000000 		.ascii	"\000\000\000\000\000\000\000\000\000\000\000\000\000"
 442      00000000 
 442      00000000 
 442      00
 443 15ef 00000000 		.ascii	"\000\000\000\000\000\000\000\000\000\000\000\000\000"
 443      00000000 
 443      00000000 
 443      00
 444 15fc 00000000 		.ascii	"\000\000\000\000\000\000{\340\000\177\360\000\0348\000"
 444      00007BE0 
 444      007FF000 
 444      1C3800
 445 160b 18180018 		.ascii	"\030\030\000\030\030\000\030\030\000\030\030\000\030"
 445      18001818 
 445      00181800 
 445      18
 446 1618 18001818 		.ascii	"\030\000\030\030\000~~\000~~\000\000\000\000\000\000"
 446      007E7E00 
 446      7E7E0000 
 446      00000000 
 447 1628 00000000 		.ascii	"\000\000\000\000\000\000\000\000\000\000\000\000\000"
 447      00000000 
 447      00000000 
 447      00
 448 1635 00000000 		.ascii	"\000\000\000\000\000\000\000\000\000\000\000\000\000"
 448      00000000 
 448      00000000 
 448      00
 449 1642 00000000 		.ascii	"\000\000\000\000\000\000\000\000\003\300\000\017\360"
 449      00000000 
 449      03C0000F 
ARM GAS  C:\Users\upo\AppData\Local\Temp\ccQUPQg3.s 			page 31


 449      F0
 450 164f 001C3800 		.ascii	"\000\0348\0008\034\0000\014\0000\014\0000\014\0008\034"
 450      381C0030 
 450      0C00300C 
 450      00300C00 
 450      381C
 451 1661 001C3800 		.ascii	"\000\0348\000\017\360\000\003\300\000\000\000\000\000"
 451      0FF00003 
 451      C0000000 
 451      0000
 452 166f 00000000 		.ascii	"\000\000\000\000\000\000\000\000\000\000\000\000\000"
 452      00000000 
 452      00000000 
 452      00
 453 167c 00000000 		.ascii	"\000\000\000\000\000\000\000\000\000\000\000\000\000"
 453      00000000 
 453      00000000 
 453      00
 454 1689 00000000 		.ascii	"\000\000\000\000\000\000\000\000\000{\340\000\177\370"
 454      00000000 
 454      007BE000 
 454      7FF8
 455 1697 001C1800 		.ascii	"\000\034\030\000\030\014\000\030\014\000\030\014\000"
 455      180C0018 
 455      0C00180C 
 455      00
 456 16a4 180C0018 		.ascii	"\030\014\000\030\014\000\034\030\000\037\370\000\033"
 456      0C001C18 
 456      001FF800 
 456      1B
 457 16b1 E0001800 		.ascii	"\340\000\030\000\000\030\000\000\030\000\000\177\000"
 457      00180000 
 457      1800007F 
 457      00
 458 16be 007F0000 		.ascii	"\000\177\000\000\000\000\000\000\000\000\000\000\000"
 458      00000000 
 458      00000000 
 458      00
 459 16cb 00000000 		.ascii	"\000\000\000\000\000\000\000\000\000\000\000\000\000"
 459      00000000 
 459      00000000 
 459      00
 460 16d8 000007DE 		.ascii	"\000\000\007\336\000\037\376\000\0308\0000\030\0000"
 460      001FFE00 
 460      18380030 
 460      180030
 461 16e7 18003018 		.ascii	"\030\0000\030\0000\030\0000\030\000\0308\000\037\370"
 461      00301800 
 461      30180018 
 461      38001FF8 
 462 16f7 0007D800 		.ascii	"\000\007\330\000\000\030\000\000\030\000\000\030\000"
 462      00180000 
 462      18000018 
 462      00
 463 1704 00FE0000 		.ascii	"\000\376\000\000\376\000\000\000\000\000\000\000\000"
 463      FE000000 
 463      00000000 
ARM GAS  C:\Users\upo\AppData\Local\Temp\ccQUPQg3.s 			page 32


 463      00
 464 1711 00000000 		.ascii	"\000\000\000\000\000\000\000\000\000\000\000\000\000"
 464      00000000 
 464      00000000 
 464      00
 465 171e 00000000 		.ascii	"\000\000\000\000>x\000>\374\000\007\314\000\007\000"
 465      3E78003E 
 465      FC0007CC 
 465      000700
 466 172d 00060000 		.ascii	"\000\006\000\000\006\000\000\006\000\000\006\000\000"
 466      06000006 
 466      00000600 
 466      00
 467 173a 0600003F 		.ascii	"\006\000\000?\360\000?\360\000\000\000\000\000\000\000"
 467      F0003FF0 
 467      00000000 
 467      000000
 468 1749 00000000 		.ascii	"\000\000\000\000\000\000\000\000\000\000\000\000\000"
 468      00000000 
 468      00000000 
 468      00
 469 1756 00000000 		.ascii	"\000\000\000\000\000\000\000\000\000\000\000\000\000"
 469      00000000 
 469      00000000 
 469      00
 470 1763 00000000 		.ascii	"\000\000\000\000\000\000\000\007\370\000\017\370\000"
 470      00000007 
 470      F8000FF8 
 470      00
 471 1770 18180018 		.ascii	"\030\030\000\030\030\000\037\200\000\017\360\000\000"
 471      18001F80 
 471      000FF000 
 471      00
 472 177d F8001818 		.ascii	"\370\000\030\030\000\0308\000\037\360\000\037\340\000"
 472      00183800 
 472      1FF0001F 
 472      E000
 473 178b 00000000 		.ascii	"\000\000\000\000\000\000\000\000\000\000\000\000\000"
 473      00000000 
 473      00000000 
 473      00
 474 1798 00000000 		.ascii	"\000\000\000\000\000\000\000\000\000\000\000\000\000"
 474      00000000 
 474      00000000 
 474      00
 475 17a5 000C0000 		.ascii	"\000\014\000\000\014\000\000\014\000\000\014\000\000"
 475      0C00000C 
 475      00000C00 
 475      00
 476 17b2 3FF0003F 		.ascii	"?\360\000?\360\000\014\000\000\014\000\000\014\000\000"
 476      F0000C00 
 476      000C0000 
 476      0C0000
 477 17c1 0C00000C 		.ascii	"\014\000\000\014\000\000\014\000\000\014\034\000\007"
 477      00000C00 
 477      000C1C00 
 477      07
ARM GAS  C:\Users\upo\AppData\Local\Temp\ccQUPQg3.s 			page 33


 478 17ce FC0003F0 		.ascii	"\374\000\003\360\000\000\000\000\000\000\000\000\000"
 478      00000000 
 478      00000000 
 478      00
 479 17db 00000000 		.ascii	"\000\000\000\000\000\000\000\000\000\000\000\000\000"
 479      00000000 
 479      00000000 
 479      00
 480 17e8 00000000 		.ascii	"\000\000\000\000\000\000\000\000\000\000\000\000\000"
 480      00000000 
 480      00000000 
 480      00
 481 17f5 00000000 		.ascii	"\000\000\000\000\000xx\000xx\000\030\030\000\030\030"
 481      00787800 
 481      78780018 
 481      18001818 
 482 1805 00181800 		.ascii	"\000\030\030\000\030\030\000\030\030\000\030\030\000"
 482      18180018 
 482      18001818 
 482      00
 483 1812 1838000F 		.ascii	"\0308\000\017\376\000\007\336\000\000\000\000\000\000"
 483      FE0007DE 
 483      00000000 
 483      0000
 484 1820 00000000 		.ascii	"\000\000\000\000\000\000\000\000\000\000\000\000\000"
 484      00000000 
 484      00000000 
 484      00
 485 182d 00000000 		.ascii	"\000\000\000\000\000\000\000\000\000\000\000\000\000"
 485      00000000 
 485      00000000 
 485      00
 486 183a 00000000 		.ascii	"\000\000\000\000\000\000\000\000|>\000|>\000\030\030"
 486      00000000 
 486      7C3E007C 
 486      3E001818 
 487 184a 00181800 		.ascii	"\000\030\030\000\0140\000\0140\000\006`\000\006`\000"
 487      0C30000C 
 487      30000660 
 487      00066000 
 488 185a 07E00003 		.ascii	"\007\340\000\003\300\000\003\300\000\000\000\000\000"
 488      C00003C0 
 488      00000000 
 488      00
 489 1867 00000000 		.ascii	"\000\000\000\000\000\000\000\000\000\000\000\000\000"
 489      00000000 
 489      00000000 
 489      00
 490 1874 00000000 		.ascii	"\000\000\000\000\000\000\000\000\000\000\000\000\000"
 490      00000000 
 490      00000000 
 490      00
 491 1881 00000000 		.ascii	"\000\000\000\000\000\000\000\000\000x<\000x<\0001\030"
 491      00000000 
 491      00783C00 
 491      783C0031 
 491      18
ARM GAS  C:\Users\upo\AppData\Local\Temp\ccQUPQg3.s 			page 34


 492 1892 00339800 		.ascii	"\0003\230\0003\230\000\032\260\000\036\360\000\036\360"
 492      3398001A 
 492      B0001EF0 
 492      001EF0
 493 18a1 001C6000 		.ascii	"\000\034`\000\014`\000\014`\000\000\000\000\000\000"
 493      0C60000C 
 493      60000000 
 493      000000
 494 18b0 00000000 		.ascii	"\000\000\000\000\000\000\000\000\000\000\000\000\000"
 494      00000000 
 494      00000000 
 494      00
 495 18bd 00000000 		.ascii	"\000\000\000\000\000\000\000\000\000\000\000\000\000"
 495      00000000 
 495      00000000 
 495      00
 496 18ca 00000000 		.ascii	"\000\000\000\000\000\000\000\000>|\000>|\000\0140\000"
 496      00000000 
 496      3E7C003E 
 496      7C000C30 
 496      00
 497 18db 06600003 		.ascii	"\006`\000\003\300\000\001\200\000\003\300\000\006`\000"
 497      C0000180 
 497      0003C000 
 497      066000
 498 18ea 0C30003E 		.ascii	"\0140\000>|\000>|\000\000\000\000\000\000\000\000\000"
 498      7C003E7C 
 498      00000000 
 498      00000000 
 498      00
 499 18fb 00000000 		.ascii	"\000\000\000\000\000\000\000\000\000\000\000\000\000"
 499      00000000 
 499      00000000 
 499      00
 500 1908 00000000 		.ascii	"\000\000\000\000\000\000\000\000\000\000\000\000\000"
 500      00000000 
 500      00000000 
 500      00
 501 1915 00000000 		.ascii	"\000\000\000\000\000~\037\000~\037\000\030\014\000\014"
 501      007E1F00 
 501      7E1F0018 
 501      0C000C
 502 1924 18000C18 		.ascii	"\030\000\014\030\000\0060\000\0060\000\003`\000\003"
 502      00063000 
 502      06300003 
 502      600003
 503 1933 E00001C0 		.ascii	"\340\000\001\300\000\000\300\000\001\200\000\001\200"
 503      0000C000 
 503      01800001 
 503      80
 504 1940 00030000 		.ascii	"\000\003\000\000?\300\000?\300\000\000\000\000\000\000"
 504      3FC0003F 
 504      C0000000 
 504      000000
 505 194f 00000000 		.ascii	"\000\000\000\000\000\000\000\000\000\000\000\000\000"
 505      00000000 
 505      00000000 
ARM GAS  C:\Users\upo\AppData\Local\Temp\ccQUPQg3.s 			page 35


 505      00
 506 195c 00000000 		.ascii	"\000\000\000\000\000\000\037\370\000\037\370\000\030"
 506      00001FF8 
 506      001FF800 
 506      18
 507 1969 30001860 		.ascii	"0\000\030`\000\000\300\000\001\200\000\003\000\000\006"
 507      0000C000 
 507      01800003 
 507      000006
 508 1978 18000C18 		.ascii	"\030\000\014\030\000\037\370\000\037\370\000\000\000"
 508      001FF800 
 508      1FF80000 
 508      00
 509 1985 00000000 		.ascii	"\000\000\000\000\000\000\000\000\000\000\000\000\000"
 509      00000000 
 509      00000000 
 509      00
 510 1992 00000000 		.ascii	"\000\000\000\000\000\000\000\000\000\000\000\000\000"
 510      00000000 
 510      00000000 
 510      00
 511 199f E00001E0 		.ascii	"\340\000\001\340\000\001\200\000\001\200\000\001\200"
 511      00018000 
 511      01800001 
 511      80
 512 19ac 00018000 		.ascii	"\000\001\200\000\001\200\000\001\200\000\003\200\000"
 512      01800001 
 512      80000380 
 512      00
 513 19b9 07000003 		.ascii	"\007\000\000\003\200\000\001\200\000\001\200\000\001"
 513      80000180 
 513      00018000 
 513      01
 514 19c6 80000180 		.ascii	"\200\000\001\200\000\001\200\000\001\340\000\000\340"
 514      00018000 
 514      01E00000 
 514      E0
 515 19d3 00000000 		.ascii	"\000\000\000\000\000\000\000\000\000\000\000\000\000"
 515      00000000 
 515      00000000 
 515      00
 516 19e0 00000000 		.ascii	"\000\000\000\000\000\000\001\200\000\001\200\000\001"
 516      00000180 
 516      00018000 
 516      01
 517 19ed 80000180 		.ascii	"\200\000\001\200\000\001\200\000\001\200\000\001\200"
 517      00018000 
 517      01800001 
 517      80
 518 19fa 00018000 		.ascii	"\000\001\200\000\001\200\000\001\200\000\001\200\000"
 518      01800001 
 518      80000180 
 518      00
 519 1a07 01800001 		.ascii	"\001\200\000\001\200\000\001\200\000\001\200\000\001"
 519      80000180 
 519      00018000 
 519      01
ARM GAS  C:\Users\upo\AppData\Local\Temp\ccQUPQg3.s 			page 36


 520 1a14 80000180 		.ascii	"\200\000\001\200\000\001\200\000\000\000\000\000\000"
 520      00018000 
 520      00000000 
 520      00
 521 1a21 00000000 		.ascii	"\000\000\000\000\000\000\000\000\000\000\000\000\000"
 521      00000000 
 521      00000000 
 521      00
 522 1a2e 07000007 		.ascii	"\007\000\000\007\200\000\001\200\000\001\200\000\001"
 522      80000180 
 522      00018000 
 522      01
 523 1a3b 80000180 		.ascii	"\200\000\001\200\000\001\200\000\001\200\000\001\300"
 523      00018000 
 523      01800001 
 523      C0
 524 1a48 0000E000 		.ascii	"\000\000\340\000\001\300\000\001\200\000\001\200\000"
 524      01C00001 
 524      80000180 
 524      00
 525 1a55 01800001 		.ascii	"\001\200\000\001\200\000\001\200\000\007\200\000\007"
 525      80000180 
 525      00078000 
 525      07
 526 1a62 00000000 		.ascii	"\000\000\000\000\000\000\000\000\000\000\000\000\000"
 526      00000000 
 526      00000000 
 526      00
 527 1a6f 00000000 		.ascii	"\000\000\000\000\000\000\000\000\000\000\000\000\000"
 527      00000000 
 527      00000000 
 527      00
 528 1a7c 00000000 		.ascii	"\000\000\000\000\000\000\000\000\000\000\000\000\016"
 528      00000000 
 528      00000000 
 528      0E
 529 1a89 00001F18 		.ascii	"\000\000\037\030\000;\270\0001\360\000\000\340\000\000"
 529      003BB800 
 529      31F00000 
 529      E00000
 530 1a98 00000000 		.ascii	"\000\000\000\000\000\000\000\000\000\000\000\000\000"
 530      00000000 
 530      00000000 
 530      00
 531 1aa5 00000000 		.ascii	"\000\000\000\000\000\000\000\000\000\000\000\000\000"
 531      00000000 
 531      00000000 
 531      00
 532 1ab2 00000000 		.ascii	"\000\000\000\000\000\000"
 532      0000
 533              		.text
 534              	.Letext0:
 535              		.file 2 "C:\\ST\\STM32CubeCLT_1.15.0\\GNU-tools-for-STM32\\bin/../lib/gcc/arm-none-eabi/12.3.1/../
 536              		.file 3 "C:\\ST\\STM32CubeCLT_1.15.0\\GNU-tools-for-STM32\\bin/../lib/gcc/arm-none-eabi/12.3.1/../
 537              		.file 4 "User/e-Paper/fonts.h"
ARM GAS  C:\Users\upo\AppData\Local\Temp\ccQUPQg3.s 			page 37


DEFINED SYMBOLS
                            *ABS*:00000000 font24.c
C:\Users\upo\AppData\Local\Temp\ccQUPQg3.s:23     .data.Font24:00000000 Font24
C:\Users\upo\AppData\Local\Temp\ccQUPQg3.s:20     .data.Font24:00000000 $d
C:\Users\upo\AppData\Local\Temp\ccQUPQg3.s:32     .rodata.Font24_Table:00000000 Font24_Table
C:\Users\upo\AppData\Local\Temp\ccQUPQg3.s:29     .rodata.Font24_Table:00000000 $d

NO UNDEFINED SYMBOLS
