ARM GAS  C:\Users\upo\AppData\Local\Temp\ccaLekt8.s 			page 1


   1              		.cpu cortex-m0plus
   2              		.arch armv6s-m
   3              		.fpu softvfp
   4              		.eabi_attribute 20, 1
   5              		.eabi_attribute 21, 1
   6              		.eabi_attribute 23, 3
   7              		.eabi_attribute 24, 1
   8              		.eabi_attribute 25, 1
   9              		.eabi_attribute 26, 1
  10              		.eabi_attribute 30, 2
  11              		.eabi_attribute 34, 0
  12              		.eabi_attribute 18, 4
  13              		.file	"stm32u0xx_hal_dma_ex.c"
  14              		.text
  15              	.Ltext0:
  16              		.cfi_sections	.debug_frame
  17              		.file 1 "Drivers/STM32U0xx_HAL_Driver/Src/stm32u0xx_hal_dma_ex.c"
  18              		.section	.text.HAL_DMAEx_ConfigMuxSync,"ax",%progbits
  19              		.align	1
  20              		.p2align 2,,3
  21              		.global	HAL_DMAEx_ConfigMuxSync
  22              		.syntax unified
  23              		.code	16
  24              		.thumb_func
  26              	HAL_DMAEx_ConfigMuxSync:
  27              	.LVL0:
  28              	.LFB334:
   1:Drivers/STM32U0xx_HAL_Driver/Src/stm32u0xx_hal_dma_ex.c **** /**
   2:Drivers/STM32U0xx_HAL_Driver/Src/stm32u0xx_hal_dma_ex.c ****   ******************************************************************************
   3:Drivers/STM32U0xx_HAL_Driver/Src/stm32u0xx_hal_dma_ex.c ****   * @file    stm32u0xx_hal_dma_ex.c
   4:Drivers/STM32U0xx_HAL_Driver/Src/stm32u0xx_hal_dma_ex.c ****   * @author  GPM Application Team
   5:Drivers/STM32U0xx_HAL_Driver/Src/stm32u0xx_hal_dma_ex.c ****   * @brief   DMA Extension HAL module driver
   6:Drivers/STM32U0xx_HAL_Driver/Src/stm32u0xx_hal_dma_ex.c ****   *         This file provides firmware functions to manage the following
   7:Drivers/STM32U0xx_HAL_Driver/Src/stm32u0xx_hal_dma_ex.c ****   *         functionalities of the DMA Extension peripheral:
   8:Drivers/STM32U0xx_HAL_Driver/Src/stm32u0xx_hal_dma_ex.c ****   *           + Extended features functions
   9:Drivers/STM32U0xx_HAL_Driver/Src/stm32u0xx_hal_dma_ex.c ****   *
  10:Drivers/STM32U0xx_HAL_Driver/Src/stm32u0xx_hal_dma_ex.c ****   @verbatim
  11:Drivers/STM32U0xx_HAL_Driver/Src/stm32u0xx_hal_dma_ex.c ****   ==============================================================================
  12:Drivers/STM32U0xx_HAL_Driver/Src/stm32u0xx_hal_dma_ex.c ****                         ##### How to use this driver #####
  13:Drivers/STM32U0xx_HAL_Driver/Src/stm32u0xx_hal_dma_ex.c ****   ==============================================================================
  14:Drivers/STM32U0xx_HAL_Driver/Src/stm32u0xx_hal_dma_ex.c ****   [..]
  15:Drivers/STM32U0xx_HAL_Driver/Src/stm32u0xx_hal_dma_ex.c ****   The DMA Extension HAL driver can be used as follows:
  16:Drivers/STM32U0xx_HAL_Driver/Src/stm32u0xx_hal_dma_ex.c ****    (+) Configure the DMAMUX Synchronization Block using HAL_DMAEx_ConfigMuxSync function.
  17:Drivers/STM32U0xx_HAL_Driver/Src/stm32u0xx_hal_dma_ex.c ****    (+) Configure the DMAMUX Request Generator Block using HAL_DMAEx_ConfigMuxRequestGenerator funct
  18:Drivers/STM32U0xx_HAL_Driver/Src/stm32u0xx_hal_dma_ex.c ****        Functions HAL_DMAEx_EnableMuxRequestGenerator and HAL_DMAEx_DisableMuxRequestGenerator can t
  19:Drivers/STM32U0xx_HAL_Driver/Src/stm32u0xx_hal_dma_ex.c ****        to respectively enable/disable the request generator.
  20:Drivers/STM32U0xx_HAL_Driver/Src/stm32u0xx_hal_dma_ex.c **** 
  21:Drivers/STM32U0xx_HAL_Driver/Src/stm32u0xx_hal_dma_ex.c ****    (+) To handle the DMAMUX Interrupts, the function  HAL_DMAEx_MUX_IRQHandler should be called fro
  22:Drivers/STM32U0xx_HAL_Driver/Src/stm32u0xx_hal_dma_ex.c ****        the DMAMUX IRQ handler i.e DMAMUX1_OVR_IRQHandler.
  23:Drivers/STM32U0xx_HAL_Driver/Src/stm32u0xx_hal_dma_ex.c ****        As only one interrupt line is available for all DMAMUX channels and request generators ,
  24:Drivers/STM32U0xx_HAL_Driver/Src/stm32u0xx_hal_dma_ex.c ****        HAL_DMAEx_MUX_IRQHandler should be called with, as parameter, the appropriate DMA handle as 
  25:Drivers/STM32U0xx_HAL_Driver/Src/stm32u0xx_hal_dma_ex.c ****        the user project (exception done if a given DMA is not using the DMAMUX SYNC block neither a
  26:Drivers/STM32U0xx_HAL_Driver/Src/stm32u0xx_hal_dma_ex.c **** 
  27:Drivers/STM32U0xx_HAL_Driver/Src/stm32u0xx_hal_dma_ex.c ****   @endverbatim
  28:Drivers/STM32U0xx_HAL_Driver/Src/stm32u0xx_hal_dma_ex.c ****   ******************************************************************************
  29:Drivers/STM32U0xx_HAL_Driver/Src/stm32u0xx_hal_dma_ex.c ****   * @attention
  30:Drivers/STM32U0xx_HAL_Driver/Src/stm32u0xx_hal_dma_ex.c ****   *
ARM GAS  C:\Users\upo\AppData\Local\Temp\ccaLekt8.s 			page 2


  31:Drivers/STM32U0xx_HAL_Driver/Src/stm32u0xx_hal_dma_ex.c ****   * Copyright (c) 2023 STMicroelectronics.
  32:Drivers/STM32U0xx_HAL_Driver/Src/stm32u0xx_hal_dma_ex.c ****   * All rights reserved.
  33:Drivers/STM32U0xx_HAL_Driver/Src/stm32u0xx_hal_dma_ex.c ****   *
  34:Drivers/STM32U0xx_HAL_Driver/Src/stm32u0xx_hal_dma_ex.c ****   * This software is licensed under terms that can be found in the LICENSE file
  35:Drivers/STM32U0xx_HAL_Driver/Src/stm32u0xx_hal_dma_ex.c ****   * in the root directory of this software component.
  36:Drivers/STM32U0xx_HAL_Driver/Src/stm32u0xx_hal_dma_ex.c ****   * If no LICENSE file comes with this software, it is provided AS-IS.
  37:Drivers/STM32U0xx_HAL_Driver/Src/stm32u0xx_hal_dma_ex.c ****   *
  38:Drivers/STM32U0xx_HAL_Driver/Src/stm32u0xx_hal_dma_ex.c ****   ******************************************************************************
  39:Drivers/STM32U0xx_HAL_Driver/Src/stm32u0xx_hal_dma_ex.c ****   */
  40:Drivers/STM32U0xx_HAL_Driver/Src/stm32u0xx_hal_dma_ex.c **** 
  41:Drivers/STM32U0xx_HAL_Driver/Src/stm32u0xx_hal_dma_ex.c **** /* Includes ------------------------------------------------------------------*/
  42:Drivers/STM32U0xx_HAL_Driver/Src/stm32u0xx_hal_dma_ex.c **** #include "stm32u0xx_hal.h"
  43:Drivers/STM32U0xx_HAL_Driver/Src/stm32u0xx_hal_dma_ex.c **** 
  44:Drivers/STM32U0xx_HAL_Driver/Src/stm32u0xx_hal_dma_ex.c **** /** @addtogroup STM32U0xx_HAL_Driver
  45:Drivers/STM32U0xx_HAL_Driver/Src/stm32u0xx_hal_dma_ex.c ****   * @{
  46:Drivers/STM32U0xx_HAL_Driver/Src/stm32u0xx_hal_dma_ex.c ****   */
  47:Drivers/STM32U0xx_HAL_Driver/Src/stm32u0xx_hal_dma_ex.c **** 
  48:Drivers/STM32U0xx_HAL_Driver/Src/stm32u0xx_hal_dma_ex.c **** /** @defgroup DMAEx DMAEx
  49:Drivers/STM32U0xx_HAL_Driver/Src/stm32u0xx_hal_dma_ex.c ****   * @brief DMA Extended HAL module driver
  50:Drivers/STM32U0xx_HAL_Driver/Src/stm32u0xx_hal_dma_ex.c ****   * @{
  51:Drivers/STM32U0xx_HAL_Driver/Src/stm32u0xx_hal_dma_ex.c ****   */
  52:Drivers/STM32U0xx_HAL_Driver/Src/stm32u0xx_hal_dma_ex.c **** 
  53:Drivers/STM32U0xx_HAL_Driver/Src/stm32u0xx_hal_dma_ex.c **** #ifdef HAL_DMA_MODULE_ENABLED
  54:Drivers/STM32U0xx_HAL_Driver/Src/stm32u0xx_hal_dma_ex.c **** 
  55:Drivers/STM32U0xx_HAL_Driver/Src/stm32u0xx_hal_dma_ex.c **** /* Private typedef -----------------------------------------------------------*/
  56:Drivers/STM32U0xx_HAL_Driver/Src/stm32u0xx_hal_dma_ex.c **** /* Private define ------------------------------------------------------------*/
  57:Drivers/STM32U0xx_HAL_Driver/Src/stm32u0xx_hal_dma_ex.c **** /* Private macro -------------------------------------------------------------*/
  58:Drivers/STM32U0xx_HAL_Driver/Src/stm32u0xx_hal_dma_ex.c **** /* Private variables ---------------------------------------------------------*/
  59:Drivers/STM32U0xx_HAL_Driver/Src/stm32u0xx_hal_dma_ex.c **** /* Private Constants ---------------------------------------------------------*/
  60:Drivers/STM32U0xx_HAL_Driver/Src/stm32u0xx_hal_dma_ex.c **** /* Private function prototypes -----------------------------------------------*/
  61:Drivers/STM32U0xx_HAL_Driver/Src/stm32u0xx_hal_dma_ex.c **** /* Exported functions --------------------------------------------------------*/
  62:Drivers/STM32U0xx_HAL_Driver/Src/stm32u0xx_hal_dma_ex.c **** 
  63:Drivers/STM32U0xx_HAL_Driver/Src/stm32u0xx_hal_dma_ex.c **** /** @defgroup DMAEx_Exported_Functions DMAEx Exported Functions
  64:Drivers/STM32U0xx_HAL_Driver/Src/stm32u0xx_hal_dma_ex.c ****   * @{
  65:Drivers/STM32U0xx_HAL_Driver/Src/stm32u0xx_hal_dma_ex.c ****   */
  66:Drivers/STM32U0xx_HAL_Driver/Src/stm32u0xx_hal_dma_ex.c **** 
  67:Drivers/STM32U0xx_HAL_Driver/Src/stm32u0xx_hal_dma_ex.c **** /** @defgroup DMAEx_Exported_Functions_Group1 DMAEx Extended features functions
  68:Drivers/STM32U0xx_HAL_Driver/Src/stm32u0xx_hal_dma_ex.c ****   *  @brief   Extended features functions
  69:Drivers/STM32U0xx_HAL_Driver/Src/stm32u0xx_hal_dma_ex.c ****   *
  70:Drivers/STM32U0xx_HAL_Driver/Src/stm32u0xx_hal_dma_ex.c **** @verbatim
  71:Drivers/STM32U0xx_HAL_Driver/Src/stm32u0xx_hal_dma_ex.c ****  ===============================================================================
  72:Drivers/STM32U0xx_HAL_Driver/Src/stm32u0xx_hal_dma_ex.c ****                 #####  Extended features functions  #####
  73:Drivers/STM32U0xx_HAL_Driver/Src/stm32u0xx_hal_dma_ex.c ****  ===============================================================================
  74:Drivers/STM32U0xx_HAL_Driver/Src/stm32u0xx_hal_dma_ex.c ****     [..]  This section provides functions allowing to:
  75:Drivers/STM32U0xx_HAL_Driver/Src/stm32u0xx_hal_dma_ex.c **** 
  76:Drivers/STM32U0xx_HAL_Driver/Src/stm32u0xx_hal_dma_ex.c ****     (+) Configure the DMAMUX Synchronization Block using HAL_DMAEx_ConfigMuxSync function.
  77:Drivers/STM32U0xx_HAL_Driver/Src/stm32u0xx_hal_dma_ex.c ****     (+) Configure the DMAMUX Request Generator Block using HAL_DMAEx_ConfigMuxRequestGenerator func
  78:Drivers/STM32U0xx_HAL_Driver/Src/stm32u0xx_hal_dma_ex.c ****        Functions HAL_DMAEx_EnableMuxRequestGenerator and HAL_DMAEx_DisableMuxRequestGenerator can t
  79:Drivers/STM32U0xx_HAL_Driver/Src/stm32u0xx_hal_dma_ex.c ****        to respectively enable/disable the request generator.
  80:Drivers/STM32U0xx_HAL_Driver/Src/stm32u0xx_hal_dma_ex.c ****     (+) Handle DMAMUX interrupts using HAL_DMAEx_MUX_IRQHandler : should be called from
  81:Drivers/STM32U0xx_HAL_Driver/Src/stm32u0xx_hal_dma_ex.c ****         the DMAMUX IRQ handler
  82:Drivers/STM32U0xx_HAL_Driver/Src/stm32u0xx_hal_dma_ex.c **** 
  83:Drivers/STM32U0xx_HAL_Driver/Src/stm32u0xx_hal_dma_ex.c **** @endverbatim
  84:Drivers/STM32U0xx_HAL_Driver/Src/stm32u0xx_hal_dma_ex.c ****   * @{
  85:Drivers/STM32U0xx_HAL_Driver/Src/stm32u0xx_hal_dma_ex.c ****   */
  86:Drivers/STM32U0xx_HAL_Driver/Src/stm32u0xx_hal_dma_ex.c **** 
  87:Drivers/STM32U0xx_HAL_Driver/Src/stm32u0xx_hal_dma_ex.c **** /**
ARM GAS  C:\Users\upo\AppData\Local\Temp\ccaLekt8.s 			page 3


  88:Drivers/STM32U0xx_HAL_Driver/Src/stm32u0xx_hal_dma_ex.c ****   * @brief Configure the DMAMUX synchronization parameters for a given DMA channel (instance).
  89:Drivers/STM32U0xx_HAL_Driver/Src/stm32u0xx_hal_dma_ex.c ****   * @param hdma Pointer to a DMA_HandleTypeDef structure that contains
  90:Drivers/STM32U0xx_HAL_Driver/Src/stm32u0xx_hal_dma_ex.c ****   *             the configuration information for the specified DMA channel.
  91:Drivers/STM32U0xx_HAL_Driver/Src/stm32u0xx_hal_dma_ex.c ****   * @param pSyncConfig Pointer to HAL_DMA_MuxSyncConfigTypeDef contains the DMAMUX synchronization 
  92:Drivers/STM32U0xx_HAL_Driver/Src/stm32u0xx_hal_dma_ex.c ****   * @retval HAL status
  93:Drivers/STM32U0xx_HAL_Driver/Src/stm32u0xx_hal_dma_ex.c ****   */
  94:Drivers/STM32U0xx_HAL_Driver/Src/stm32u0xx_hal_dma_ex.c **** HAL_StatusTypeDef HAL_DMAEx_ConfigMuxSync(DMA_HandleTypeDef *hdma, HAL_DMA_MuxSyncConfigTypeDef *pS
  95:Drivers/STM32U0xx_HAL_Driver/Src/stm32u0xx_hal_dma_ex.c **** {
  29              		.loc 1 95 1 view -0
  30              		.cfi_startproc
  31              		@ args = 0, pretend = 0, frame = 0
  32              		@ frame_needed = 0, uses_anonymous_args = 0
  96:Drivers/STM32U0xx_HAL_Driver/Src/stm32u0xx_hal_dma_ex.c ****   /* Check the parameters */
  97:Drivers/STM32U0xx_HAL_Driver/Src/stm32u0xx_hal_dma_ex.c ****   assert_param(IS_DMA_ALL_INSTANCE(hdma->Instance));
  33              		.loc 1 97 3 view .LVU1
  98:Drivers/STM32U0xx_HAL_Driver/Src/stm32u0xx_hal_dma_ex.c **** 
  99:Drivers/STM32U0xx_HAL_Driver/Src/stm32u0xx_hal_dma_ex.c ****   assert_param(IS_DMAMUX_SYNC_SIGNAL_ID(pSyncConfig->SyncSignalID));
  34              		.loc 1 99 3 view .LVU2
 100:Drivers/STM32U0xx_HAL_Driver/Src/stm32u0xx_hal_dma_ex.c **** 
 101:Drivers/STM32U0xx_HAL_Driver/Src/stm32u0xx_hal_dma_ex.c ****   assert_param(IS_DMAMUX_SYNC_POLARITY(pSyncConfig-> SyncPolarity));
  35              		.loc 1 101 3 view .LVU3
 102:Drivers/STM32U0xx_HAL_Driver/Src/stm32u0xx_hal_dma_ex.c ****   assert_param(IS_DMAMUX_SYNC_STATE(pSyncConfig->SyncEnable));
  36              		.loc 1 102 3 view .LVU4
 103:Drivers/STM32U0xx_HAL_Driver/Src/stm32u0xx_hal_dma_ex.c ****   assert_param(IS_DMAMUX_SYNC_EVENT(pSyncConfig->EventEnable));
  37              		.loc 1 103 3 view .LVU5
 104:Drivers/STM32U0xx_HAL_Driver/Src/stm32u0xx_hal_dma_ex.c ****   assert_param(IS_DMAMUX_SYNC_REQUEST_NUMBER(pSyncConfig->RequestNumber));
  38              		.loc 1 104 3 view .LVU6
 105:Drivers/STM32U0xx_HAL_Driver/Src/stm32u0xx_hal_dma_ex.c **** 
 106:Drivers/STM32U0xx_HAL_Driver/Src/stm32u0xx_hal_dma_ex.c ****   /*Check if the DMA state is ready */
 107:Drivers/STM32U0xx_HAL_Driver/Src/stm32u0xx_hal_dma_ex.c ****   if (hdma->State == HAL_DMA_STATE_READY)
  39              		.loc 1 107 3 view .LVU7
  40              		.loc 1 107 11 is_stmt 0 view .LVU8
  41 0000 2523     		movs	r3, #37
  95:Drivers/STM32U0xx_HAL_Driver/Src/stm32u0xx_hal_dma_ex.c ****   /* Check the parameters */
  42              		.loc 1 95 1 view .LVU9
  43 0002 F0B5     		push	{r4, r5, r6, r7, lr}
  44              	.LCFI0:
  45              		.cfi_def_cfa_offset 20
  46              		.cfi_offset 4, -20
  47              		.cfi_offset 5, -16
  48              		.cfi_offset 6, -12
  49              		.cfi_offset 7, -8
  50              		.cfi_offset 14, -4
  51              		.loc 1 107 11 view .LVU10
  52 0004 C35C     		ldrb	r3, [r0, r3]
  53              		.loc 1 107 6 view .LVU11
  54 0006 012B     		cmp	r3, #1
  55 0008 1AD1     		bne	.L2
 108:Drivers/STM32U0xx_HAL_Driver/Src/stm32u0xx_hal_dma_ex.c ****   {
 109:Drivers/STM32U0xx_HAL_Driver/Src/stm32u0xx_hal_dma_ex.c ****     /* Process Locked */
 110:Drivers/STM32U0xx_HAL_Driver/Src/stm32u0xx_hal_dma_ex.c ****     __HAL_LOCK(hdma);
  56              		.loc 1 110 5 is_stmt 1 view .LVU12
  57              		.loc 1 110 5 view .LVU13
  58 000a 2424     		movs	r4, #36
  59 000c 035D     		ldrb	r3, [r0, r4]
  60 000e 012B     		cmp	r3, #1
  61 0010 1AD0     		beq	.L4
ARM GAS  C:\Users\upo\AppData\Local\Temp\ccaLekt8.s 			page 4


  62              		.loc 1 110 5 discriminator 2 view .LVU14
  63              		.loc 1 110 5 discriminator 2 view .LVU15
 111:Drivers/STM32U0xx_HAL_Driver/Src/stm32u0xx_hal_dma_ex.c **** 
 112:Drivers/STM32U0xx_HAL_Driver/Src/stm32u0xx_hal_dma_ex.c ****     /* Set the new synchronization parameters (and keep the request ID filled during the Init)*/
 113:Drivers/STM32U0xx_HAL_Driver/Src/stm32u0xx_hal_dma_ex.c ****     MODIFY_REG(hdma->DMAmuxChannel->CCR, \
  64              		.loc 1 113 5 discriminator 2 view .LVU16
  65 0012 CB68     		ldr	r3, [r1, #12]
  66 0014 0A68     		ldr	r2, [r1]
  67 0016 4F68     		ldr	r7, [r1, #4]
  68 0018 013B     		subs	r3, r3, #1
  69 001a 3A43     		orrs	r2, r7
  70 001c DB04     		lsls	r3, r3, #19
  71 001e 1343     		orrs	r3, r2
  72 0020 0A7A     		ldrb	r2, [r1, #8]
  73 0022 856C     		ldr	r5, [r0, #72]
  74 0024 1204     		lsls	r2, r2, #16
  75 0026 1343     		orrs	r3, r2
  76 0028 4A7A     		ldrb	r2, [r1, #9]
  77 002a 2E68     		ldr	r6, [r5]
  78 002c 5202     		lsls	r2, r2, #9
  79 002e 1343     		orrs	r3, r2
  80 0030 FF22     		movs	r2, #255
  81 0032 3240     		ands	r2, r6
  82 0034 1343     		orrs	r3, r2
  83 0036 2B60     		str	r3, [r5]
 114:Drivers/STM32U0xx_HAL_Driver/Src/stm32u0xx_hal_dma_ex.c ****                (~DMAMUX_CxCR_DMAREQ_ID), \
 115:Drivers/STM32U0xx_HAL_Driver/Src/stm32u0xx_hal_dma_ex.c ****                (pSyncConfig->SyncSignalID | ((pSyncConfig->RequestNumber - 1U) << DMAMUX_CxCR_NBREQ
 116:Drivers/STM32U0xx_HAL_Driver/Src/stm32u0xx_hal_dma_ex.c ****                 pSyncConfig->SyncPolarity | ((uint32_t)pSyncConfig->SyncEnable << DMAMUX_CxCR_SE_Po
 117:Drivers/STM32U0xx_HAL_Driver/Src/stm32u0xx_hal_dma_ex.c ****                 ((uint32_t)pSyncConfig->EventEnable << DMAMUX_CxCR_EGE_Pos)));
 118:Drivers/STM32U0xx_HAL_Driver/Src/stm32u0xx_hal_dma_ex.c **** 
 119:Drivers/STM32U0xx_HAL_Driver/Src/stm32u0xx_hal_dma_ex.c ****     /* Process UnLocked */
 120:Drivers/STM32U0xx_HAL_Driver/Src/stm32u0xx_hal_dma_ex.c ****     __HAL_UNLOCK(hdma);
  84              		.loc 1 120 5 discriminator 2 view .LVU17
  85              		.loc 1 120 5 discriminator 2 view .LVU18
  86 0038 0023     		movs	r3, #0
  87 003a 0355     		strb	r3, [r0, r4]
  88              		.loc 1 120 5 discriminator 2 view .LVU19
 121:Drivers/STM32U0xx_HAL_Driver/Src/stm32u0xx_hal_dma_ex.c **** 
 122:Drivers/STM32U0xx_HAL_Driver/Src/stm32u0xx_hal_dma_ex.c ****     return HAL_OK;
  89              		.loc 1 122 5 discriminator 2 view .LVU20
  90              		.loc 1 122 12 is_stmt 0 discriminator 2 view .LVU21
  91 003c 0020     		movs	r0, #0
  92              	.LVL1:
  93              		.loc 1 122 12 discriminator 2 view .LVU22
  94 003e 02E0     		b	.L3
  95              	.LVL2:
  96              	.L2:
 123:Drivers/STM32U0xx_HAL_Driver/Src/stm32u0xx_hal_dma_ex.c ****   }
 124:Drivers/STM32U0xx_HAL_Driver/Src/stm32u0xx_hal_dma_ex.c ****   else
 125:Drivers/STM32U0xx_HAL_Driver/Src/stm32u0xx_hal_dma_ex.c ****   {
 126:Drivers/STM32U0xx_HAL_Driver/Src/stm32u0xx_hal_dma_ex.c ****     /* Set the error code to busy */
 127:Drivers/STM32U0xx_HAL_Driver/Src/stm32u0xx_hal_dma_ex.c ****     hdma->ErrorCode = HAL_DMA_ERROR_BUSY;
  97              		.loc 1 127 5 is_stmt 1 view .LVU23
  98              		.loc 1 127 21 is_stmt 0 view .LVU24
  99 0040 8023     		movs	r3, #128
 100 0042 C363     		str	r3, [r0, #60]
 128:Drivers/STM32U0xx_HAL_Driver/Src/stm32u0xx_hal_dma_ex.c **** 
ARM GAS  C:\Users\upo\AppData\Local\Temp\ccaLekt8.s 			page 5


 129:Drivers/STM32U0xx_HAL_Driver/Src/stm32u0xx_hal_dma_ex.c ****     /* Return error status */
 130:Drivers/STM32U0xx_HAL_Driver/Src/stm32u0xx_hal_dma_ex.c ****     return HAL_ERROR;
 101              		.loc 1 130 5 is_stmt 1 view .LVU25
 102              		.loc 1 130 12 is_stmt 0 view .LVU26
 103 0044 0120     		movs	r0, #1
 104              	.LVL3:
 105              	.L3:
 131:Drivers/STM32U0xx_HAL_Driver/Src/stm32u0xx_hal_dma_ex.c ****   }
 132:Drivers/STM32U0xx_HAL_Driver/Src/stm32u0xx_hal_dma_ex.c **** }
 106              		.loc 1 132 1 view .LVU27
 107              		@ sp needed
 108 0046 F0BD     		pop	{r4, r5, r6, r7, pc}
 109              	.LVL4:
 110              	.L4:
 110:Drivers/STM32U0xx_HAL_Driver/Src/stm32u0xx_hal_dma_ex.c **** 
 111              		.loc 1 110 5 view .LVU28
 112 0048 0220     		movs	r0, #2
 113              	.LVL5:
 110:Drivers/STM32U0xx_HAL_Driver/Src/stm32u0xx_hal_dma_ex.c **** 
 114              		.loc 1 110 5 view .LVU29
 115 004a FCE7     		b	.L3
 116              		.cfi_endproc
 117              	.LFE334:
 119              		.section	.text.HAL_DMAEx_ConfigMuxRequestGenerator,"ax",%progbits
 120              		.align	1
 121              		.p2align 2,,3
 122              		.global	HAL_DMAEx_ConfigMuxRequestGenerator
 123              		.syntax unified
 124              		.code	16
 125              		.thumb_func
 127              	HAL_DMAEx_ConfigMuxRequestGenerator:
 128              	.LVL6:
 129              	.LFB335:
 133:Drivers/STM32U0xx_HAL_Driver/Src/stm32u0xx_hal_dma_ex.c **** 
 134:Drivers/STM32U0xx_HAL_Driver/Src/stm32u0xx_hal_dma_ex.c **** /**
 135:Drivers/STM32U0xx_HAL_Driver/Src/stm32u0xx_hal_dma_ex.c ****   * @brief Configure the DMAMUX request generator block used by the given DMA channel (instance).
 136:Drivers/STM32U0xx_HAL_Driver/Src/stm32u0xx_hal_dma_ex.c ****   * @param hdma Pointer to a DMA_HandleTypeDef structure that contains
 137:Drivers/STM32U0xx_HAL_Driver/Src/stm32u0xx_hal_dma_ex.c ****   *             the configuration information for the specified DMA channel.
 138:Drivers/STM32U0xx_HAL_Driver/Src/stm32u0xx_hal_dma_ex.c ****   * @param pRequestGeneratorConfig Pointer to HAL_DMA_MuxRequestGeneratorConfigTypeDef
 139:Drivers/STM32U0xx_HAL_Driver/Src/stm32u0xx_hal_dma_ex.c ****   *                                contains the request generator parameters.
 140:Drivers/STM32U0xx_HAL_Driver/Src/stm32u0xx_hal_dma_ex.c ****   *
 141:Drivers/STM32U0xx_HAL_Driver/Src/stm32u0xx_hal_dma_ex.c ****   * @retval HAL status
 142:Drivers/STM32U0xx_HAL_Driver/Src/stm32u0xx_hal_dma_ex.c ****   */
 143:Drivers/STM32U0xx_HAL_Driver/Src/stm32u0xx_hal_dma_ex.c **** HAL_StatusTypeDef HAL_DMAEx_ConfigMuxRequestGenerator(DMA_HandleTypeDef *hdma,
 144:Drivers/STM32U0xx_HAL_Driver/Src/stm32u0xx_hal_dma_ex.c ****                                                       HAL_DMA_MuxRequestGeneratorConfigTypeDef *pRe
 145:Drivers/STM32U0xx_HAL_Driver/Src/stm32u0xx_hal_dma_ex.c **** {
 130              		.loc 1 145 1 is_stmt 1 view -0
 131              		.cfi_startproc
 132              		@ args = 0, pretend = 0, frame = 0
 133              		@ frame_needed = 0, uses_anonymous_args = 0
 146:Drivers/STM32U0xx_HAL_Driver/Src/stm32u0xx_hal_dma_ex.c ****   HAL_StatusTypeDef status;
 134              		.loc 1 146 3 view .LVU31
 147:Drivers/STM32U0xx_HAL_Driver/Src/stm32u0xx_hal_dma_ex.c ****   HAL_DMA_StateTypeDef temp_state = hdma->State;
 135              		.loc 1 147 3 view .LVU32
 136              		.loc 1 147 24 is_stmt 0 view .LVU33
 137 0000 2523     		movs	r3, #37
 145:Drivers/STM32U0xx_HAL_Driver/Src/stm32u0xx_hal_dma_ex.c ****   HAL_StatusTypeDef status;
ARM GAS  C:\Users\upo\AppData\Local\Temp\ccaLekt8.s 			page 6


 138              		.loc 1 145 1 view .LVU34
 139 0002 70B5     		push	{r4, r5, r6, lr}
 140              	.LCFI1:
 141              		.cfi_def_cfa_offset 16
 142              		.cfi_offset 4, -16
 143              		.cfi_offset 5, -12
 144              		.cfi_offset 6, -8
 145              		.cfi_offset 14, -4
 148:Drivers/STM32U0xx_HAL_Driver/Src/stm32u0xx_hal_dma_ex.c **** 
 149:Drivers/STM32U0xx_HAL_Driver/Src/stm32u0xx_hal_dma_ex.c ****   /* Check the parameters */
 150:Drivers/STM32U0xx_HAL_Driver/Src/stm32u0xx_hal_dma_ex.c ****   assert_param(IS_DMA_ALL_INSTANCE(hdma->Instance));
 151:Drivers/STM32U0xx_HAL_Driver/Src/stm32u0xx_hal_dma_ex.c **** 
 152:Drivers/STM32U0xx_HAL_Driver/Src/stm32u0xx_hal_dma_ex.c ****   assert_param(IS_DMAMUX_REQUEST_GEN_SIGNAL_ID(pRequestGeneratorConfig->SignalID));
 153:Drivers/STM32U0xx_HAL_Driver/Src/stm32u0xx_hal_dma_ex.c **** 
 154:Drivers/STM32U0xx_HAL_Driver/Src/stm32u0xx_hal_dma_ex.c ****   assert_param(IS_DMAMUX_REQUEST_GEN_POLARITY(pRequestGeneratorConfig->Polarity));
 155:Drivers/STM32U0xx_HAL_Driver/Src/stm32u0xx_hal_dma_ex.c ****   assert_param(IS_DMAMUX_REQUEST_GEN_REQUEST_NUMBER(pRequestGeneratorConfig->RequestNumber));
 156:Drivers/STM32U0xx_HAL_Driver/Src/stm32u0xx_hal_dma_ex.c **** 
 157:Drivers/STM32U0xx_HAL_Driver/Src/stm32u0xx_hal_dma_ex.c ****   /* check if the DMA state is ready
 158:Drivers/STM32U0xx_HAL_Driver/Src/stm32u0xx_hal_dma_ex.c ****      and DMA is using a DMAMUX request generator block
 159:Drivers/STM32U0xx_HAL_Driver/Src/stm32u0xx_hal_dma_ex.c ****   */
 160:Drivers/STM32U0xx_HAL_Driver/Src/stm32u0xx_hal_dma_ex.c ****   if (hdma->DMAmuxRequestGen == 0U)
 146              		.loc 1 160 11 view .LVU35
 147 0004 426D     		ldr	r2, [r0, #84]
 147:Drivers/STM32U0xx_HAL_Driver/Src/stm32u0xx_hal_dma_ex.c **** 
 148              		.loc 1 147 24 view .LVU36
 149 0006 C35C     		ldrb	r3, [r0, r3]
 150 0008 DBB2     		uxtb	r3, r3
 151              	.LVL7:
 150:Drivers/STM32U0xx_HAL_Driver/Src/stm32u0xx_hal_dma_ex.c **** 
 152              		.loc 1 150 3 is_stmt 1 view .LVU37
 152:Drivers/STM32U0xx_HAL_Driver/Src/stm32u0xx_hal_dma_ex.c **** 
 153              		.loc 1 152 3 view .LVU38
 154:Drivers/STM32U0xx_HAL_Driver/Src/stm32u0xx_hal_dma_ex.c ****   assert_param(IS_DMAMUX_REQUEST_GEN_REQUEST_NUMBER(pRequestGeneratorConfig->RequestNumber));
 154              		.loc 1 154 3 view .LVU39
 155:Drivers/STM32U0xx_HAL_Driver/Src/stm32u0xx_hal_dma_ex.c **** 
 155              		.loc 1 155 3 view .LVU40
 156              		.loc 1 160 3 view .LVU41
 157              		.loc 1 160 6 is_stmt 0 view .LVU42
 158 000a 002A     		cmp	r2, #0
 159 000c 0CD0     		beq	.L12
 161:Drivers/STM32U0xx_HAL_Driver/Src/stm32u0xx_hal_dma_ex.c ****   {
 162:Drivers/STM32U0xx_HAL_Driver/Src/stm32u0xx_hal_dma_ex.c ****     /* Set the error code to busy */
 163:Drivers/STM32U0xx_HAL_Driver/Src/stm32u0xx_hal_dma_ex.c ****     hdma->ErrorCode = HAL_DMA_ERROR_PARAM;
 164:Drivers/STM32U0xx_HAL_Driver/Src/stm32u0xx_hal_dma_ex.c **** 
 165:Drivers/STM32U0xx_HAL_Driver/Src/stm32u0xx_hal_dma_ex.c ****     /* error status */
 166:Drivers/STM32U0xx_HAL_Driver/Src/stm32u0xx_hal_dma_ex.c ****     status = HAL_ERROR;
 167:Drivers/STM32U0xx_HAL_Driver/Src/stm32u0xx_hal_dma_ex.c ****   }
 168:Drivers/STM32U0xx_HAL_Driver/Src/stm32u0xx_hal_dma_ex.c ****   else if (((hdma->DMAmuxRequestGen->RGCR & DMAMUX_RGxCR_GE) == 0U) && (temp_state == HAL_DMA_STATE
 160              		.loc 1 168 8 is_stmt 1 view .LVU43
 161              		.loc 1 168 36 is_stmt 0 view .LVU44
 162 000e 1568     		ldr	r5, [r2]
 163              		.loc 1 168 43 view .LVU45
 164 0010 8024     		movs	r4, #128
 165 0012 2E00     		movs	r6, r5
 166 0014 6402     		lsls	r4, r4, #9
 167 0016 2640     		ands	r6, r4
 168              		.loc 1 168 11 view .LVU46
ARM GAS  C:\Users\upo\AppData\Local\Temp\ccaLekt8.s 			page 7


 169 0018 2542     		tst	r5, r4
 170 001a 01D1     		bne	.L9
 171              		.loc 1 168 69 discriminator 1 view .LVU47
 172 001c 012B     		cmp	r3, #1
 173 001e 06D0     		beq	.L13
 174              	.L9:
 169:Drivers/STM32U0xx_HAL_Driver/Src/stm32u0xx_hal_dma_ex.c ****   {
 170:Drivers/STM32U0xx_HAL_Driver/Src/stm32u0xx_hal_dma_ex.c ****     /* RequestGenerator must be disable prior to the configuration i.e GE bit is 0 */
 171:Drivers/STM32U0xx_HAL_Driver/Src/stm32u0xx_hal_dma_ex.c **** 
 172:Drivers/STM32U0xx_HAL_Driver/Src/stm32u0xx_hal_dma_ex.c ****     /* Process Locked */
 173:Drivers/STM32U0xx_HAL_Driver/Src/stm32u0xx_hal_dma_ex.c ****     __HAL_LOCK(hdma);
 174:Drivers/STM32U0xx_HAL_Driver/Src/stm32u0xx_hal_dma_ex.c **** 
 175:Drivers/STM32U0xx_HAL_Driver/Src/stm32u0xx_hal_dma_ex.c ****     /* Set the request generator new parameters*/
 176:Drivers/STM32U0xx_HAL_Driver/Src/stm32u0xx_hal_dma_ex.c ****     hdma->DMAmuxRequestGen->RGCR = pRequestGeneratorConfig->SignalID | \
 177:Drivers/STM32U0xx_HAL_Driver/Src/stm32u0xx_hal_dma_ex.c ****                                    ((pRequestGeneratorConfig->RequestNumber - 1U) << DMAMUX_RGxCR_G
 178:Drivers/STM32U0xx_HAL_Driver/Src/stm32u0xx_hal_dma_ex.c ****                                    pRequestGeneratorConfig->Polarity;
 179:Drivers/STM32U0xx_HAL_Driver/Src/stm32u0xx_hal_dma_ex.c ****     /* Process UnLocked */
 180:Drivers/STM32U0xx_HAL_Driver/Src/stm32u0xx_hal_dma_ex.c ****     __HAL_UNLOCK(hdma);
 181:Drivers/STM32U0xx_HAL_Driver/Src/stm32u0xx_hal_dma_ex.c **** 
 182:Drivers/STM32U0xx_HAL_Driver/Src/stm32u0xx_hal_dma_ex.c ****     return HAL_OK;
 183:Drivers/STM32U0xx_HAL_Driver/Src/stm32u0xx_hal_dma_ex.c ****   }
 184:Drivers/STM32U0xx_HAL_Driver/Src/stm32u0xx_hal_dma_ex.c ****   else
 185:Drivers/STM32U0xx_HAL_Driver/Src/stm32u0xx_hal_dma_ex.c ****   {
 186:Drivers/STM32U0xx_HAL_Driver/Src/stm32u0xx_hal_dma_ex.c ****     /* Set the error code to busy */
 187:Drivers/STM32U0xx_HAL_Driver/Src/stm32u0xx_hal_dma_ex.c ****     hdma->ErrorCode = HAL_DMA_ERROR_BUSY;
 175              		.loc 1 187 5 is_stmt 1 view .LVU48
 176              		.loc 1 187 21 is_stmt 0 view .LVU49
 177 0020 8023     		movs	r3, #128
 178              	.LVL8:
 179              		.loc 1 187 21 view .LVU50
 180 0022 C363     		str	r3, [r0, #60]
 188:Drivers/STM32U0xx_HAL_Driver/Src/stm32u0xx_hal_dma_ex.c **** 
 189:Drivers/STM32U0xx_HAL_Driver/Src/stm32u0xx_hal_dma_ex.c ****     /* error status */
 190:Drivers/STM32U0xx_HAL_Driver/Src/stm32u0xx_hal_dma_ex.c ****     status = HAL_ERROR;
 181              		.loc 1 190 5 is_stmt 1 view .LVU51
 182              	.LVL9:
 183              	.L10:
 191:Drivers/STM32U0xx_HAL_Driver/Src/stm32u0xx_hal_dma_ex.c ****   }
 192:Drivers/STM32U0xx_HAL_Driver/Src/stm32u0xx_hal_dma_ex.c **** 
 193:Drivers/STM32U0xx_HAL_Driver/Src/stm32u0xx_hal_dma_ex.c ****   return status;
 184              		.loc 1 193 10 is_stmt 0 view .LVU52
 185 0024 0120     		movs	r0, #1
 186              	.LVL10:
 187              	.L8:
 194:Drivers/STM32U0xx_HAL_Driver/Src/stm32u0xx_hal_dma_ex.c **** }
 188              		.loc 1 194 1 view .LVU53
 189              		@ sp needed
 190 0026 70BD     		pop	{r4, r5, r6, pc}
 191              	.LVL11:
 192              	.L12:
 163:Drivers/STM32U0xx_HAL_Driver/Src/stm32u0xx_hal_dma_ex.c **** 
 193              		.loc 1 163 5 is_stmt 1 view .LVU54
 163:Drivers/STM32U0xx_HAL_Driver/Src/stm32u0xx_hal_dma_ex.c **** 
 194              		.loc 1 163 21 is_stmt 0 view .LVU55
 195 0028 4023     		movs	r3, #64
 196              	.LVL12:
 163:Drivers/STM32U0xx_HAL_Driver/Src/stm32u0xx_hal_dma_ex.c **** 
ARM GAS  C:\Users\upo\AppData\Local\Temp\ccaLekt8.s 			page 8


 197              		.loc 1 163 21 view .LVU56
 198 002a C363     		str	r3, [r0, #60]
 166:Drivers/STM32U0xx_HAL_Driver/Src/stm32u0xx_hal_dma_ex.c ****   }
 199              		.loc 1 166 5 is_stmt 1 view .LVU57
 200              	.LVL13:
 166:Drivers/STM32U0xx_HAL_Driver/Src/stm32u0xx_hal_dma_ex.c ****   }
 201              		.loc 1 166 5 is_stmt 0 view .LVU58
 202 002c FAE7     		b	.L10
 203              	.LVL14:
 204              	.L13:
 173:Drivers/STM32U0xx_HAL_Driver/Src/stm32u0xx_hal_dma_ex.c **** 
 205              		.loc 1 173 5 is_stmt 1 view .LVU59
 173:Drivers/STM32U0xx_HAL_Driver/Src/stm32u0xx_hal_dma_ex.c **** 
 206              		.loc 1 173 5 view .LVU60
 207 002e 2425     		movs	r5, #36
 208 0030 435D     		ldrb	r3, [r0, r5]
 209              	.LVL15:
 173:Drivers/STM32U0xx_HAL_Driver/Src/stm32u0xx_hal_dma_ex.c **** 
 210              		.loc 1 173 5 is_stmt 0 view .LVU61
 211 0032 012B     		cmp	r3, #1
 212 0034 09D0     		beq	.L11
 173:Drivers/STM32U0xx_HAL_Driver/Src/stm32u0xx_hal_dma_ex.c **** 
 213              		.loc 1 173 5 is_stmt 1 discriminator 2 view .LVU62
 173:Drivers/STM32U0xx_HAL_Driver/Src/stm32u0xx_hal_dma_ex.c **** 
 214              		.loc 1 173 5 discriminator 2 view .LVU63
 176:Drivers/STM32U0xx_HAL_Driver/Src/stm32u0xx_hal_dma_ex.c ****                                    ((pRequestGeneratorConfig->RequestNumber - 1U) << DMAMUX_RGxCR_G
 215              		.loc 1 176 5 discriminator 2 view .LVU64
 177:Drivers/STM32U0xx_HAL_Driver/Src/stm32u0xx_hal_dma_ex.c ****                                    pRequestGeneratorConfig->Polarity;
 216              		.loc 1 177 77 is_stmt 0 discriminator 2 view .LVU65
 217 0036 8B68     		ldr	r3, [r1, #8]
 177:Drivers/STM32U0xx_HAL_Driver/Src/stm32u0xx_hal_dma_ex.c ****                                    pRequestGeneratorConfig->Polarity;
 218              		.loc 1 177 111 discriminator 2 view .LVU66
 219 0038 12C9     		ldmia	r1, {r1, r4}
 220              	.LVL16:
 177:Drivers/STM32U0xx_HAL_Driver/Src/stm32u0xx_hal_dma_ex.c ****                                    pRequestGeneratorConfig->Polarity;
 221              		.loc 1 177 77 discriminator 2 view .LVU67
 222 003a 013B     		subs	r3, r3, #1
 177:Drivers/STM32U0xx_HAL_Driver/Src/stm32u0xx_hal_dma_ex.c ****                                    pRequestGeneratorConfig->Polarity;
 223              		.loc 1 177 83 discriminator 2 view .LVU68
 224 003c DB04     		lsls	r3, r3, #19
 177:Drivers/STM32U0xx_HAL_Driver/Src/stm32u0xx_hal_dma_ex.c ****                                    pRequestGeneratorConfig->Polarity;
 225              		.loc 1 177 111 discriminator 2 view .LVU69
 226 003e 2143     		orrs	r1, r4
 227 0040 0B43     		orrs	r3, r1
 176:Drivers/STM32U0xx_HAL_Driver/Src/stm32u0xx_hal_dma_ex.c ****                                    ((pRequestGeneratorConfig->RequestNumber - 1U) << DMAMUX_RGxCR_G
 228              		.loc 1 176 34 discriminator 2 view .LVU70
 229 0042 1360     		str	r3, [r2]
 180:Drivers/STM32U0xx_HAL_Driver/Src/stm32u0xx_hal_dma_ex.c **** 
 230              		.loc 1 180 5 is_stmt 1 discriminator 2 view .LVU71
 180:Drivers/STM32U0xx_HAL_Driver/Src/stm32u0xx_hal_dma_ex.c **** 
 231              		.loc 1 180 5 discriminator 2 view .LVU72
 232 0044 4655     		strb	r6, [r0, r5]
 180:Drivers/STM32U0xx_HAL_Driver/Src/stm32u0xx_hal_dma_ex.c **** 
 233              		.loc 1 180 5 discriminator 2 view .LVU73
 182:Drivers/STM32U0xx_HAL_Driver/Src/stm32u0xx_hal_dma_ex.c ****   }
 234              		.loc 1 182 5 discriminator 2 view .LVU74
 182:Drivers/STM32U0xx_HAL_Driver/Src/stm32u0xx_hal_dma_ex.c ****   }
ARM GAS  C:\Users\upo\AppData\Local\Temp\ccaLekt8.s 			page 9


 235              		.loc 1 182 12 is_stmt 0 discriminator 2 view .LVU75
 236 0046 0020     		movs	r0, #0
 237              	.LVL17:
 182:Drivers/STM32U0xx_HAL_Driver/Src/stm32u0xx_hal_dma_ex.c ****   }
 238              		.loc 1 182 12 discriminator 2 view .LVU76
 239 0048 EDE7     		b	.L8
 240              	.LVL18:
 241              	.L11:
 173:Drivers/STM32U0xx_HAL_Driver/Src/stm32u0xx_hal_dma_ex.c **** 
 242              		.loc 1 173 5 view .LVU77
 243 004a 0220     		movs	r0, #2
 244              	.LVL19:
 173:Drivers/STM32U0xx_HAL_Driver/Src/stm32u0xx_hal_dma_ex.c **** 
 245              		.loc 1 173 5 view .LVU78
 246 004c EBE7     		b	.L8
 247              		.cfi_endproc
 248              	.LFE335:
 250 004e C046     		.section	.text.HAL_DMAEx_EnableMuxRequestGenerator,"ax",%progbits
 251              		.align	1
 252              		.p2align 2,,3
 253              		.global	HAL_DMAEx_EnableMuxRequestGenerator
 254              		.syntax unified
 255              		.code	16
 256              		.thumb_func
 258              	HAL_DMAEx_EnableMuxRequestGenerator:
 259              	.LVL20:
 260              	.LFB336:
 195:Drivers/STM32U0xx_HAL_Driver/Src/stm32u0xx_hal_dma_ex.c **** 
 196:Drivers/STM32U0xx_HAL_Driver/Src/stm32u0xx_hal_dma_ex.c **** /**
 197:Drivers/STM32U0xx_HAL_Driver/Src/stm32u0xx_hal_dma_ex.c ****   * @brief Enable the DMAMUX request generator block used by the given DMA channel (instance).
 198:Drivers/STM32U0xx_HAL_Driver/Src/stm32u0xx_hal_dma_ex.c ****   * @param hdma Pointer to a DMA_HandleTypeDef structure that contains
 199:Drivers/STM32U0xx_HAL_Driver/Src/stm32u0xx_hal_dma_ex.c ****   *             the configuration information for the specified DMA channel.
 200:Drivers/STM32U0xx_HAL_Driver/Src/stm32u0xx_hal_dma_ex.c ****   * @retval HAL status
 201:Drivers/STM32U0xx_HAL_Driver/Src/stm32u0xx_hal_dma_ex.c ****   */
 202:Drivers/STM32U0xx_HAL_Driver/Src/stm32u0xx_hal_dma_ex.c **** HAL_StatusTypeDef HAL_DMAEx_EnableMuxRequestGenerator(DMA_HandleTypeDef *hdma)
 203:Drivers/STM32U0xx_HAL_Driver/Src/stm32u0xx_hal_dma_ex.c **** {
 261              		.loc 1 203 1 is_stmt 1 view -0
 262              		.cfi_startproc
 263              		@ args = 0, pretend = 0, frame = 0
 264              		@ frame_needed = 0, uses_anonymous_args = 0
 265              		@ link register save eliminated.
 204:Drivers/STM32U0xx_HAL_Driver/Src/stm32u0xx_hal_dma_ex.c ****   /* Check the parameters */
 205:Drivers/STM32U0xx_HAL_Driver/Src/stm32u0xx_hal_dma_ex.c ****   assert_param(IS_DMA_ALL_INSTANCE(hdma->Instance));
 266              		.loc 1 205 3 view .LVU80
 206:Drivers/STM32U0xx_HAL_Driver/Src/stm32u0xx_hal_dma_ex.c **** 
 207:Drivers/STM32U0xx_HAL_Driver/Src/stm32u0xx_hal_dma_ex.c ****   /* check if the DMA state is ready
 208:Drivers/STM32U0xx_HAL_Driver/Src/stm32u0xx_hal_dma_ex.c ****      and DMA is using a DMAMUX request generator block
 209:Drivers/STM32U0xx_HAL_Driver/Src/stm32u0xx_hal_dma_ex.c ****   */
 210:Drivers/STM32U0xx_HAL_Driver/Src/stm32u0xx_hal_dma_ex.c ****   if ((hdma->State != HAL_DMA_STATE_RESET) && (hdma->DMAmuxRequestGen != 0))
 267              		.loc 1 210 3 view .LVU81
 268              		.loc 1 210 12 is_stmt 0 view .LVU82
 269 0000 2523     		movs	r3, #37
 270 0002 C35C     		ldrb	r3, [r0, r3]
 271              		.loc 1 210 6 view .LVU83
 272 0004 002B     		cmp	r3, #0
 273 0006 09D0     		beq	.L17
 274              		.loc 1 210 52 discriminator 1 view .LVU84
ARM GAS  C:\Users\upo\AppData\Local\Temp\ccaLekt8.s 			page 10


 275 0008 436D     		ldr	r3, [r0, #84]
 276              		.loc 1 210 44 discriminator 1 view .LVU85
 277 000a 002B     		cmp	r3, #0
 278 000c 06D0     		beq	.L17
 211:Drivers/STM32U0xx_HAL_Driver/Src/stm32u0xx_hal_dma_ex.c ****   {
 212:Drivers/STM32U0xx_HAL_Driver/Src/stm32u0xx_hal_dma_ex.c **** 
 213:Drivers/STM32U0xx_HAL_Driver/Src/stm32u0xx_hal_dma_ex.c ****     /* Enable the request generator*/
 214:Drivers/STM32U0xx_HAL_Driver/Src/stm32u0xx_hal_dma_ex.c ****     hdma->DMAmuxRequestGen->RGCR |= DMAMUX_RGxCR_GE;
 279              		.loc 1 214 5 is_stmt 1 view .LVU86
 280              		.loc 1 214 34 is_stmt 0 view .LVU87
 281 000e 8022     		movs	r2, #128
 282              		.loc 1 214 27 view .LVU88
 283 0010 1968     		ldr	r1, [r3]
 284              		.loc 1 214 34 view .LVU89
 285 0012 5202     		lsls	r2, r2, #9
 286 0014 0A43     		orrs	r2, r1
 215:Drivers/STM32U0xx_HAL_Driver/Src/stm32u0xx_hal_dma_ex.c **** 
 216:Drivers/STM32U0xx_HAL_Driver/Src/stm32u0xx_hal_dma_ex.c ****     return HAL_OK;
 287              		.loc 1 216 12 view .LVU90
 288 0016 0020     		movs	r0, #0
 289              	.LVL21:
 214:Drivers/STM32U0xx_HAL_Driver/Src/stm32u0xx_hal_dma_ex.c **** 
 290              		.loc 1 214 34 view .LVU91
 291 0018 1A60     		str	r2, [r3]
 292              		.loc 1 216 5 is_stmt 1 view .LVU92
 293              		.loc 1 216 12 is_stmt 0 view .LVU93
 294 001a 00E0     		b	.L15
 295              	.LVL22:
 296              	.L17:
 217:Drivers/STM32U0xx_HAL_Driver/Src/stm32u0xx_hal_dma_ex.c ****   }
 218:Drivers/STM32U0xx_HAL_Driver/Src/stm32u0xx_hal_dma_ex.c ****   else
 219:Drivers/STM32U0xx_HAL_Driver/Src/stm32u0xx_hal_dma_ex.c ****   {
 220:Drivers/STM32U0xx_HAL_Driver/Src/stm32u0xx_hal_dma_ex.c ****     return HAL_ERROR;
 297              		.loc 1 220 12 view .LVU94
 298 001c 0120     		movs	r0, #1
 299              	.LVL23:
 300              	.L15:
 221:Drivers/STM32U0xx_HAL_Driver/Src/stm32u0xx_hal_dma_ex.c ****   }
 222:Drivers/STM32U0xx_HAL_Driver/Src/stm32u0xx_hal_dma_ex.c **** }
 301              		.loc 1 222 1 view .LVU95
 302              		@ sp needed
 303 001e 7047     		bx	lr
 304              		.cfi_endproc
 305              	.LFE336:
 307              		.section	.text.HAL_DMAEx_DisableMuxRequestGenerator,"ax",%progbits
 308              		.align	1
 309              		.p2align 2,,3
 310              		.global	HAL_DMAEx_DisableMuxRequestGenerator
 311              		.syntax unified
 312              		.code	16
 313              		.thumb_func
 315              	HAL_DMAEx_DisableMuxRequestGenerator:
 316              	.LVL24:
 317              	.LFB337:
 223:Drivers/STM32U0xx_HAL_Driver/Src/stm32u0xx_hal_dma_ex.c **** 
 224:Drivers/STM32U0xx_HAL_Driver/Src/stm32u0xx_hal_dma_ex.c **** /**
 225:Drivers/STM32U0xx_HAL_Driver/Src/stm32u0xx_hal_dma_ex.c ****   * @brief Disable the DMAMUX request generator block used by the given DMA channel (instance).
ARM GAS  C:\Users\upo\AppData\Local\Temp\ccaLekt8.s 			page 11


 226:Drivers/STM32U0xx_HAL_Driver/Src/stm32u0xx_hal_dma_ex.c ****   * @param hdma Pointer to a DMA_HandleTypeDef structure that contains
 227:Drivers/STM32U0xx_HAL_Driver/Src/stm32u0xx_hal_dma_ex.c ****   *             the configuration information for the specified DMA channel.
 228:Drivers/STM32U0xx_HAL_Driver/Src/stm32u0xx_hal_dma_ex.c ****   * @retval HAL status
 229:Drivers/STM32U0xx_HAL_Driver/Src/stm32u0xx_hal_dma_ex.c ****   */
 230:Drivers/STM32U0xx_HAL_Driver/Src/stm32u0xx_hal_dma_ex.c **** HAL_StatusTypeDef HAL_DMAEx_DisableMuxRequestGenerator(DMA_HandleTypeDef *hdma)
 231:Drivers/STM32U0xx_HAL_Driver/Src/stm32u0xx_hal_dma_ex.c **** {
 318              		.loc 1 231 1 is_stmt 1 view -0
 319              		.cfi_startproc
 320              		@ args = 0, pretend = 0, frame = 0
 321              		@ frame_needed = 0, uses_anonymous_args = 0
 322              		@ link register save eliminated.
 232:Drivers/STM32U0xx_HAL_Driver/Src/stm32u0xx_hal_dma_ex.c ****   /* Check the parameters */
 233:Drivers/STM32U0xx_HAL_Driver/Src/stm32u0xx_hal_dma_ex.c ****   assert_param(IS_DMA_ALL_INSTANCE(hdma->Instance));
 323              		.loc 1 233 3 view .LVU97
 234:Drivers/STM32U0xx_HAL_Driver/Src/stm32u0xx_hal_dma_ex.c **** 
 235:Drivers/STM32U0xx_HAL_Driver/Src/stm32u0xx_hal_dma_ex.c ****   /* check if the DMA state is ready
 236:Drivers/STM32U0xx_HAL_Driver/Src/stm32u0xx_hal_dma_ex.c ****      and DMA is using a DMAMUX request generator block
 237:Drivers/STM32U0xx_HAL_Driver/Src/stm32u0xx_hal_dma_ex.c ****   */
 238:Drivers/STM32U0xx_HAL_Driver/Src/stm32u0xx_hal_dma_ex.c ****   if ((hdma->State != HAL_DMA_STATE_RESET) && (hdma->DMAmuxRequestGen != 0))
 324              		.loc 1 238 3 view .LVU98
 325              		.loc 1 238 12 is_stmt 0 view .LVU99
 326 0000 2523     		movs	r3, #37
 327 0002 C35C     		ldrb	r3, [r0, r3]
 328              		.loc 1 238 6 view .LVU100
 329 0004 002B     		cmp	r3, #0
 330 0006 08D0     		beq	.L21
 331              		.loc 1 238 52 discriminator 1 view .LVU101
 332 0008 436D     		ldr	r3, [r0, #84]
 333              		.loc 1 238 44 discriminator 1 view .LVU102
 334 000a 002B     		cmp	r3, #0
 335 000c 05D0     		beq	.L21
 239:Drivers/STM32U0xx_HAL_Driver/Src/stm32u0xx_hal_dma_ex.c ****   {
 240:Drivers/STM32U0xx_HAL_Driver/Src/stm32u0xx_hal_dma_ex.c **** 
 241:Drivers/STM32U0xx_HAL_Driver/Src/stm32u0xx_hal_dma_ex.c ****     /* Disable the request generator*/
 242:Drivers/STM32U0xx_HAL_Driver/Src/stm32u0xx_hal_dma_ex.c ****     hdma->DMAmuxRequestGen->RGCR &= ~DMAMUX_RGxCR_GE;
 336              		.loc 1 242 5 is_stmt 1 view .LVU103
 337              		.loc 1 242 27 is_stmt 0 view .LVU104
 338 000e 1A68     		ldr	r2, [r3]
 339              		.loc 1 242 34 view .LVU105
 340 0010 0349     		ldr	r1, .L22
 243:Drivers/STM32U0xx_HAL_Driver/Src/stm32u0xx_hal_dma_ex.c **** 
 244:Drivers/STM32U0xx_HAL_Driver/Src/stm32u0xx_hal_dma_ex.c ****     return HAL_OK;
 341              		.loc 1 244 12 view .LVU106
 342 0012 0020     		movs	r0, #0
 343              	.LVL25:
 242:Drivers/STM32U0xx_HAL_Driver/Src/stm32u0xx_hal_dma_ex.c **** 
 344              		.loc 1 242 34 view .LVU107
 345 0014 0A40     		ands	r2, r1
 346 0016 1A60     		str	r2, [r3]
 347              		.loc 1 244 5 is_stmt 1 view .LVU108
 348              		.loc 1 244 12 is_stmt 0 view .LVU109
 349 0018 00E0     		b	.L19
 350              	.LVL26:
 351              	.L21:
 245:Drivers/STM32U0xx_HAL_Driver/Src/stm32u0xx_hal_dma_ex.c ****   }
 246:Drivers/STM32U0xx_HAL_Driver/Src/stm32u0xx_hal_dma_ex.c ****   else
 247:Drivers/STM32U0xx_HAL_Driver/Src/stm32u0xx_hal_dma_ex.c ****   {
ARM GAS  C:\Users\upo\AppData\Local\Temp\ccaLekt8.s 			page 12


 248:Drivers/STM32U0xx_HAL_Driver/Src/stm32u0xx_hal_dma_ex.c ****     return HAL_ERROR;
 352              		.loc 1 248 12 view .LVU110
 353 001a 0120     		movs	r0, #1
 354              	.LVL27:
 355              	.L19:
 249:Drivers/STM32U0xx_HAL_Driver/Src/stm32u0xx_hal_dma_ex.c ****   }
 250:Drivers/STM32U0xx_HAL_Driver/Src/stm32u0xx_hal_dma_ex.c **** }
 356              		.loc 1 250 1 view .LVU111
 357              		@ sp needed
 358 001c 7047     		bx	lr
 359              	.L23:
 360 001e C046     		.align	2
 361              	.L22:
 362 0020 FFFFFEFF 		.word	-65537
 363              		.cfi_endproc
 364              	.LFE337:
 366              		.section	.text.HAL_DMAEx_MUX_IRQHandler,"ax",%progbits
 367              		.align	1
 368              		.p2align 2,,3
 369              		.global	HAL_DMAEx_MUX_IRQHandler
 370              		.syntax unified
 371              		.code	16
 372              		.thumb_func
 374              	HAL_DMAEx_MUX_IRQHandler:
 375              	.LVL28:
 376              	.LFB338:
 251:Drivers/STM32U0xx_HAL_Driver/Src/stm32u0xx_hal_dma_ex.c **** 
 252:Drivers/STM32U0xx_HAL_Driver/Src/stm32u0xx_hal_dma_ex.c **** /**
 253:Drivers/STM32U0xx_HAL_Driver/Src/stm32u0xx_hal_dma_ex.c ****   * @brief Handles DMAMUX interrupt request.
 254:Drivers/STM32U0xx_HAL_Driver/Src/stm32u0xx_hal_dma_ex.c ****   * @param hdma Pointer to a DMA_HandleTypeDef structure that contains
 255:Drivers/STM32U0xx_HAL_Driver/Src/stm32u0xx_hal_dma_ex.c ****   *             the configuration information for the specified DMA channel.
 256:Drivers/STM32U0xx_HAL_Driver/Src/stm32u0xx_hal_dma_ex.c ****   * @retval None
 257:Drivers/STM32U0xx_HAL_Driver/Src/stm32u0xx_hal_dma_ex.c ****   */
 258:Drivers/STM32U0xx_HAL_Driver/Src/stm32u0xx_hal_dma_ex.c **** void HAL_DMAEx_MUX_IRQHandler(DMA_HandleTypeDef *hdma)
 259:Drivers/STM32U0xx_HAL_Driver/Src/stm32u0xx_hal_dma_ex.c **** {
 377              		.loc 1 259 1 is_stmt 1 view -0
 378              		.cfi_startproc
 379              		@ args = 0, pretend = 0, frame = 0
 380              		@ frame_needed = 0, uses_anonymous_args = 0
 260:Drivers/STM32U0xx_HAL_Driver/Src/stm32u0xx_hal_dma_ex.c ****   /* Check for DMAMUX Synchronization overrun */
 261:Drivers/STM32U0xx_HAL_Driver/Src/stm32u0xx_hal_dma_ex.c ****   if ((hdma->DMAmuxChannelStatus->CSR & hdma->DMAmuxChannelStatusMask) != 0U)
 381              		.loc 1 261 3 view .LVU113
 382              		.loc 1 261 12 is_stmt 0 view .LVU114
 383 0000 C36C     		ldr	r3, [r0, #76]
 384              		.loc 1 261 45 view .LVU115
 385 0002 026D     		ldr	r2, [r0, #80]
 386              		.loc 1 261 33 view .LVU116
 387 0004 1968     		ldr	r1, [r3]
 259:Drivers/STM32U0xx_HAL_Driver/Src/stm32u0xx_hal_dma_ex.c ****   /* Check for DMAMUX Synchronization overrun */
 388              		.loc 1 259 1 view .LVU117
 389 0006 70B5     		push	{r4, r5, r6, lr}
 390              	.LCFI2:
 391              		.cfi_def_cfa_offset 16
 392              		.cfi_offset 4, -16
 393              		.cfi_offset 5, -12
 394              		.cfi_offset 6, -8
 395              		.cfi_offset 14, -4
ARM GAS  C:\Users\upo\AppData\Local\Temp\ccaLekt8.s 			page 13


 259:Drivers/STM32U0xx_HAL_Driver/Src/stm32u0xx_hal_dma_ex.c ****   /* Check for DMAMUX Synchronization overrun */
 396              		.loc 1 259 1 view .LVU118
 397 0008 0400     		movs	r4, r0
 398              		.loc 1 261 6 view .LVU119
 399 000a 0A42     		tst	r2, r1
 400 000c 0FD0     		beq	.L26
 262:Drivers/STM32U0xx_HAL_Driver/Src/stm32u0xx_hal_dma_ex.c ****   {
 263:Drivers/STM32U0xx_HAL_Driver/Src/stm32u0xx_hal_dma_ex.c ****     /* Disable the synchro overrun interrupt */
 264:Drivers/STM32U0xx_HAL_Driver/Src/stm32u0xx_hal_dma_ex.c ****     hdma->DMAmuxChannel->CCR &= ~DMAMUX_CxCR_SOIE;
 401              		.loc 1 264 5 is_stmt 1 view .LVU120
 402              		.loc 1 264 9 is_stmt 0 view .LVU121
 403 000e 806C     		ldr	r0, [r0, #72]
 404              	.LVL29:
 405              		.loc 1 264 30 view .LVU122
 406 0010 134D     		ldr	r5, .L40
 407              		.loc 1 264 24 view .LVU123
 408 0012 0168     		ldr	r1, [r0]
 409              		.loc 1 264 30 view .LVU124
 410 0014 2940     		ands	r1, r5
 411 0016 0160     		str	r1, [r0]
 265:Drivers/STM32U0xx_HAL_Driver/Src/stm32u0xx_hal_dma_ex.c **** 
 266:Drivers/STM32U0xx_HAL_Driver/Src/stm32u0xx_hal_dma_ex.c ****     /* Clear the DMAMUX synchro overrun flag */
 267:Drivers/STM32U0xx_HAL_Driver/Src/stm32u0xx_hal_dma_ex.c ****     hdma->DMAmuxChannelStatus->CFR = hdma->DMAmuxChannelStatusMask;
 412              		.loc 1 267 5 is_stmt 1 view .LVU125
 413              		.loc 1 267 36 is_stmt 0 view .LVU126
 414 0018 5A60     		str	r2, [r3, #4]
 268:Drivers/STM32U0xx_HAL_Driver/Src/stm32u0xx_hal_dma_ex.c **** 
 269:Drivers/STM32U0xx_HAL_Driver/Src/stm32u0xx_hal_dma_ex.c ****     /* Update error code */
 270:Drivers/STM32U0xx_HAL_Driver/Src/stm32u0xx_hal_dma_ex.c ****     hdma->ErrorCode |= HAL_DMA_ERROR_SYNC;
 415              		.loc 1 270 5 is_stmt 1 view .LVU127
 416              		.loc 1 270 21 is_stmt 0 view .LVU128
 417 001a 8023     		movs	r3, #128
 418              		.loc 1 270 9 view .LVU129
 419 001c E26B     		ldr	r2, [r4, #60]
 420              		.loc 1 270 21 view .LVU130
 421 001e 9B00     		lsls	r3, r3, #2
 422 0020 1343     		orrs	r3, r2
 423 0022 E363     		str	r3, [r4, #60]
 271:Drivers/STM32U0xx_HAL_Driver/Src/stm32u0xx_hal_dma_ex.c **** 
 272:Drivers/STM32U0xx_HAL_Driver/Src/stm32u0xx_hal_dma_ex.c ****     if (hdma->XferErrorCallback != NULL)
 424              		.loc 1 272 5 is_stmt 1 view .LVU131
 425              		.loc 1 272 13 is_stmt 0 view .LVU132
 426 0024 636B     		ldr	r3, [r4, #52]
 427              		.loc 1 272 8 view .LVU133
 428 0026 002B     		cmp	r3, #0
 429 0028 01D0     		beq	.L26
 273:Drivers/STM32U0xx_HAL_Driver/Src/stm32u0xx_hal_dma_ex.c ****     {
 274:Drivers/STM32U0xx_HAL_Driver/Src/stm32u0xx_hal_dma_ex.c ****       /* Transfer error callback */
 275:Drivers/STM32U0xx_HAL_Driver/Src/stm32u0xx_hal_dma_ex.c ****       hdma->XferErrorCallback(hdma);
 430              		.loc 1 275 7 is_stmt 1 view .LVU134
 431 002a 2000     		movs	r0, r4
 432 002c 9847     		blx	r3
 433              	.LVL30:
 434              	.L26:
 276:Drivers/STM32U0xx_HAL_Driver/Src/stm32u0xx_hal_dma_ex.c ****     }
 277:Drivers/STM32U0xx_HAL_Driver/Src/stm32u0xx_hal_dma_ex.c ****   }
 278:Drivers/STM32U0xx_HAL_Driver/Src/stm32u0xx_hal_dma_ex.c **** 
ARM GAS  C:\Users\upo\AppData\Local\Temp\ccaLekt8.s 			page 14


 279:Drivers/STM32U0xx_HAL_Driver/Src/stm32u0xx_hal_dma_ex.c ****   if (hdma->DMAmuxRequestGen != 0)
 435              		.loc 1 279 3 view .LVU135
 436              		.loc 1 279 11 is_stmt 0 view .LVU136
 437 002e 636D     		ldr	r3, [r4, #84]
 438              		.loc 1 279 6 view .LVU137
 439 0030 002B     		cmp	r3, #0
 440 0032 13D0     		beq	.L24
 280:Drivers/STM32U0xx_HAL_Driver/Src/stm32u0xx_hal_dma_ex.c ****   {
 281:Drivers/STM32U0xx_HAL_Driver/Src/stm32u0xx_hal_dma_ex.c ****     /* if using a DMAMUX request generator block Check for DMAMUX request generator overrun */
 282:Drivers/STM32U0xx_HAL_Driver/Src/stm32u0xx_hal_dma_ex.c ****     if ((hdma->DMAmuxRequestGenStatus->RGSR & hdma->DMAmuxRequestGenStatusMask) != 0U)
 441              		.loc 1 282 5 is_stmt 1 view .LVU138
 442              		.loc 1 282 14 is_stmt 0 view .LVU139
 443 0034 A26D     		ldr	r2, [r4, #88]
 444              		.loc 1 282 51 view .LVU140
 445 0036 E16D     		ldr	r1, [r4, #92]
 446              		.loc 1 282 38 view .LVU141
 447 0038 1068     		ldr	r0, [r2]
 448              		.loc 1 282 8 view .LVU142
 449 003a 0142     		tst	r1, r0
 450 003c 0ED0     		beq	.L24
 283:Drivers/STM32U0xx_HAL_Driver/Src/stm32u0xx_hal_dma_ex.c ****     {
 284:Drivers/STM32U0xx_HAL_Driver/Src/stm32u0xx_hal_dma_ex.c ****       /* Disable the request gen overrun interrupt */
 285:Drivers/STM32U0xx_HAL_Driver/Src/stm32u0xx_hal_dma_ex.c ****       hdma->DMAmuxRequestGen->RGCR &= ~DMAMUX_RGxCR_OIE;
 451              		.loc 1 285 7 is_stmt 1 view .LVU143
 452              		.loc 1 285 29 is_stmt 0 view .LVU144
 453 003e 1868     		ldr	r0, [r3]
 454              		.loc 1 285 36 view .LVU145
 455 0040 074D     		ldr	r5, .L40
 456 0042 2840     		ands	r0, r5
 457 0044 1860     		str	r0, [r3]
 286:Drivers/STM32U0xx_HAL_Driver/Src/stm32u0xx_hal_dma_ex.c **** 
 287:Drivers/STM32U0xx_HAL_Driver/Src/stm32u0xx_hal_dma_ex.c ****       /* Clear the DMAMUX request generator overrun flag */
 288:Drivers/STM32U0xx_HAL_Driver/Src/stm32u0xx_hal_dma_ex.c ****       hdma->DMAmuxRequestGenStatus->RGCFR = hdma->DMAmuxRequestGenStatusMask;
 458              		.loc 1 288 7 is_stmt 1 view .LVU146
 289:Drivers/STM32U0xx_HAL_Driver/Src/stm32u0xx_hal_dma_ex.c **** 
 290:Drivers/STM32U0xx_HAL_Driver/Src/stm32u0xx_hal_dma_ex.c ****       /* Update error code */
 291:Drivers/STM32U0xx_HAL_Driver/Src/stm32u0xx_hal_dma_ex.c ****       hdma->ErrorCode |= HAL_DMA_ERROR_REQGEN;
 459              		.loc 1 291 23 is_stmt 0 view .LVU147
 460 0046 8023     		movs	r3, #128
 288:Drivers/STM32U0xx_HAL_Driver/Src/stm32u0xx_hal_dma_ex.c **** 
 461              		.loc 1 288 43 view .LVU148
 462 0048 5160     		str	r1, [r2, #4]
 463              		.loc 1 291 7 is_stmt 1 view .LVU149
 464              		.loc 1 291 11 is_stmt 0 view .LVU150
 465 004a E26B     		ldr	r2, [r4, #60]
 466              		.loc 1 291 23 view .LVU151
 467 004c DB00     		lsls	r3, r3, #3
 468 004e 1343     		orrs	r3, r2
 469 0050 E363     		str	r3, [r4, #60]
 292:Drivers/STM32U0xx_HAL_Driver/Src/stm32u0xx_hal_dma_ex.c **** 
 293:Drivers/STM32U0xx_HAL_Driver/Src/stm32u0xx_hal_dma_ex.c ****       if (hdma->XferErrorCallback != NULL)
 470              		.loc 1 293 7 is_stmt 1 view .LVU152
 471              		.loc 1 293 15 is_stmt 0 view .LVU153
 472 0052 636B     		ldr	r3, [r4, #52]
 473              		.loc 1 293 10 view .LVU154
 474 0054 002B     		cmp	r3, #0
 475 0056 01D0     		beq	.L24
ARM GAS  C:\Users\upo\AppData\Local\Temp\ccaLekt8.s 			page 15


 294:Drivers/STM32U0xx_HAL_Driver/Src/stm32u0xx_hal_dma_ex.c ****       {
 295:Drivers/STM32U0xx_HAL_Driver/Src/stm32u0xx_hal_dma_ex.c ****         /* Transfer error callback */
 296:Drivers/STM32U0xx_HAL_Driver/Src/stm32u0xx_hal_dma_ex.c ****         hdma->XferErrorCallback(hdma);
 476              		.loc 1 296 9 is_stmt 1 view .LVU155
 477 0058 2000     		movs	r0, r4
 478 005a 9847     		blx	r3
 479              	.LVL31:
 480              	.L24:
 297:Drivers/STM32U0xx_HAL_Driver/Src/stm32u0xx_hal_dma_ex.c ****       }
 298:Drivers/STM32U0xx_HAL_Driver/Src/stm32u0xx_hal_dma_ex.c ****     }
 299:Drivers/STM32U0xx_HAL_Driver/Src/stm32u0xx_hal_dma_ex.c ****   }
 300:Drivers/STM32U0xx_HAL_Driver/Src/stm32u0xx_hal_dma_ex.c **** }
 481              		.loc 1 300 1 is_stmt 0 view .LVU156
 482              		@ sp needed
 483              	.LVL32:
 484              		.loc 1 300 1 view .LVU157
 485 005c 70BD     		pop	{r4, r5, r6, pc}
 486              	.L41:
 487 005e C046     		.align	2
 488              	.L40:
 489 0060 FFFEFFFF 		.word	-257
 490              		.cfi_endproc
 491              	.LFE338:
 493              		.text
 494              	.Letext0:
 495              		.file 2 "C:\\ST\\STM32CubeCLT_1.15.0\\GNU-tools-for-STM32\\bin/../lib/gcc/arm-none-eabi/12.3.1/../
 496              		.file 3 "C:\\ST\\STM32CubeCLT_1.15.0\\GNU-tools-for-STM32\\bin/../lib/gcc/arm-none-eabi/12.3.1/../
 497              		.file 4 "Drivers/CMSIS/Device/ST/STM32U0xx/Include/stm32u073xx.h"
 498              		.file 5 "Drivers/CMSIS/Device/ST/STM32U0xx/Include/stm32u0xx.h"
 499              		.file 6 "Drivers/STM32U0xx_HAL_Driver/Inc/stm32u0xx_hal_def.h"
 500              		.file 7 "Drivers/STM32U0xx_HAL_Driver/Inc/stm32u0xx_hal_dma.h"
 501              		.file 8 "Drivers/STM32U0xx_HAL_Driver/Inc/stm32u0xx_hal_dma_ex.h"
 502              		.file 9 "Drivers/STM32U0xx_HAL_Driver/Inc/stm32u0xx_ll_dma.h"
ARM GAS  C:\Users\upo\AppData\Local\Temp\ccaLekt8.s 			page 16


DEFINED SYMBOLS
                            *ABS*:00000000 stm32u0xx_hal_dma_ex.c
C:\Users\upo\AppData\Local\Temp\ccaLekt8.s:19     .text.HAL_DMAEx_ConfigMuxSync:00000000 $t
C:\Users\upo\AppData\Local\Temp\ccaLekt8.s:26     .text.HAL_DMAEx_ConfigMuxSync:00000000 HAL_DMAEx_ConfigMuxSync
C:\Users\upo\AppData\Local\Temp\ccaLekt8.s:120    .text.HAL_DMAEx_ConfigMuxRequestGenerator:00000000 $t
C:\Users\upo\AppData\Local\Temp\ccaLekt8.s:127    .text.HAL_DMAEx_ConfigMuxRequestGenerator:00000000 HAL_DMAEx_ConfigMuxRequestGenerator
C:\Users\upo\AppData\Local\Temp\ccaLekt8.s:251    .text.HAL_DMAEx_EnableMuxRequestGenerator:00000000 $t
C:\Users\upo\AppData\Local\Temp\ccaLekt8.s:258    .text.HAL_DMAEx_EnableMuxRequestGenerator:00000000 HAL_DMAEx_EnableMuxRequestGenerator
C:\Users\upo\AppData\Local\Temp\ccaLekt8.s:308    .text.HAL_DMAEx_DisableMuxRequestGenerator:00000000 $t
C:\Users\upo\AppData\Local\Temp\ccaLekt8.s:315    .text.HAL_DMAEx_DisableMuxRequestGenerator:00000000 HAL_DMAEx_DisableMuxRequestGenerator
C:\Users\upo\AppData\Local\Temp\ccaLekt8.s:362    .text.HAL_DMAEx_DisableMuxRequestGenerator:00000020 $d
C:\Users\upo\AppData\Local\Temp\ccaLekt8.s:367    .text.HAL_DMAEx_MUX_IRQHandler:00000000 $t
C:\Users\upo\AppData\Local\Temp\ccaLekt8.s:374    .text.HAL_DMAEx_MUX_IRQHandler:00000000 HAL_DMAEx_MUX_IRQHandler
C:\Users\upo\AppData\Local\Temp\ccaLekt8.s:489    .text.HAL_DMAEx_MUX_IRQHandler:00000060 $d

NO UNDEFINED SYMBOLS
