ARM GAS  C:\Users\upo\AppData\Local\Temp\ccdLj8oW.s 			page 1


   1              		.cpu cortex-m0plus
   2              		.arch armv6s-m
   3              		.fpu softvfp
   4              		.eabi_attribute 20, 1
   5              		.eabi_attribute 21, 1
   6              		.eabi_attribute 23, 3
   7              		.eabi_attribute 24, 1
   8              		.eabi_attribute 25, 1
   9              		.eabi_attribute 26, 1
  10              		.eabi_attribute 30, 1
  11              		.eabi_attribute 34, 0
  12              		.eabi_attribute 18, 4
  13              		.file	"stm32u0xx_hal_tim.c"
  14              		.text
  15              	.Ltext0:
  16              		.cfi_sections	.debug_frame
  17              		.file 1 "Drivers/STM32U0xx_HAL_Driver/Src/stm32u0xx_hal_tim.c"
  18              	.Letext0:
  19              		.file 2 "C:\\ST\\STM32CubeCLT_1.15.0\\GNU-tools-for-STM32\\bin/../lib/gcc/arm-none-eabi/12.3.1/../
  20              		.file 3 "C:\\ST\\STM32CubeCLT_1.15.0\\GNU-tools-for-STM32\\bin/../lib/gcc/arm-none-eabi/12.3.1/../
  21              		.file 4 "Drivers/STM32U0xx_HAL_Driver/Inc/stm32u0xx_ll_dma.h"
ARM GAS  C:\Users\upo\AppData\Local\Temp\ccdLj8oW.s 			page 2


DEFINED SYMBOLS
                            *ABS*:00000000 stm32u0xx_hal_tim.c

NO UNDEFINED SYMBOLS
