ARM GAS  C:\Users\upo\AppData\Local\Temp\ccxlc57N.s 			page 1


   1              		.cpu cortex-m0plus
   2              		.arch armv6s-m
   3              		.fpu softvfp
   4              		.eabi_attribute 20, 1
   5              		.eabi_attribute 21, 1
   6              		.eabi_attribute 23, 3
   7              		.eabi_attribute 24, 1
   8              		.eabi_attribute 25, 1
   9              		.eabi_attribute 26, 1
  10              		.eabi_attribute 30, 1
  11              		.eabi_attribute 34, 0
  12              		.eabi_attribute 18, 4
  13              		.file	"stm32u0xx_hal_i2c_ex.c"
  14              		.text
  15              	.Ltext0:
  16              		.cfi_sections	.debug_frame
  17              		.file 1 "Drivers/STM32U0xx_HAL_Driver/Src/stm32u0xx_hal_i2c_ex.c"
  18              		.section	.text.HAL_I2CEx_ConfigAnalogFilter,"ax",%progbits
  19              		.align	1
  20              		.global	HAL_I2CEx_ConfigAnalogFilter
  21              		.syntax unified
  22              		.code	16
  23              		.thumb_func
  25              	HAL_I2CEx_ConfigAnalogFilter:
  26              	.LVL0:
  27              	.LFB334:
   1:Drivers/STM32U0xx_HAL_Driver/Src/stm32u0xx_hal_i2c_ex.c **** /**
   2:Drivers/STM32U0xx_HAL_Driver/Src/stm32u0xx_hal_i2c_ex.c ****   ******************************************************************************
   3:Drivers/STM32U0xx_HAL_Driver/Src/stm32u0xx_hal_i2c_ex.c ****   * @file    stm32u0xx_hal_i2c_ex.c
   4:Drivers/STM32U0xx_HAL_Driver/Src/stm32u0xx_hal_i2c_ex.c ****   * @author  MCD Application Team
   5:Drivers/STM32U0xx_HAL_Driver/Src/stm32u0xx_hal_i2c_ex.c ****   * @brief   I2C Extended HAL module driver.
   6:Drivers/STM32U0xx_HAL_Driver/Src/stm32u0xx_hal_i2c_ex.c ****   *          This file provides firmware functions to manage the following
   7:Drivers/STM32U0xx_HAL_Driver/Src/stm32u0xx_hal_i2c_ex.c ****   *          functionalities of I2C Extended peripheral:
   8:Drivers/STM32U0xx_HAL_Driver/Src/stm32u0xx_hal_i2c_ex.c ****   *           + Filter Mode Functions
   9:Drivers/STM32U0xx_HAL_Driver/Src/stm32u0xx_hal_i2c_ex.c ****   *           + WakeUp Mode Functions
  10:Drivers/STM32U0xx_HAL_Driver/Src/stm32u0xx_hal_i2c_ex.c ****   *           + FastModePlus Functions
  11:Drivers/STM32U0xx_HAL_Driver/Src/stm32u0xx_hal_i2c_ex.c ****   *
  12:Drivers/STM32U0xx_HAL_Driver/Src/stm32u0xx_hal_i2c_ex.c ****   ******************************************************************************
  13:Drivers/STM32U0xx_HAL_Driver/Src/stm32u0xx_hal_i2c_ex.c ****   * @attention
  14:Drivers/STM32U0xx_HAL_Driver/Src/stm32u0xx_hal_i2c_ex.c ****   *
  15:Drivers/STM32U0xx_HAL_Driver/Src/stm32u0xx_hal_i2c_ex.c ****   * Copyright (c) 2023 STMicroelectronics.
  16:Drivers/STM32U0xx_HAL_Driver/Src/stm32u0xx_hal_i2c_ex.c ****   * All rights reserved.
  17:Drivers/STM32U0xx_HAL_Driver/Src/stm32u0xx_hal_i2c_ex.c ****   *
  18:Drivers/STM32U0xx_HAL_Driver/Src/stm32u0xx_hal_i2c_ex.c ****   * This software is licensed under terms that can be found in the LICENSE file
  19:Drivers/STM32U0xx_HAL_Driver/Src/stm32u0xx_hal_i2c_ex.c ****   * in the root directory of this software component.
  20:Drivers/STM32U0xx_HAL_Driver/Src/stm32u0xx_hal_i2c_ex.c ****   * If no LICENSE file comes with this software, it is provided AS-IS.
  21:Drivers/STM32U0xx_HAL_Driver/Src/stm32u0xx_hal_i2c_ex.c ****   *
  22:Drivers/STM32U0xx_HAL_Driver/Src/stm32u0xx_hal_i2c_ex.c ****   ******************************************************************************
  23:Drivers/STM32U0xx_HAL_Driver/Src/stm32u0xx_hal_i2c_ex.c ****   @verbatim
  24:Drivers/STM32U0xx_HAL_Driver/Src/stm32u0xx_hal_i2c_ex.c ****   ==============================================================================
  25:Drivers/STM32U0xx_HAL_Driver/Src/stm32u0xx_hal_i2c_ex.c ****                ##### I2C peripheral Extended features  #####
  26:Drivers/STM32U0xx_HAL_Driver/Src/stm32u0xx_hal_i2c_ex.c ****   ==============================================================================
  27:Drivers/STM32U0xx_HAL_Driver/Src/stm32u0xx_hal_i2c_ex.c **** 
  28:Drivers/STM32U0xx_HAL_Driver/Src/stm32u0xx_hal_i2c_ex.c ****   [..] Comparing to other previous devices, the I2C interface for STM32U0xx
  29:Drivers/STM32U0xx_HAL_Driver/Src/stm32u0xx_hal_i2c_ex.c ****        devices contains the following additional features
  30:Drivers/STM32U0xx_HAL_Driver/Src/stm32u0xx_hal_i2c_ex.c **** 
  31:Drivers/STM32U0xx_HAL_Driver/Src/stm32u0xx_hal_i2c_ex.c ****        (+) Possibility to disable or enable Analog Noise Filter
ARM GAS  C:\Users\upo\AppData\Local\Temp\ccxlc57N.s 			page 2


  32:Drivers/STM32U0xx_HAL_Driver/Src/stm32u0xx_hal_i2c_ex.c ****        (+) Use of a configured Digital Noise Filter
  33:Drivers/STM32U0xx_HAL_Driver/Src/stm32u0xx_hal_i2c_ex.c ****        (+) Disable or enable wakeup from Stop mode(s)
  34:Drivers/STM32U0xx_HAL_Driver/Src/stm32u0xx_hal_i2c_ex.c ****        (+) Disable or enable Fast Mode Plus
  35:Drivers/STM32U0xx_HAL_Driver/Src/stm32u0xx_hal_i2c_ex.c **** 
  36:Drivers/STM32U0xx_HAL_Driver/Src/stm32u0xx_hal_i2c_ex.c ****                      ##### How to use this driver #####
  37:Drivers/STM32U0xx_HAL_Driver/Src/stm32u0xx_hal_i2c_ex.c ****   ==============================================================================
  38:Drivers/STM32U0xx_HAL_Driver/Src/stm32u0xx_hal_i2c_ex.c ****   [..] This driver provides functions to configure Noise Filter and Wake Up Feature
  39:Drivers/STM32U0xx_HAL_Driver/Src/stm32u0xx_hal_i2c_ex.c ****     (#) Configure I2C Analog noise filter using the function HAL_I2CEx_ConfigAnalogFilter()
  40:Drivers/STM32U0xx_HAL_Driver/Src/stm32u0xx_hal_i2c_ex.c ****     (#) Configure I2C Digital noise filter using the function HAL_I2CEx_ConfigDigitalFilter()
  41:Drivers/STM32U0xx_HAL_Driver/Src/stm32u0xx_hal_i2c_ex.c ****     (#) Configure the enable or disable of I2C Wake Up Mode using the functions :
  42:Drivers/STM32U0xx_HAL_Driver/Src/stm32u0xx_hal_i2c_ex.c ****           (++) HAL_I2CEx_EnableWakeUp()
  43:Drivers/STM32U0xx_HAL_Driver/Src/stm32u0xx_hal_i2c_ex.c ****           (++) HAL_I2CEx_DisableWakeUp()
  44:Drivers/STM32U0xx_HAL_Driver/Src/stm32u0xx_hal_i2c_ex.c ****     (#) Configure the enable or disable of fast mode plus driving capability using the functions :
  45:Drivers/STM32U0xx_HAL_Driver/Src/stm32u0xx_hal_i2c_ex.c ****           (++) HAL_I2CEx_ConfigFastModePlus()
  46:Drivers/STM32U0xx_HAL_Driver/Src/stm32u0xx_hal_i2c_ex.c ****   @endverbatim
  47:Drivers/STM32U0xx_HAL_Driver/Src/stm32u0xx_hal_i2c_ex.c ****   */
  48:Drivers/STM32U0xx_HAL_Driver/Src/stm32u0xx_hal_i2c_ex.c **** 
  49:Drivers/STM32U0xx_HAL_Driver/Src/stm32u0xx_hal_i2c_ex.c **** /* Includes ------------------------------------------------------------------*/
  50:Drivers/STM32U0xx_HAL_Driver/Src/stm32u0xx_hal_i2c_ex.c **** #include "stm32u0xx_hal.h"
  51:Drivers/STM32U0xx_HAL_Driver/Src/stm32u0xx_hal_i2c_ex.c **** 
  52:Drivers/STM32U0xx_HAL_Driver/Src/stm32u0xx_hal_i2c_ex.c **** /** @addtogroup STM32U0xx_HAL_Driver
  53:Drivers/STM32U0xx_HAL_Driver/Src/stm32u0xx_hal_i2c_ex.c ****   * @{
  54:Drivers/STM32U0xx_HAL_Driver/Src/stm32u0xx_hal_i2c_ex.c ****   */
  55:Drivers/STM32U0xx_HAL_Driver/Src/stm32u0xx_hal_i2c_ex.c **** 
  56:Drivers/STM32U0xx_HAL_Driver/Src/stm32u0xx_hal_i2c_ex.c **** /** @defgroup I2CEx I2CEx
  57:Drivers/STM32U0xx_HAL_Driver/Src/stm32u0xx_hal_i2c_ex.c ****   * @brief I2C Extended HAL module driver
  58:Drivers/STM32U0xx_HAL_Driver/Src/stm32u0xx_hal_i2c_ex.c ****   * @{
  59:Drivers/STM32U0xx_HAL_Driver/Src/stm32u0xx_hal_i2c_ex.c ****   */
  60:Drivers/STM32U0xx_HAL_Driver/Src/stm32u0xx_hal_i2c_ex.c **** 
  61:Drivers/STM32U0xx_HAL_Driver/Src/stm32u0xx_hal_i2c_ex.c **** #ifdef HAL_I2C_MODULE_ENABLED
  62:Drivers/STM32U0xx_HAL_Driver/Src/stm32u0xx_hal_i2c_ex.c **** 
  63:Drivers/STM32U0xx_HAL_Driver/Src/stm32u0xx_hal_i2c_ex.c **** /* Private typedef -----------------------------------------------------------*/
  64:Drivers/STM32U0xx_HAL_Driver/Src/stm32u0xx_hal_i2c_ex.c **** /* Private define ------------------------------------------------------------*/
  65:Drivers/STM32U0xx_HAL_Driver/Src/stm32u0xx_hal_i2c_ex.c **** /* Private macro -------------------------------------------------------------*/
  66:Drivers/STM32U0xx_HAL_Driver/Src/stm32u0xx_hal_i2c_ex.c **** /* Private variables ---------------------------------------------------------*/
  67:Drivers/STM32U0xx_HAL_Driver/Src/stm32u0xx_hal_i2c_ex.c **** /* Private function prototypes -----------------------------------------------*/
  68:Drivers/STM32U0xx_HAL_Driver/Src/stm32u0xx_hal_i2c_ex.c **** /* Private functions ---------------------------------------------------------*/
  69:Drivers/STM32U0xx_HAL_Driver/Src/stm32u0xx_hal_i2c_ex.c **** 
  70:Drivers/STM32U0xx_HAL_Driver/Src/stm32u0xx_hal_i2c_ex.c **** /** @defgroup I2CEx_Exported_Functions I2C Extended Exported Functions
  71:Drivers/STM32U0xx_HAL_Driver/Src/stm32u0xx_hal_i2c_ex.c ****   * @{
  72:Drivers/STM32U0xx_HAL_Driver/Src/stm32u0xx_hal_i2c_ex.c ****   */
  73:Drivers/STM32U0xx_HAL_Driver/Src/stm32u0xx_hal_i2c_ex.c **** 
  74:Drivers/STM32U0xx_HAL_Driver/Src/stm32u0xx_hal_i2c_ex.c **** /** @defgroup I2CEx_Exported_Functions_Group1 Filter Mode Functions
  75:Drivers/STM32U0xx_HAL_Driver/Src/stm32u0xx_hal_i2c_ex.c ****   * @brief    Filter Mode Functions
  76:Drivers/STM32U0xx_HAL_Driver/Src/stm32u0xx_hal_i2c_ex.c ****   *
  77:Drivers/STM32U0xx_HAL_Driver/Src/stm32u0xx_hal_i2c_ex.c **** @verbatim
  78:Drivers/STM32U0xx_HAL_Driver/Src/stm32u0xx_hal_i2c_ex.c ****  ===============================================================================
  79:Drivers/STM32U0xx_HAL_Driver/Src/stm32u0xx_hal_i2c_ex.c ****                       ##### Filter Mode Functions #####
  80:Drivers/STM32U0xx_HAL_Driver/Src/stm32u0xx_hal_i2c_ex.c ****  ===============================================================================
  81:Drivers/STM32U0xx_HAL_Driver/Src/stm32u0xx_hal_i2c_ex.c ****     [..] This section provides functions allowing to:
  82:Drivers/STM32U0xx_HAL_Driver/Src/stm32u0xx_hal_i2c_ex.c ****       (+) Configure Noise Filters
  83:Drivers/STM32U0xx_HAL_Driver/Src/stm32u0xx_hal_i2c_ex.c **** 
  84:Drivers/STM32U0xx_HAL_Driver/Src/stm32u0xx_hal_i2c_ex.c **** @endverbatim
  85:Drivers/STM32U0xx_HAL_Driver/Src/stm32u0xx_hal_i2c_ex.c ****   * @{
  86:Drivers/STM32U0xx_HAL_Driver/Src/stm32u0xx_hal_i2c_ex.c ****   */
  87:Drivers/STM32U0xx_HAL_Driver/Src/stm32u0xx_hal_i2c_ex.c **** 
  88:Drivers/STM32U0xx_HAL_Driver/Src/stm32u0xx_hal_i2c_ex.c **** /**
ARM GAS  C:\Users\upo\AppData\Local\Temp\ccxlc57N.s 			page 3


  89:Drivers/STM32U0xx_HAL_Driver/Src/stm32u0xx_hal_i2c_ex.c ****   * @brief  Configure I2C Analog noise filter.
  90:Drivers/STM32U0xx_HAL_Driver/Src/stm32u0xx_hal_i2c_ex.c ****   * @param  hi2c Pointer to a I2C_HandleTypeDef structure that contains
  91:Drivers/STM32U0xx_HAL_Driver/Src/stm32u0xx_hal_i2c_ex.c ****   *                the configuration information for the specified I2Cx peripheral.
  92:Drivers/STM32U0xx_HAL_Driver/Src/stm32u0xx_hal_i2c_ex.c ****   * @param  AnalogFilter New state of the Analog filter.
  93:Drivers/STM32U0xx_HAL_Driver/Src/stm32u0xx_hal_i2c_ex.c ****   * @retval HAL status
  94:Drivers/STM32U0xx_HAL_Driver/Src/stm32u0xx_hal_i2c_ex.c ****   */
  95:Drivers/STM32U0xx_HAL_Driver/Src/stm32u0xx_hal_i2c_ex.c **** HAL_StatusTypeDef HAL_I2CEx_ConfigAnalogFilter(I2C_HandleTypeDef *hi2c, uint32_t AnalogFilter)
  96:Drivers/STM32U0xx_HAL_Driver/Src/stm32u0xx_hal_i2c_ex.c **** {
  28              		.loc 1 96 1 view -0
  29              		.cfi_startproc
  30              		@ args = 0, pretend = 0, frame = 0
  31              		@ frame_needed = 0, uses_anonymous_args = 0
  32              		.loc 1 96 1 is_stmt 0 view .LVU1
  33 0000 F0B5     		push	{r4, r5, r6, r7, lr}
  34              	.LCFI0:
  35              		.cfi_def_cfa_offset 20
  36              		.cfi_offset 4, -20
  37              		.cfi_offset 5, -16
  38              		.cfi_offset 6, -12
  39              		.cfi_offset 7, -8
  40              		.cfi_offset 14, -4
  97:Drivers/STM32U0xx_HAL_Driver/Src/stm32u0xx_hal_i2c_ex.c ****   /* Check the parameters */
  98:Drivers/STM32U0xx_HAL_Driver/Src/stm32u0xx_hal_i2c_ex.c ****   assert_param(IS_I2C_ALL_INSTANCE(hi2c->Instance));
  41              		.loc 1 98 3 is_stmt 1 view .LVU2
  99:Drivers/STM32U0xx_HAL_Driver/Src/stm32u0xx_hal_i2c_ex.c ****   assert_param(IS_I2C_ANALOG_FILTER(AnalogFilter));
  42              		.loc 1 99 3 view .LVU3
 100:Drivers/STM32U0xx_HAL_Driver/Src/stm32u0xx_hal_i2c_ex.c **** 
 101:Drivers/STM32U0xx_HAL_Driver/Src/stm32u0xx_hal_i2c_ex.c ****   if (hi2c->State == HAL_I2C_STATE_READY)
  43              		.loc 1 101 3 view .LVU4
  44              		.loc 1 101 11 is_stmt 0 view .LVU5
  45 0002 4123     		movs	r3, #65
  46 0004 C35C     		ldrb	r3, [r0, r3]
  47              		.loc 1 101 6 view .LVU6
  48 0006 202B     		cmp	r3, #32
  49 0008 20D1     		bne	.L3
 102:Drivers/STM32U0xx_HAL_Driver/Src/stm32u0xx_hal_i2c_ex.c ****   {
 103:Drivers/STM32U0xx_HAL_Driver/Src/stm32u0xx_hal_i2c_ex.c ****     /* Process Locked */
 104:Drivers/STM32U0xx_HAL_Driver/Src/stm32u0xx_hal_i2c_ex.c ****     __HAL_LOCK(hi2c);
  50              		.loc 1 104 5 is_stmt 1 view .LVU7
  51              		.loc 1 104 5 view .LVU8
  52 000a 2033     		adds	r3, r3, #32
  53 000c C35C     		ldrb	r3, [r0, r3]
  54 000e 012B     		cmp	r3, #1
  55 0010 1ED0     		beq	.L4
  56              		.loc 1 104 5 discriminator 2 view .LVU9
  57 0012 4024     		movs	r4, #64
  58 0014 0122     		movs	r2, #1
  59 0016 0255     		strb	r2, [r0, r4]
  60              		.loc 1 104 5 discriminator 2 view .LVU10
 105:Drivers/STM32U0xx_HAL_Driver/Src/stm32u0xx_hal_i2c_ex.c **** 
 106:Drivers/STM32U0xx_HAL_Driver/Src/stm32u0xx_hal_i2c_ex.c ****     hi2c->State = HAL_I2C_STATE_BUSY;
  61              		.loc 1 106 5 discriminator 2 view .LVU11
  62              		.loc 1 106 17 is_stmt 0 discriminator 2 view .LVU12
  63 0018 4125     		movs	r5, #65
  64 001a 2423     		movs	r3, #36
  65 001c 4355     		strb	r3, [r0, r5]
 107:Drivers/STM32U0xx_HAL_Driver/Src/stm32u0xx_hal_i2c_ex.c **** 
ARM GAS  C:\Users\upo\AppData\Local\Temp\ccxlc57N.s 			page 4


 108:Drivers/STM32U0xx_HAL_Driver/Src/stm32u0xx_hal_i2c_ex.c ****     /* Disable the selected I2C peripheral */
 109:Drivers/STM32U0xx_HAL_Driver/Src/stm32u0xx_hal_i2c_ex.c ****     __HAL_I2C_DISABLE(hi2c);
  66              		.loc 1 109 5 is_stmt 1 discriminator 2 view .LVU13
  67 001e 0668     		ldr	r6, [r0]
  68 0020 3368     		ldr	r3, [r6]
  69 0022 9343     		bics	r3, r2
  70 0024 3360     		str	r3, [r6]
 110:Drivers/STM32U0xx_HAL_Driver/Src/stm32u0xx_hal_i2c_ex.c **** 
 111:Drivers/STM32U0xx_HAL_Driver/Src/stm32u0xx_hal_i2c_ex.c ****     /* Reset I2Cx ANOFF bit */
 112:Drivers/STM32U0xx_HAL_Driver/Src/stm32u0xx_hal_i2c_ex.c ****     hi2c->Instance->CR1 &= ~(I2C_CR1_ANFOFF);
  71              		.loc 1 112 5 discriminator 2 view .LVU14
  72              		.loc 1 112 9 is_stmt 0 discriminator 2 view .LVU15
  73 0026 0668     		ldr	r6, [r0]
  74              		.loc 1 112 19 discriminator 2 view .LVU16
  75 0028 3368     		ldr	r3, [r6]
  76              		.loc 1 112 25 discriminator 2 view .LVU17
  77 002a 0A4F     		ldr	r7, .L5
  78 002c 3B40     		ands	r3, r7
  79 002e 3360     		str	r3, [r6]
 113:Drivers/STM32U0xx_HAL_Driver/Src/stm32u0xx_hal_i2c_ex.c **** 
 114:Drivers/STM32U0xx_HAL_Driver/Src/stm32u0xx_hal_i2c_ex.c ****     /* Set analog filter bit*/
 115:Drivers/STM32U0xx_HAL_Driver/Src/stm32u0xx_hal_i2c_ex.c ****     hi2c->Instance->CR1 |= AnalogFilter;
  80              		.loc 1 115 5 is_stmt 1 discriminator 2 view .LVU18
  81              		.loc 1 115 9 is_stmt 0 discriminator 2 view .LVU19
  82 0030 0668     		ldr	r6, [r0]
  83              		.loc 1 115 19 discriminator 2 view .LVU20
  84 0032 3368     		ldr	r3, [r6]
  85              		.loc 1 115 25 discriminator 2 view .LVU21
  86 0034 0B43     		orrs	r3, r1
  87 0036 3360     		str	r3, [r6]
 116:Drivers/STM32U0xx_HAL_Driver/Src/stm32u0xx_hal_i2c_ex.c **** 
 117:Drivers/STM32U0xx_HAL_Driver/Src/stm32u0xx_hal_i2c_ex.c ****     __HAL_I2C_ENABLE(hi2c);
  88              		.loc 1 117 5 is_stmt 1 discriminator 2 view .LVU22
  89 0038 0168     		ldr	r1, [r0]
  90              	.LVL1:
  91              		.loc 1 117 5 is_stmt 0 discriminator 2 view .LVU23
  92 003a 0B68     		ldr	r3, [r1]
  93 003c 1343     		orrs	r3, r2
  94 003e 0B60     		str	r3, [r1]
 118:Drivers/STM32U0xx_HAL_Driver/Src/stm32u0xx_hal_i2c_ex.c **** 
 119:Drivers/STM32U0xx_HAL_Driver/Src/stm32u0xx_hal_i2c_ex.c ****     hi2c->State = HAL_I2C_STATE_READY;
  95              		.loc 1 119 5 is_stmt 1 discriminator 2 view .LVU24
  96              		.loc 1 119 17 is_stmt 0 discriminator 2 view .LVU25
  97 0040 2023     		movs	r3, #32
  98 0042 4355     		strb	r3, [r0, r5]
 120:Drivers/STM32U0xx_HAL_Driver/Src/stm32u0xx_hal_i2c_ex.c **** 
 121:Drivers/STM32U0xx_HAL_Driver/Src/stm32u0xx_hal_i2c_ex.c ****     /* Process Unlocked */
 122:Drivers/STM32U0xx_HAL_Driver/Src/stm32u0xx_hal_i2c_ex.c ****     __HAL_UNLOCK(hi2c);
  99              		.loc 1 122 5 is_stmt 1 discriminator 2 view .LVU26
 100              		.loc 1 122 5 discriminator 2 view .LVU27
 101 0044 0023     		movs	r3, #0
 102 0046 0355     		strb	r3, [r0, r4]
 103              		.loc 1 122 5 discriminator 2 view .LVU28
 123:Drivers/STM32U0xx_HAL_Driver/Src/stm32u0xx_hal_i2c_ex.c **** 
 124:Drivers/STM32U0xx_HAL_Driver/Src/stm32u0xx_hal_i2c_ex.c ****     return HAL_OK;
 104              		.loc 1 124 5 discriminator 2 view .LVU29
 105              		.loc 1 124 12 is_stmt 0 discriminator 2 view .LVU30
ARM GAS  C:\Users\upo\AppData\Local\Temp\ccxlc57N.s 			page 5


 106 0048 0020     		movs	r0, #0
 107              	.LVL2:
 108              	.L2:
 125:Drivers/STM32U0xx_HAL_Driver/Src/stm32u0xx_hal_i2c_ex.c ****   }
 126:Drivers/STM32U0xx_HAL_Driver/Src/stm32u0xx_hal_i2c_ex.c ****   else
 127:Drivers/STM32U0xx_HAL_Driver/Src/stm32u0xx_hal_i2c_ex.c ****   {
 128:Drivers/STM32U0xx_HAL_Driver/Src/stm32u0xx_hal_i2c_ex.c ****     return HAL_BUSY;
 129:Drivers/STM32U0xx_HAL_Driver/Src/stm32u0xx_hal_i2c_ex.c ****   }
 130:Drivers/STM32U0xx_HAL_Driver/Src/stm32u0xx_hal_i2c_ex.c **** }
 109              		.loc 1 130 1 view .LVU31
 110              		@ sp needed
 111 004a F0BD     		pop	{r4, r5, r6, r7, pc}
 112              	.LVL3:
 113              	.L3:
 128:Drivers/STM32U0xx_HAL_Driver/Src/stm32u0xx_hal_i2c_ex.c ****   }
 114              		.loc 1 128 12 view .LVU32
 115 004c 0220     		movs	r0, #2
 116              	.LVL4:
 128:Drivers/STM32U0xx_HAL_Driver/Src/stm32u0xx_hal_i2c_ex.c ****   }
 117              		.loc 1 128 12 view .LVU33
 118 004e FCE7     		b	.L2
 119              	.LVL5:
 120              	.L4:
 104:Drivers/STM32U0xx_HAL_Driver/Src/stm32u0xx_hal_i2c_ex.c **** 
 121              		.loc 1 104 5 view .LVU34
 122 0050 0220     		movs	r0, #2
 123              	.LVL6:
 104:Drivers/STM32U0xx_HAL_Driver/Src/stm32u0xx_hal_i2c_ex.c **** 
 124              		.loc 1 104 5 view .LVU35
 125 0052 FAE7     		b	.L2
 126              	.L6:
 127              		.align	2
 128              	.L5:
 129 0054 FFEFFFFF 		.word	-4097
 130              		.cfi_endproc
 131              	.LFE334:
 133              		.section	.text.HAL_I2CEx_ConfigDigitalFilter,"ax",%progbits
 134              		.align	1
 135              		.global	HAL_I2CEx_ConfigDigitalFilter
 136              		.syntax unified
 137              		.code	16
 138              		.thumb_func
 140              	HAL_I2CEx_ConfigDigitalFilter:
 141              	.LVL7:
 142              	.LFB335:
 131:Drivers/STM32U0xx_HAL_Driver/Src/stm32u0xx_hal_i2c_ex.c **** 
 132:Drivers/STM32U0xx_HAL_Driver/Src/stm32u0xx_hal_i2c_ex.c **** /**
 133:Drivers/STM32U0xx_HAL_Driver/Src/stm32u0xx_hal_i2c_ex.c ****   * @brief  Configure I2C Digital noise filter.
 134:Drivers/STM32U0xx_HAL_Driver/Src/stm32u0xx_hal_i2c_ex.c ****   * @param  hi2c Pointer to a I2C_HandleTypeDef structure that contains
 135:Drivers/STM32U0xx_HAL_Driver/Src/stm32u0xx_hal_i2c_ex.c ****   *                the configuration information for the specified I2Cx peripheral.
 136:Drivers/STM32U0xx_HAL_Driver/Src/stm32u0xx_hal_i2c_ex.c ****   * @param  DigitalFilter Coefficient of digital noise filter between Min_Data=0x00 and Max_Data=0x
 137:Drivers/STM32U0xx_HAL_Driver/Src/stm32u0xx_hal_i2c_ex.c ****   * @retval HAL status
 138:Drivers/STM32U0xx_HAL_Driver/Src/stm32u0xx_hal_i2c_ex.c ****   */
 139:Drivers/STM32U0xx_HAL_Driver/Src/stm32u0xx_hal_i2c_ex.c **** HAL_StatusTypeDef HAL_I2CEx_ConfigDigitalFilter(I2C_HandleTypeDef *hi2c, uint32_t DigitalFilter)
 140:Drivers/STM32U0xx_HAL_Driver/Src/stm32u0xx_hal_i2c_ex.c **** {
 143              		.loc 1 140 1 is_stmt 1 view -0
 144              		.cfi_startproc
ARM GAS  C:\Users\upo\AppData\Local\Temp\ccxlc57N.s 			page 6


 145              		@ args = 0, pretend = 0, frame = 0
 146              		@ frame_needed = 0, uses_anonymous_args = 0
 147              		.loc 1 140 1 is_stmt 0 view .LVU37
 148 0000 F0B5     		push	{r4, r5, r6, r7, lr}
 149              	.LCFI1:
 150              		.cfi_def_cfa_offset 20
 151              		.cfi_offset 4, -20
 152              		.cfi_offset 5, -16
 153              		.cfi_offset 6, -12
 154              		.cfi_offset 7, -8
 155              		.cfi_offset 14, -4
 141:Drivers/STM32U0xx_HAL_Driver/Src/stm32u0xx_hal_i2c_ex.c ****   uint32_t tmpreg;
 156              		.loc 1 141 3 is_stmt 1 view .LVU38
 142:Drivers/STM32U0xx_HAL_Driver/Src/stm32u0xx_hal_i2c_ex.c **** 
 143:Drivers/STM32U0xx_HAL_Driver/Src/stm32u0xx_hal_i2c_ex.c ****   /* Check the parameters */
 144:Drivers/STM32U0xx_HAL_Driver/Src/stm32u0xx_hal_i2c_ex.c ****   assert_param(IS_I2C_ALL_INSTANCE(hi2c->Instance));
 157              		.loc 1 144 3 view .LVU39
 145:Drivers/STM32U0xx_HAL_Driver/Src/stm32u0xx_hal_i2c_ex.c ****   assert_param(IS_I2C_DIGITAL_FILTER(DigitalFilter));
 158              		.loc 1 145 3 view .LVU40
 146:Drivers/STM32U0xx_HAL_Driver/Src/stm32u0xx_hal_i2c_ex.c **** 
 147:Drivers/STM32U0xx_HAL_Driver/Src/stm32u0xx_hal_i2c_ex.c ****   if (hi2c->State == HAL_I2C_STATE_READY)
 159              		.loc 1 147 3 view .LVU41
 160              		.loc 1 147 11 is_stmt 0 view .LVU42
 161 0002 4123     		movs	r3, #65
 162 0004 C35C     		ldrb	r3, [r0, r3]
 163              		.loc 1 147 6 view .LVU43
 164 0006 202B     		cmp	r3, #32
 165 0008 1ED1     		bne	.L9
 148:Drivers/STM32U0xx_HAL_Driver/Src/stm32u0xx_hal_i2c_ex.c ****   {
 149:Drivers/STM32U0xx_HAL_Driver/Src/stm32u0xx_hal_i2c_ex.c ****     /* Process Locked */
 150:Drivers/STM32U0xx_HAL_Driver/Src/stm32u0xx_hal_i2c_ex.c ****     __HAL_LOCK(hi2c);
 166              		.loc 1 150 5 is_stmt 1 view .LVU44
 167              		.loc 1 150 5 view .LVU45
 168 000a 2033     		adds	r3, r3, #32
 169 000c C35C     		ldrb	r3, [r0, r3]
 170 000e 012B     		cmp	r3, #1
 171 0010 1CD0     		beq	.L10
 172              		.loc 1 150 5 discriminator 2 view .LVU46
 173 0012 4024     		movs	r4, #64
 174 0014 0122     		movs	r2, #1
 175 0016 0255     		strb	r2, [r0, r4]
 176              		.loc 1 150 5 discriminator 2 view .LVU47
 151:Drivers/STM32U0xx_HAL_Driver/Src/stm32u0xx_hal_i2c_ex.c **** 
 152:Drivers/STM32U0xx_HAL_Driver/Src/stm32u0xx_hal_i2c_ex.c ****     hi2c->State = HAL_I2C_STATE_BUSY;
 177              		.loc 1 152 5 discriminator 2 view .LVU48
 178              		.loc 1 152 17 is_stmt 0 discriminator 2 view .LVU49
 179 0018 4125     		movs	r5, #65
 180 001a 2423     		movs	r3, #36
 181 001c 4355     		strb	r3, [r0, r5]
 153:Drivers/STM32U0xx_HAL_Driver/Src/stm32u0xx_hal_i2c_ex.c **** 
 154:Drivers/STM32U0xx_HAL_Driver/Src/stm32u0xx_hal_i2c_ex.c ****     /* Disable the selected I2C peripheral */
 155:Drivers/STM32U0xx_HAL_Driver/Src/stm32u0xx_hal_i2c_ex.c ****     __HAL_I2C_DISABLE(hi2c);
 182              		.loc 1 155 5 is_stmt 1 discriminator 2 view .LVU50
 183 001e 0668     		ldr	r6, [r0]
 184 0020 3368     		ldr	r3, [r6]
 185 0022 9343     		bics	r3, r2
 186 0024 3360     		str	r3, [r6]
ARM GAS  C:\Users\upo\AppData\Local\Temp\ccxlc57N.s 			page 7


 156:Drivers/STM32U0xx_HAL_Driver/Src/stm32u0xx_hal_i2c_ex.c **** 
 157:Drivers/STM32U0xx_HAL_Driver/Src/stm32u0xx_hal_i2c_ex.c ****     /* Get the old register value */
 158:Drivers/STM32U0xx_HAL_Driver/Src/stm32u0xx_hal_i2c_ex.c ****     tmpreg = hi2c->Instance->CR1;
 187              		.loc 1 158 5 discriminator 2 view .LVU51
 188              		.loc 1 158 18 is_stmt 0 discriminator 2 view .LVU52
 189 0026 0668     		ldr	r6, [r0]
 190              		.loc 1 158 12 discriminator 2 view .LVU53
 191 0028 3368     		ldr	r3, [r6]
 192              	.LVL8:
 159:Drivers/STM32U0xx_HAL_Driver/Src/stm32u0xx_hal_i2c_ex.c **** 
 160:Drivers/STM32U0xx_HAL_Driver/Src/stm32u0xx_hal_i2c_ex.c ****     /* Reset I2Cx DNF bits [11:8] */
 161:Drivers/STM32U0xx_HAL_Driver/Src/stm32u0xx_hal_i2c_ex.c ****     tmpreg &= ~(I2C_CR1_DNF);
 193              		.loc 1 161 5 is_stmt 1 discriminator 2 view .LVU54
 194              		.loc 1 161 12 is_stmt 0 discriminator 2 view .LVU55
 195 002a 094F     		ldr	r7, .L11
 196 002c 3B40     		ands	r3, r7
 197              	.LVL9:
 162:Drivers/STM32U0xx_HAL_Driver/Src/stm32u0xx_hal_i2c_ex.c **** 
 163:Drivers/STM32U0xx_HAL_Driver/Src/stm32u0xx_hal_i2c_ex.c ****     /* Set I2Cx DNF coefficient */
 164:Drivers/STM32U0xx_HAL_Driver/Src/stm32u0xx_hal_i2c_ex.c ****     tmpreg |= DigitalFilter << 8U;
 198              		.loc 1 164 5 is_stmt 1 discriminator 2 view .LVU56
 199              		.loc 1 164 29 is_stmt 0 discriminator 2 view .LVU57
 200 002e 0902     		lsls	r1, r1, #8
 201              	.LVL10:
 202              		.loc 1 164 12 discriminator 2 view .LVU58
 203 0030 1943     		orrs	r1, r3
 204              	.LVL11:
 165:Drivers/STM32U0xx_HAL_Driver/Src/stm32u0xx_hal_i2c_ex.c **** 
 166:Drivers/STM32U0xx_HAL_Driver/Src/stm32u0xx_hal_i2c_ex.c ****     /* Store the new register value */
 167:Drivers/STM32U0xx_HAL_Driver/Src/stm32u0xx_hal_i2c_ex.c ****     hi2c->Instance->CR1 = tmpreg;
 205              		.loc 1 167 5 is_stmt 1 discriminator 2 view .LVU59
 206              		.loc 1 167 25 is_stmt 0 discriminator 2 view .LVU60
 207 0032 3160     		str	r1, [r6]
 168:Drivers/STM32U0xx_HAL_Driver/Src/stm32u0xx_hal_i2c_ex.c **** 
 169:Drivers/STM32U0xx_HAL_Driver/Src/stm32u0xx_hal_i2c_ex.c ****     __HAL_I2C_ENABLE(hi2c);
 208              		.loc 1 169 5 is_stmt 1 discriminator 2 view .LVU61
 209 0034 0168     		ldr	r1, [r0]
 210              	.LVL12:
 211              		.loc 1 169 5 is_stmt 0 discriminator 2 view .LVU62
 212 0036 0B68     		ldr	r3, [r1]
 213 0038 1343     		orrs	r3, r2
 214 003a 0B60     		str	r3, [r1]
 215              	.LVL13:
 170:Drivers/STM32U0xx_HAL_Driver/Src/stm32u0xx_hal_i2c_ex.c **** 
 171:Drivers/STM32U0xx_HAL_Driver/Src/stm32u0xx_hal_i2c_ex.c ****     hi2c->State = HAL_I2C_STATE_READY;
 216              		.loc 1 171 5 is_stmt 1 discriminator 2 view .LVU63
 217              		.loc 1 171 17 is_stmt 0 discriminator 2 view .LVU64
 218 003c 2023     		movs	r3, #32
 219 003e 4355     		strb	r3, [r0, r5]
 172:Drivers/STM32U0xx_HAL_Driver/Src/stm32u0xx_hal_i2c_ex.c **** 
 173:Drivers/STM32U0xx_HAL_Driver/Src/stm32u0xx_hal_i2c_ex.c ****     /* Process Unlocked */
 174:Drivers/STM32U0xx_HAL_Driver/Src/stm32u0xx_hal_i2c_ex.c ****     __HAL_UNLOCK(hi2c);
 220              		.loc 1 174 5 is_stmt 1 discriminator 2 view .LVU65
 221              		.loc 1 174 5 discriminator 2 view .LVU66
 222 0040 0023     		movs	r3, #0
 223 0042 0355     		strb	r3, [r0, r4]
 224              		.loc 1 174 5 discriminator 2 view .LVU67
ARM GAS  C:\Users\upo\AppData\Local\Temp\ccxlc57N.s 			page 8


 175:Drivers/STM32U0xx_HAL_Driver/Src/stm32u0xx_hal_i2c_ex.c **** 
 176:Drivers/STM32U0xx_HAL_Driver/Src/stm32u0xx_hal_i2c_ex.c ****     return HAL_OK;
 225              		.loc 1 176 5 discriminator 2 view .LVU68
 226              		.loc 1 176 12 is_stmt 0 discriminator 2 view .LVU69
 227 0044 0020     		movs	r0, #0
 228              	.LVL14:
 229              	.L8:
 177:Drivers/STM32U0xx_HAL_Driver/Src/stm32u0xx_hal_i2c_ex.c ****   }
 178:Drivers/STM32U0xx_HAL_Driver/Src/stm32u0xx_hal_i2c_ex.c ****   else
 179:Drivers/STM32U0xx_HAL_Driver/Src/stm32u0xx_hal_i2c_ex.c ****   {
 180:Drivers/STM32U0xx_HAL_Driver/Src/stm32u0xx_hal_i2c_ex.c ****     return HAL_BUSY;
 181:Drivers/STM32U0xx_HAL_Driver/Src/stm32u0xx_hal_i2c_ex.c ****   }
 182:Drivers/STM32U0xx_HAL_Driver/Src/stm32u0xx_hal_i2c_ex.c **** }
 230              		.loc 1 182 1 view .LVU70
 231              		@ sp needed
 232 0046 F0BD     		pop	{r4, r5, r6, r7, pc}
 233              	.LVL15:
 234              	.L9:
 180:Drivers/STM32U0xx_HAL_Driver/Src/stm32u0xx_hal_i2c_ex.c ****   }
 235              		.loc 1 180 12 view .LVU71
 236 0048 0220     		movs	r0, #2
 237              	.LVL16:
 180:Drivers/STM32U0xx_HAL_Driver/Src/stm32u0xx_hal_i2c_ex.c ****   }
 238              		.loc 1 180 12 view .LVU72
 239 004a FCE7     		b	.L8
 240              	.LVL17:
 241              	.L10:
 150:Drivers/STM32U0xx_HAL_Driver/Src/stm32u0xx_hal_i2c_ex.c **** 
 242              		.loc 1 150 5 view .LVU73
 243 004c 0220     		movs	r0, #2
 244              	.LVL18:
 150:Drivers/STM32U0xx_HAL_Driver/Src/stm32u0xx_hal_i2c_ex.c **** 
 245              		.loc 1 150 5 view .LVU74
 246 004e FAE7     		b	.L8
 247              	.L12:
 248              		.align	2
 249              	.L11:
 250 0050 FFF0FFFF 		.word	-3841
 251              		.cfi_endproc
 252              	.LFE335:
 254              		.section	.text.HAL_I2CEx_EnableWakeUp,"ax",%progbits
 255              		.align	1
 256              		.global	HAL_I2CEx_EnableWakeUp
 257              		.syntax unified
 258              		.code	16
 259              		.thumb_func
 261              	HAL_I2CEx_EnableWakeUp:
 262              	.LVL19:
 263              	.LFB336:
 183:Drivers/STM32U0xx_HAL_Driver/Src/stm32u0xx_hal_i2c_ex.c **** /**
 184:Drivers/STM32U0xx_HAL_Driver/Src/stm32u0xx_hal_i2c_ex.c ****   * @}
 185:Drivers/STM32U0xx_HAL_Driver/Src/stm32u0xx_hal_i2c_ex.c ****   */
 186:Drivers/STM32U0xx_HAL_Driver/Src/stm32u0xx_hal_i2c_ex.c **** #if defined(I2C_CR1_WUPEN)
 187:Drivers/STM32U0xx_HAL_Driver/Src/stm32u0xx_hal_i2c_ex.c **** 
 188:Drivers/STM32U0xx_HAL_Driver/Src/stm32u0xx_hal_i2c_ex.c **** /** @defgroup I2CEx_Exported_Functions_Group2 WakeUp Mode Functions
 189:Drivers/STM32U0xx_HAL_Driver/Src/stm32u0xx_hal_i2c_ex.c ****   * @brief    WakeUp Mode Functions
 190:Drivers/STM32U0xx_HAL_Driver/Src/stm32u0xx_hal_i2c_ex.c ****   *
ARM GAS  C:\Users\upo\AppData\Local\Temp\ccxlc57N.s 			page 9


 191:Drivers/STM32U0xx_HAL_Driver/Src/stm32u0xx_hal_i2c_ex.c **** @verbatim
 192:Drivers/STM32U0xx_HAL_Driver/Src/stm32u0xx_hal_i2c_ex.c ****  ===============================================================================
 193:Drivers/STM32U0xx_HAL_Driver/Src/stm32u0xx_hal_i2c_ex.c ****                       ##### WakeUp Mode Functions #####
 194:Drivers/STM32U0xx_HAL_Driver/Src/stm32u0xx_hal_i2c_ex.c ****  ===============================================================================
 195:Drivers/STM32U0xx_HAL_Driver/Src/stm32u0xx_hal_i2c_ex.c ****     [..] This section provides functions allowing to:
 196:Drivers/STM32U0xx_HAL_Driver/Src/stm32u0xx_hal_i2c_ex.c ****       (+) Configure Wake Up Feature
 197:Drivers/STM32U0xx_HAL_Driver/Src/stm32u0xx_hal_i2c_ex.c **** 
 198:Drivers/STM32U0xx_HAL_Driver/Src/stm32u0xx_hal_i2c_ex.c **** @endverbatim
 199:Drivers/STM32U0xx_HAL_Driver/Src/stm32u0xx_hal_i2c_ex.c ****   * @{
 200:Drivers/STM32U0xx_HAL_Driver/Src/stm32u0xx_hal_i2c_ex.c ****   */
 201:Drivers/STM32U0xx_HAL_Driver/Src/stm32u0xx_hal_i2c_ex.c **** 
 202:Drivers/STM32U0xx_HAL_Driver/Src/stm32u0xx_hal_i2c_ex.c **** /**
 203:Drivers/STM32U0xx_HAL_Driver/Src/stm32u0xx_hal_i2c_ex.c ****   * @brief  Enable I2C wakeup from Stop mode(s).
 204:Drivers/STM32U0xx_HAL_Driver/Src/stm32u0xx_hal_i2c_ex.c ****   * @param  hi2c Pointer to a I2C_HandleTypeDef structure that contains
 205:Drivers/STM32U0xx_HAL_Driver/Src/stm32u0xx_hal_i2c_ex.c ****   *                the configuration information for the specified I2Cx peripheral.
 206:Drivers/STM32U0xx_HAL_Driver/Src/stm32u0xx_hal_i2c_ex.c ****   * @retval HAL status
 207:Drivers/STM32U0xx_HAL_Driver/Src/stm32u0xx_hal_i2c_ex.c ****   */
 208:Drivers/STM32U0xx_HAL_Driver/Src/stm32u0xx_hal_i2c_ex.c **** HAL_StatusTypeDef HAL_I2CEx_EnableWakeUp(I2C_HandleTypeDef *hi2c)
 209:Drivers/STM32U0xx_HAL_Driver/Src/stm32u0xx_hal_i2c_ex.c **** {
 264              		.loc 1 209 1 is_stmt 1 view -0
 265              		.cfi_startproc
 266              		@ args = 0, pretend = 0, frame = 0
 267              		@ frame_needed = 0, uses_anonymous_args = 0
 268              		.loc 1 209 1 is_stmt 0 view .LVU76
 269 0000 70B5     		push	{r4, r5, r6, lr}
 270              	.LCFI2:
 271              		.cfi_def_cfa_offset 16
 272              		.cfi_offset 4, -16
 273              		.cfi_offset 5, -12
 274              		.cfi_offset 6, -8
 275              		.cfi_offset 14, -4
 210:Drivers/STM32U0xx_HAL_Driver/Src/stm32u0xx_hal_i2c_ex.c ****   /* Check the parameters */
 211:Drivers/STM32U0xx_HAL_Driver/Src/stm32u0xx_hal_i2c_ex.c ****   assert_param(IS_I2C_WAKEUP_FROMSTOP_INSTANCE(hi2c->Instance));
 276              		.loc 1 211 3 is_stmt 1 view .LVU77
 212:Drivers/STM32U0xx_HAL_Driver/Src/stm32u0xx_hal_i2c_ex.c **** 
 213:Drivers/STM32U0xx_HAL_Driver/Src/stm32u0xx_hal_i2c_ex.c ****   if (hi2c->State == HAL_I2C_STATE_READY)
 277              		.loc 1 213 3 view .LVU78
 278              		.loc 1 213 11 is_stmt 0 view .LVU79
 279 0002 4123     		movs	r3, #65
 280 0004 C35C     		ldrb	r3, [r0, r3]
 281              		.loc 1 213 6 view .LVU80
 282 0006 202B     		cmp	r3, #32
 283 0008 1DD1     		bne	.L15
 214:Drivers/STM32U0xx_HAL_Driver/Src/stm32u0xx_hal_i2c_ex.c ****   {
 215:Drivers/STM32U0xx_HAL_Driver/Src/stm32u0xx_hal_i2c_ex.c ****     /* Process Locked */
 216:Drivers/STM32U0xx_HAL_Driver/Src/stm32u0xx_hal_i2c_ex.c ****     __HAL_LOCK(hi2c);
 284              		.loc 1 216 5 is_stmt 1 view .LVU81
 285              		.loc 1 216 5 view .LVU82
 286 000a 2033     		adds	r3, r3, #32
 287 000c C35C     		ldrb	r3, [r0, r3]
 288 000e 012B     		cmp	r3, #1
 289 0010 1BD0     		beq	.L16
 290              		.loc 1 216 5 discriminator 2 view .LVU83
 291 0012 4021     		movs	r1, #64
 292 0014 0122     		movs	r2, #1
 293 0016 4254     		strb	r2, [r0, r1]
 294              		.loc 1 216 5 discriminator 2 view .LVU84
ARM GAS  C:\Users\upo\AppData\Local\Temp\ccxlc57N.s 			page 10


 217:Drivers/STM32U0xx_HAL_Driver/Src/stm32u0xx_hal_i2c_ex.c **** 
 218:Drivers/STM32U0xx_HAL_Driver/Src/stm32u0xx_hal_i2c_ex.c ****     hi2c->State = HAL_I2C_STATE_BUSY;
 295              		.loc 1 218 5 discriminator 2 view .LVU85
 296              		.loc 1 218 17 is_stmt 0 discriminator 2 view .LVU86
 297 0018 4124     		movs	r4, #65
 298 001a 2423     		movs	r3, #36
 299 001c 0355     		strb	r3, [r0, r4]
 219:Drivers/STM32U0xx_HAL_Driver/Src/stm32u0xx_hal_i2c_ex.c **** 
 220:Drivers/STM32U0xx_HAL_Driver/Src/stm32u0xx_hal_i2c_ex.c ****     /* Disable the selected I2C peripheral */
 221:Drivers/STM32U0xx_HAL_Driver/Src/stm32u0xx_hal_i2c_ex.c ****     __HAL_I2C_DISABLE(hi2c);
 300              		.loc 1 221 5 is_stmt 1 discriminator 2 view .LVU87
 301 001e 0568     		ldr	r5, [r0]
 302 0020 2B68     		ldr	r3, [r5]
 303 0022 9343     		bics	r3, r2
 304 0024 2B60     		str	r3, [r5]
 222:Drivers/STM32U0xx_HAL_Driver/Src/stm32u0xx_hal_i2c_ex.c **** 
 223:Drivers/STM32U0xx_HAL_Driver/Src/stm32u0xx_hal_i2c_ex.c ****     /* Enable wakeup from stop mode */
 224:Drivers/STM32U0xx_HAL_Driver/Src/stm32u0xx_hal_i2c_ex.c ****     hi2c->Instance->CR1 |= I2C_CR1_WUPEN;
 305              		.loc 1 224 5 discriminator 2 view .LVU88
 306              		.loc 1 224 9 is_stmt 0 discriminator 2 view .LVU89
 307 0026 0568     		ldr	r5, [r0]
 308              		.loc 1 224 19 discriminator 2 view .LVU90
 309 0028 2E68     		ldr	r6, [r5]
 310              		.loc 1 224 25 discriminator 2 view .LVU91
 311 002a 8023     		movs	r3, #128
 312 002c DB02     		lsls	r3, r3, #11
 313 002e 3343     		orrs	r3, r6
 314 0030 2B60     		str	r3, [r5]
 225:Drivers/STM32U0xx_HAL_Driver/Src/stm32u0xx_hal_i2c_ex.c **** 
 226:Drivers/STM32U0xx_HAL_Driver/Src/stm32u0xx_hal_i2c_ex.c ****     __HAL_I2C_ENABLE(hi2c);
 315              		.loc 1 226 5 is_stmt 1 discriminator 2 view .LVU92
 316 0032 0568     		ldr	r5, [r0]
 317 0034 2B68     		ldr	r3, [r5]
 318 0036 1343     		orrs	r3, r2
 319 0038 2B60     		str	r3, [r5]
 227:Drivers/STM32U0xx_HAL_Driver/Src/stm32u0xx_hal_i2c_ex.c **** 
 228:Drivers/STM32U0xx_HAL_Driver/Src/stm32u0xx_hal_i2c_ex.c ****     hi2c->State = HAL_I2C_STATE_READY;
 320              		.loc 1 228 5 discriminator 2 view .LVU93
 321              		.loc 1 228 17 is_stmt 0 discriminator 2 view .LVU94
 322 003a 2023     		movs	r3, #32
 323 003c 0355     		strb	r3, [r0, r4]
 229:Drivers/STM32U0xx_HAL_Driver/Src/stm32u0xx_hal_i2c_ex.c **** 
 230:Drivers/STM32U0xx_HAL_Driver/Src/stm32u0xx_hal_i2c_ex.c ****     /* Process Unlocked */
 231:Drivers/STM32U0xx_HAL_Driver/Src/stm32u0xx_hal_i2c_ex.c ****     __HAL_UNLOCK(hi2c);
 324              		.loc 1 231 5 is_stmt 1 discriminator 2 view .LVU95
 325              		.loc 1 231 5 discriminator 2 view .LVU96
 326 003e 0023     		movs	r3, #0
 327 0040 4354     		strb	r3, [r0, r1]
 328              		.loc 1 231 5 discriminator 2 view .LVU97
 232:Drivers/STM32U0xx_HAL_Driver/Src/stm32u0xx_hal_i2c_ex.c **** 
 233:Drivers/STM32U0xx_HAL_Driver/Src/stm32u0xx_hal_i2c_ex.c ****     return HAL_OK;
 329              		.loc 1 233 5 discriminator 2 view .LVU98
 330              		.loc 1 233 12 is_stmt 0 discriminator 2 view .LVU99
 331 0042 0020     		movs	r0, #0
 332              	.LVL20:
 333              	.L14:
 234:Drivers/STM32U0xx_HAL_Driver/Src/stm32u0xx_hal_i2c_ex.c ****   }
ARM GAS  C:\Users\upo\AppData\Local\Temp\ccxlc57N.s 			page 11


 235:Drivers/STM32U0xx_HAL_Driver/Src/stm32u0xx_hal_i2c_ex.c ****   else
 236:Drivers/STM32U0xx_HAL_Driver/Src/stm32u0xx_hal_i2c_ex.c ****   {
 237:Drivers/STM32U0xx_HAL_Driver/Src/stm32u0xx_hal_i2c_ex.c ****     return HAL_BUSY;
 238:Drivers/STM32U0xx_HAL_Driver/Src/stm32u0xx_hal_i2c_ex.c ****   }
 239:Drivers/STM32U0xx_HAL_Driver/Src/stm32u0xx_hal_i2c_ex.c **** }
 334              		.loc 1 239 1 view .LVU100
 335              		@ sp needed
 336 0044 70BD     		pop	{r4, r5, r6, pc}
 337              	.LVL21:
 338              	.L15:
 237:Drivers/STM32U0xx_HAL_Driver/Src/stm32u0xx_hal_i2c_ex.c ****   }
 339              		.loc 1 237 12 view .LVU101
 340 0046 0220     		movs	r0, #2
 341              	.LVL22:
 237:Drivers/STM32U0xx_HAL_Driver/Src/stm32u0xx_hal_i2c_ex.c ****   }
 342              		.loc 1 237 12 view .LVU102
 343 0048 FCE7     		b	.L14
 344              	.LVL23:
 345              	.L16:
 216:Drivers/STM32U0xx_HAL_Driver/Src/stm32u0xx_hal_i2c_ex.c **** 
 346              		.loc 1 216 5 view .LVU103
 347 004a 0220     		movs	r0, #2
 348              	.LVL24:
 216:Drivers/STM32U0xx_HAL_Driver/Src/stm32u0xx_hal_i2c_ex.c **** 
 349              		.loc 1 216 5 view .LVU104
 350 004c FAE7     		b	.L14
 351              		.cfi_endproc
 352              	.LFE336:
 354              		.section	.text.HAL_I2CEx_DisableWakeUp,"ax",%progbits
 355              		.align	1
 356              		.global	HAL_I2CEx_DisableWakeUp
 357              		.syntax unified
 358              		.code	16
 359              		.thumb_func
 361              	HAL_I2CEx_DisableWakeUp:
 362              	.LVL25:
 363              	.LFB337:
 240:Drivers/STM32U0xx_HAL_Driver/Src/stm32u0xx_hal_i2c_ex.c **** 
 241:Drivers/STM32U0xx_HAL_Driver/Src/stm32u0xx_hal_i2c_ex.c **** /**
 242:Drivers/STM32U0xx_HAL_Driver/Src/stm32u0xx_hal_i2c_ex.c ****   * @brief  Disable I2C wakeup from Stop mode(s).
 243:Drivers/STM32U0xx_HAL_Driver/Src/stm32u0xx_hal_i2c_ex.c ****   * @param  hi2c Pointer to a I2C_HandleTypeDef structure that contains
 244:Drivers/STM32U0xx_HAL_Driver/Src/stm32u0xx_hal_i2c_ex.c ****   *                the configuration information for the specified I2Cx peripheral.
 245:Drivers/STM32U0xx_HAL_Driver/Src/stm32u0xx_hal_i2c_ex.c ****   * @retval HAL status
 246:Drivers/STM32U0xx_HAL_Driver/Src/stm32u0xx_hal_i2c_ex.c ****   */
 247:Drivers/STM32U0xx_HAL_Driver/Src/stm32u0xx_hal_i2c_ex.c **** HAL_StatusTypeDef HAL_I2CEx_DisableWakeUp(I2C_HandleTypeDef *hi2c)
 248:Drivers/STM32U0xx_HAL_Driver/Src/stm32u0xx_hal_i2c_ex.c **** {
 364              		.loc 1 248 1 is_stmt 1 view -0
 365              		.cfi_startproc
 366              		@ args = 0, pretend = 0, frame = 0
 367              		@ frame_needed = 0, uses_anonymous_args = 0
 368              		.loc 1 248 1 is_stmt 0 view .LVU106
 369 0000 70B5     		push	{r4, r5, r6, lr}
 370              	.LCFI3:
 371              		.cfi_def_cfa_offset 16
 372              		.cfi_offset 4, -16
 373              		.cfi_offset 5, -12
 374              		.cfi_offset 6, -8
ARM GAS  C:\Users\upo\AppData\Local\Temp\ccxlc57N.s 			page 12


 375              		.cfi_offset 14, -4
 249:Drivers/STM32U0xx_HAL_Driver/Src/stm32u0xx_hal_i2c_ex.c ****   /* Check the parameters */
 250:Drivers/STM32U0xx_HAL_Driver/Src/stm32u0xx_hal_i2c_ex.c ****   assert_param(IS_I2C_WAKEUP_FROMSTOP_INSTANCE(hi2c->Instance));
 376              		.loc 1 250 3 is_stmt 1 view .LVU107
 251:Drivers/STM32U0xx_HAL_Driver/Src/stm32u0xx_hal_i2c_ex.c **** 
 252:Drivers/STM32U0xx_HAL_Driver/Src/stm32u0xx_hal_i2c_ex.c ****   if (hi2c->State == HAL_I2C_STATE_READY)
 377              		.loc 1 252 3 view .LVU108
 378              		.loc 1 252 11 is_stmt 0 view .LVU109
 379 0002 4123     		movs	r3, #65
 380 0004 C35C     		ldrb	r3, [r0, r3]
 381              		.loc 1 252 6 view .LVU110
 382 0006 202B     		cmp	r3, #32
 383 0008 1CD1     		bne	.L19
 253:Drivers/STM32U0xx_HAL_Driver/Src/stm32u0xx_hal_i2c_ex.c ****   {
 254:Drivers/STM32U0xx_HAL_Driver/Src/stm32u0xx_hal_i2c_ex.c ****     /* Process Locked */
 255:Drivers/STM32U0xx_HAL_Driver/Src/stm32u0xx_hal_i2c_ex.c ****     __HAL_LOCK(hi2c);
 384              		.loc 1 255 5 is_stmt 1 view .LVU111
 385              		.loc 1 255 5 view .LVU112
 386 000a 2033     		adds	r3, r3, #32
 387 000c C35C     		ldrb	r3, [r0, r3]
 388 000e 012B     		cmp	r3, #1
 389 0010 1AD0     		beq	.L20
 390              		.loc 1 255 5 discriminator 2 view .LVU113
 391 0012 4021     		movs	r1, #64
 392 0014 0122     		movs	r2, #1
 393 0016 4254     		strb	r2, [r0, r1]
 394              		.loc 1 255 5 discriminator 2 view .LVU114
 256:Drivers/STM32U0xx_HAL_Driver/Src/stm32u0xx_hal_i2c_ex.c **** 
 257:Drivers/STM32U0xx_HAL_Driver/Src/stm32u0xx_hal_i2c_ex.c ****     hi2c->State = HAL_I2C_STATE_BUSY;
 395              		.loc 1 257 5 discriminator 2 view .LVU115
 396              		.loc 1 257 17 is_stmt 0 discriminator 2 view .LVU116
 397 0018 4124     		movs	r4, #65
 398 001a 2423     		movs	r3, #36
 399 001c 0355     		strb	r3, [r0, r4]
 258:Drivers/STM32U0xx_HAL_Driver/Src/stm32u0xx_hal_i2c_ex.c **** 
 259:Drivers/STM32U0xx_HAL_Driver/Src/stm32u0xx_hal_i2c_ex.c ****     /* Disable the selected I2C peripheral */
 260:Drivers/STM32U0xx_HAL_Driver/Src/stm32u0xx_hal_i2c_ex.c ****     __HAL_I2C_DISABLE(hi2c);
 400              		.loc 1 260 5 is_stmt 1 discriminator 2 view .LVU117
 401 001e 0568     		ldr	r5, [r0]
 402 0020 2B68     		ldr	r3, [r5]
 403 0022 9343     		bics	r3, r2
 404 0024 2B60     		str	r3, [r5]
 261:Drivers/STM32U0xx_HAL_Driver/Src/stm32u0xx_hal_i2c_ex.c **** 
 262:Drivers/STM32U0xx_HAL_Driver/Src/stm32u0xx_hal_i2c_ex.c ****     /* Enable wakeup from stop mode */
 263:Drivers/STM32U0xx_HAL_Driver/Src/stm32u0xx_hal_i2c_ex.c ****     hi2c->Instance->CR1 &= ~(I2C_CR1_WUPEN);
 405              		.loc 1 263 5 discriminator 2 view .LVU118
 406              		.loc 1 263 9 is_stmt 0 discriminator 2 view .LVU119
 407 0026 0568     		ldr	r5, [r0]
 408              		.loc 1 263 19 discriminator 2 view .LVU120
 409 0028 2B68     		ldr	r3, [r5]
 410              		.loc 1 263 25 discriminator 2 view .LVU121
 411 002a 084E     		ldr	r6, .L21
 412 002c 3340     		ands	r3, r6
 413 002e 2B60     		str	r3, [r5]
 264:Drivers/STM32U0xx_HAL_Driver/Src/stm32u0xx_hal_i2c_ex.c **** 
 265:Drivers/STM32U0xx_HAL_Driver/Src/stm32u0xx_hal_i2c_ex.c ****     __HAL_I2C_ENABLE(hi2c);
 414              		.loc 1 265 5 is_stmt 1 discriminator 2 view .LVU122
ARM GAS  C:\Users\upo\AppData\Local\Temp\ccxlc57N.s 			page 13


 415 0030 0568     		ldr	r5, [r0]
 416 0032 2B68     		ldr	r3, [r5]
 417 0034 1343     		orrs	r3, r2
 418 0036 2B60     		str	r3, [r5]
 266:Drivers/STM32U0xx_HAL_Driver/Src/stm32u0xx_hal_i2c_ex.c **** 
 267:Drivers/STM32U0xx_HAL_Driver/Src/stm32u0xx_hal_i2c_ex.c ****     hi2c->State = HAL_I2C_STATE_READY;
 419              		.loc 1 267 5 discriminator 2 view .LVU123
 420              		.loc 1 267 17 is_stmt 0 discriminator 2 view .LVU124
 421 0038 2023     		movs	r3, #32
 422 003a 0355     		strb	r3, [r0, r4]
 268:Drivers/STM32U0xx_HAL_Driver/Src/stm32u0xx_hal_i2c_ex.c **** 
 269:Drivers/STM32U0xx_HAL_Driver/Src/stm32u0xx_hal_i2c_ex.c ****     /* Process Unlocked */
 270:Drivers/STM32U0xx_HAL_Driver/Src/stm32u0xx_hal_i2c_ex.c ****     __HAL_UNLOCK(hi2c);
 423              		.loc 1 270 5 is_stmt 1 discriminator 2 view .LVU125
 424              		.loc 1 270 5 discriminator 2 view .LVU126
 425 003c 0023     		movs	r3, #0
 426 003e 4354     		strb	r3, [r0, r1]
 427              		.loc 1 270 5 discriminator 2 view .LVU127
 271:Drivers/STM32U0xx_HAL_Driver/Src/stm32u0xx_hal_i2c_ex.c **** 
 272:Drivers/STM32U0xx_HAL_Driver/Src/stm32u0xx_hal_i2c_ex.c ****     return HAL_OK;
 428              		.loc 1 272 5 discriminator 2 view .LVU128
 429              		.loc 1 272 12 is_stmt 0 discriminator 2 view .LVU129
 430 0040 0020     		movs	r0, #0
 431              	.LVL26:
 432              	.L18:
 273:Drivers/STM32U0xx_HAL_Driver/Src/stm32u0xx_hal_i2c_ex.c ****   }
 274:Drivers/STM32U0xx_HAL_Driver/Src/stm32u0xx_hal_i2c_ex.c ****   else
 275:Drivers/STM32U0xx_HAL_Driver/Src/stm32u0xx_hal_i2c_ex.c ****   {
 276:Drivers/STM32U0xx_HAL_Driver/Src/stm32u0xx_hal_i2c_ex.c ****     return HAL_BUSY;
 277:Drivers/STM32U0xx_HAL_Driver/Src/stm32u0xx_hal_i2c_ex.c ****   }
 278:Drivers/STM32U0xx_HAL_Driver/Src/stm32u0xx_hal_i2c_ex.c **** }
 433              		.loc 1 278 1 view .LVU130
 434              		@ sp needed
 435 0042 70BD     		pop	{r4, r5, r6, pc}
 436              	.LVL27:
 437              	.L19:
 276:Drivers/STM32U0xx_HAL_Driver/Src/stm32u0xx_hal_i2c_ex.c ****   }
 438              		.loc 1 276 12 view .LVU131
 439 0044 0220     		movs	r0, #2
 440              	.LVL28:
 276:Drivers/STM32U0xx_HAL_Driver/Src/stm32u0xx_hal_i2c_ex.c ****   }
 441              		.loc 1 276 12 view .LVU132
 442 0046 FCE7     		b	.L18
 443              	.LVL29:
 444              	.L20:
 255:Drivers/STM32U0xx_HAL_Driver/Src/stm32u0xx_hal_i2c_ex.c **** 
 445              		.loc 1 255 5 view .LVU133
 446 0048 0220     		movs	r0, #2
 447              	.LVL30:
 255:Drivers/STM32U0xx_HAL_Driver/Src/stm32u0xx_hal_i2c_ex.c **** 
 448              		.loc 1 255 5 view .LVU134
 449 004a FAE7     		b	.L18
 450              	.L22:
 451              		.align	2
 452              	.L21:
 453 004c FFFFFBFF 		.word	-262145
 454              		.cfi_endproc
ARM GAS  C:\Users\upo\AppData\Local\Temp\ccxlc57N.s 			page 14


 455              	.LFE337:
 457              		.section	.text.HAL_I2CEx_ConfigFastModePlus,"ax",%progbits
 458              		.align	1
 459              		.global	HAL_I2CEx_ConfigFastModePlus
 460              		.syntax unified
 461              		.code	16
 462              		.thumb_func
 464              	HAL_I2CEx_ConfigFastModePlus:
 465              	.LVL31:
 466              	.LFB338:
 279:Drivers/STM32U0xx_HAL_Driver/Src/stm32u0xx_hal_i2c_ex.c **** /**
 280:Drivers/STM32U0xx_HAL_Driver/Src/stm32u0xx_hal_i2c_ex.c ****   * @}
 281:Drivers/STM32U0xx_HAL_Driver/Src/stm32u0xx_hal_i2c_ex.c ****   */
 282:Drivers/STM32U0xx_HAL_Driver/Src/stm32u0xx_hal_i2c_ex.c **** #endif /* I2C_CR1_WUPEN */
 283:Drivers/STM32U0xx_HAL_Driver/Src/stm32u0xx_hal_i2c_ex.c **** 
 284:Drivers/STM32U0xx_HAL_Driver/Src/stm32u0xx_hal_i2c_ex.c **** /** @defgroup I2CEx_Exported_Functions_Group3 Fast Mode Plus Functions
 285:Drivers/STM32U0xx_HAL_Driver/Src/stm32u0xx_hal_i2c_ex.c ****   * @brief    Fast Mode Plus Functions
 286:Drivers/STM32U0xx_HAL_Driver/Src/stm32u0xx_hal_i2c_ex.c ****   *
 287:Drivers/STM32U0xx_HAL_Driver/Src/stm32u0xx_hal_i2c_ex.c **** @verbatim
 288:Drivers/STM32U0xx_HAL_Driver/Src/stm32u0xx_hal_i2c_ex.c ****  ===============================================================================
 289:Drivers/STM32U0xx_HAL_Driver/Src/stm32u0xx_hal_i2c_ex.c ****                       ##### Fast Mode Plus Functions #####
 290:Drivers/STM32U0xx_HAL_Driver/Src/stm32u0xx_hal_i2c_ex.c ****  ===============================================================================
 291:Drivers/STM32U0xx_HAL_Driver/Src/stm32u0xx_hal_i2c_ex.c ****     [..] This section provides functions allowing to:
 292:Drivers/STM32U0xx_HAL_Driver/Src/stm32u0xx_hal_i2c_ex.c ****       (+) Configure Fast Mode Plus
 293:Drivers/STM32U0xx_HAL_Driver/Src/stm32u0xx_hal_i2c_ex.c **** 
 294:Drivers/STM32U0xx_HAL_Driver/Src/stm32u0xx_hal_i2c_ex.c **** @endverbatim
 295:Drivers/STM32U0xx_HAL_Driver/Src/stm32u0xx_hal_i2c_ex.c ****   * @{
 296:Drivers/STM32U0xx_HAL_Driver/Src/stm32u0xx_hal_i2c_ex.c ****   */
 297:Drivers/STM32U0xx_HAL_Driver/Src/stm32u0xx_hal_i2c_ex.c **** 
 298:Drivers/STM32U0xx_HAL_Driver/Src/stm32u0xx_hal_i2c_ex.c **** /**
 299:Drivers/STM32U0xx_HAL_Driver/Src/stm32u0xx_hal_i2c_ex.c ****   * @brief  Configure I2C Fast Mode Plus.
 300:Drivers/STM32U0xx_HAL_Driver/Src/stm32u0xx_hal_i2c_ex.c ****   * @param  hi2c Pointer to a I2C_HandleTypeDef structure that contains
 301:Drivers/STM32U0xx_HAL_Driver/Src/stm32u0xx_hal_i2c_ex.c ****   *                the configuration information for the specified I2Cx peripheral.
 302:Drivers/STM32U0xx_HAL_Driver/Src/stm32u0xx_hal_i2c_ex.c ****   * @param  FastModePlus New state of the Fast Mode Plus.
 303:Drivers/STM32U0xx_HAL_Driver/Src/stm32u0xx_hal_i2c_ex.c ****   * @retval HAL status
 304:Drivers/STM32U0xx_HAL_Driver/Src/stm32u0xx_hal_i2c_ex.c ****   */
 305:Drivers/STM32U0xx_HAL_Driver/Src/stm32u0xx_hal_i2c_ex.c **** HAL_StatusTypeDef HAL_I2CEx_ConfigFastModePlus(I2C_HandleTypeDef *hi2c, uint32_t FastModePlus)
 306:Drivers/STM32U0xx_HAL_Driver/Src/stm32u0xx_hal_i2c_ex.c **** {
 467              		.loc 1 306 1 is_stmt 1 view -0
 468              		.cfi_startproc
 469              		@ args = 0, pretend = 0, frame = 0
 470              		@ frame_needed = 0, uses_anonymous_args = 0
 471              		.loc 1 306 1 is_stmt 0 view .LVU136
 472 0000 10B5     		push	{r4, lr}
 473              	.LCFI4:
 474              		.cfi_def_cfa_offset 8
 475              		.cfi_offset 4, -8
 476              		.cfi_offset 14, -4
 307:Drivers/STM32U0xx_HAL_Driver/Src/stm32u0xx_hal_i2c_ex.c ****   /* Check the parameters */
 308:Drivers/STM32U0xx_HAL_Driver/Src/stm32u0xx_hal_i2c_ex.c ****   assert_param(IS_I2C_ALL_INSTANCE(hi2c->Instance));
 477              		.loc 1 308 3 is_stmt 1 view .LVU137
 309:Drivers/STM32U0xx_HAL_Driver/Src/stm32u0xx_hal_i2c_ex.c ****   assert_param(IS_I2C_FASTMODEPLUS(FastModePlus));
 478              		.loc 1 309 3 view .LVU138
 310:Drivers/STM32U0xx_HAL_Driver/Src/stm32u0xx_hal_i2c_ex.c **** 
 311:Drivers/STM32U0xx_HAL_Driver/Src/stm32u0xx_hal_i2c_ex.c ****   if (hi2c->State == HAL_I2C_STATE_READY)
 479              		.loc 1 311 3 view .LVU139
 480              		.loc 1 311 11 is_stmt 0 view .LVU140
ARM GAS  C:\Users\upo\AppData\Local\Temp\ccxlc57N.s 			page 15


 481 0002 4123     		movs	r3, #65
 482 0004 C35C     		ldrb	r3, [r0, r3]
 483              		.loc 1 311 6 view .LVU141
 484 0006 202B     		cmp	r3, #32
 485 0008 28D1     		bne	.L27
 312:Drivers/STM32U0xx_HAL_Driver/Src/stm32u0xx_hal_i2c_ex.c ****   {
 313:Drivers/STM32U0xx_HAL_Driver/Src/stm32u0xx_hal_i2c_ex.c ****     /* Process Locked */
 314:Drivers/STM32U0xx_HAL_Driver/Src/stm32u0xx_hal_i2c_ex.c ****     __HAL_LOCK(hi2c);
 486              		.loc 1 314 5 is_stmt 1 view .LVU142
 487              		.loc 1 314 5 view .LVU143
 488 000a 2033     		adds	r3, r3, #32
 489 000c C35C     		ldrb	r3, [r0, r3]
 490 000e 012B     		cmp	r3, #1
 491 0010 26D0     		beq	.L28
 492              		.loc 1 314 5 discriminator 2 view .LVU144
 493 0012 0124     		movs	r4, #1
 494 0014 4023     		movs	r3, #64
 495 0016 C454     		strb	r4, [r0, r3]
 496              		.loc 1 314 5 discriminator 2 view .LVU145
 315:Drivers/STM32U0xx_HAL_Driver/Src/stm32u0xx_hal_i2c_ex.c **** 
 316:Drivers/STM32U0xx_HAL_Driver/Src/stm32u0xx_hal_i2c_ex.c ****     hi2c->State = HAL_I2C_STATE_BUSY;
 497              		.loc 1 316 5 discriminator 2 view .LVU146
 498              		.loc 1 316 17 is_stmt 0 discriminator 2 view .LVU147
 499 0018 0133     		adds	r3, r3, #1
 500 001a 2422     		movs	r2, #36
 501 001c C254     		strb	r2, [r0, r3]
 317:Drivers/STM32U0xx_HAL_Driver/Src/stm32u0xx_hal_i2c_ex.c **** 
 318:Drivers/STM32U0xx_HAL_Driver/Src/stm32u0xx_hal_i2c_ex.c ****     /* Disable the selected I2C peripheral */
 319:Drivers/STM32U0xx_HAL_Driver/Src/stm32u0xx_hal_i2c_ex.c ****     __HAL_I2C_DISABLE(hi2c);
 502              		.loc 1 319 5 is_stmt 1 discriminator 2 view .LVU148
 503 001e 0268     		ldr	r2, [r0]
 504 0020 1368     		ldr	r3, [r2]
 505 0022 A343     		bics	r3, r4
 506 0024 1360     		str	r3, [r2]
 320:Drivers/STM32U0xx_HAL_Driver/Src/stm32u0xx_hal_i2c_ex.c **** 
 321:Drivers/STM32U0xx_HAL_Driver/Src/stm32u0xx_hal_i2c_ex.c ****     if (FastModePlus == I2C_FASTMODEPLUS_ENABLE)
 507              		.loc 1 321 5 discriminator 2 view .LVU149
 508              		.loc 1 321 8 is_stmt 0 discriminator 2 view .LVU150
 509 0026 0029     		cmp	r1, #0
 510 0028 12D1     		bne	.L25
 322:Drivers/STM32U0xx_HAL_Driver/Src/stm32u0xx_hal_i2c_ex.c ****     {
 323:Drivers/STM32U0xx_HAL_Driver/Src/stm32u0xx_hal_i2c_ex.c ****       /* Set I2Cx FMP bit */
 324:Drivers/STM32U0xx_HAL_Driver/Src/stm32u0xx_hal_i2c_ex.c ****       hi2c->Instance->CR1 |= (I2C_CR1_FMP);
 511              		.loc 1 324 7 is_stmt 1 view .LVU151
 512              		.loc 1 324 11 is_stmt 0 view .LVU152
 513 002a 0268     		ldr	r2, [r0]
 514              		.loc 1 324 21 view .LVU153
 515 002c 1168     		ldr	r1, [r2]
 516              	.LVL32:
 517              		.loc 1 324 27 view .LVU154
 518 002e 8023     		movs	r3, #128
 519 0030 5B04     		lsls	r3, r3, #17
 520 0032 0B43     		orrs	r3, r1
 521 0034 1360     		str	r3, [r2]
 522              	.L26:
 325:Drivers/STM32U0xx_HAL_Driver/Src/stm32u0xx_hal_i2c_ex.c ****     }
 326:Drivers/STM32U0xx_HAL_Driver/Src/stm32u0xx_hal_i2c_ex.c ****     else
ARM GAS  C:\Users\upo\AppData\Local\Temp\ccxlc57N.s 			page 16


 327:Drivers/STM32U0xx_HAL_Driver/Src/stm32u0xx_hal_i2c_ex.c ****     {
 328:Drivers/STM32U0xx_HAL_Driver/Src/stm32u0xx_hal_i2c_ex.c ****       /* Reset I2Cx FMP bit */
 329:Drivers/STM32U0xx_HAL_Driver/Src/stm32u0xx_hal_i2c_ex.c ****       hi2c->Instance->CR1 &= ~(I2C_CR1_FMP);
 330:Drivers/STM32U0xx_HAL_Driver/Src/stm32u0xx_hal_i2c_ex.c ****     }
 331:Drivers/STM32U0xx_HAL_Driver/Src/stm32u0xx_hal_i2c_ex.c **** 
 332:Drivers/STM32U0xx_HAL_Driver/Src/stm32u0xx_hal_i2c_ex.c ****     __HAL_I2C_ENABLE(hi2c);
 523              		.loc 1 332 5 is_stmt 1 view .LVU155
 524 0036 0268     		ldr	r2, [r0]
 525 0038 1368     		ldr	r3, [r2]
 526 003a 0121     		movs	r1, #1
 527 003c 0B43     		orrs	r3, r1
 528 003e 1360     		str	r3, [r2]
 333:Drivers/STM32U0xx_HAL_Driver/Src/stm32u0xx_hal_i2c_ex.c **** 
 334:Drivers/STM32U0xx_HAL_Driver/Src/stm32u0xx_hal_i2c_ex.c ****     hi2c->State = HAL_I2C_STATE_READY;
 529              		.loc 1 334 5 view .LVU156
 530              		.loc 1 334 17 is_stmt 0 view .LVU157
 531 0040 4123     		movs	r3, #65
 532 0042 2022     		movs	r2, #32
 533 0044 C254     		strb	r2, [r0, r3]
 335:Drivers/STM32U0xx_HAL_Driver/Src/stm32u0xx_hal_i2c_ex.c **** 
 336:Drivers/STM32U0xx_HAL_Driver/Src/stm32u0xx_hal_i2c_ex.c ****     /* Process Unlocked */
 337:Drivers/STM32U0xx_HAL_Driver/Src/stm32u0xx_hal_i2c_ex.c ****     __HAL_UNLOCK(hi2c);
 534              		.loc 1 337 5 is_stmt 1 view .LVU158
 535              		.loc 1 337 5 view .LVU159
 536 0046 013B     		subs	r3, r3, #1
 537 0048 0022     		movs	r2, #0
 538 004a C254     		strb	r2, [r0, r3]
 539              		.loc 1 337 5 view .LVU160
 338:Drivers/STM32U0xx_HAL_Driver/Src/stm32u0xx_hal_i2c_ex.c **** 
 339:Drivers/STM32U0xx_HAL_Driver/Src/stm32u0xx_hal_i2c_ex.c ****     return HAL_OK;
 540              		.loc 1 339 5 view .LVU161
 541              		.loc 1 339 12 is_stmt 0 view .LVU162
 542 004c 0020     		movs	r0, #0
 543              	.LVL33:
 544              	.L24:
 340:Drivers/STM32U0xx_HAL_Driver/Src/stm32u0xx_hal_i2c_ex.c ****   }
 341:Drivers/STM32U0xx_HAL_Driver/Src/stm32u0xx_hal_i2c_ex.c ****   else
 342:Drivers/STM32U0xx_HAL_Driver/Src/stm32u0xx_hal_i2c_ex.c ****   {
 343:Drivers/STM32U0xx_HAL_Driver/Src/stm32u0xx_hal_i2c_ex.c ****     return HAL_BUSY;
 344:Drivers/STM32U0xx_HAL_Driver/Src/stm32u0xx_hal_i2c_ex.c ****   }
 345:Drivers/STM32U0xx_HAL_Driver/Src/stm32u0xx_hal_i2c_ex.c **** }
 545              		.loc 1 345 1 view .LVU163
 546              		@ sp needed
 547 004e 10BD     		pop	{r4, pc}
 548              	.LVL34:
 549              	.L25:
 329:Drivers/STM32U0xx_HAL_Driver/Src/stm32u0xx_hal_i2c_ex.c ****     }
 550              		.loc 1 329 7 is_stmt 1 view .LVU164
 329:Drivers/STM32U0xx_HAL_Driver/Src/stm32u0xx_hal_i2c_ex.c ****     }
 551              		.loc 1 329 11 is_stmt 0 view .LVU165
 552 0050 0268     		ldr	r2, [r0]
 329:Drivers/STM32U0xx_HAL_Driver/Src/stm32u0xx_hal_i2c_ex.c ****     }
 553              		.loc 1 329 21 view .LVU166
 554 0052 1368     		ldr	r3, [r2]
 329:Drivers/STM32U0xx_HAL_Driver/Src/stm32u0xx_hal_i2c_ex.c ****     }
 555              		.loc 1 329 27 view .LVU167
 556 0054 0349     		ldr	r1, .L29
ARM GAS  C:\Users\upo\AppData\Local\Temp\ccxlc57N.s 			page 17


 557              	.LVL35:
 329:Drivers/STM32U0xx_HAL_Driver/Src/stm32u0xx_hal_i2c_ex.c ****     }
 558              		.loc 1 329 27 view .LVU168
 559 0056 0B40     		ands	r3, r1
 560 0058 1360     		str	r3, [r2]
 561 005a ECE7     		b	.L26
 562              	.LVL36:
 563              	.L27:
 343:Drivers/STM32U0xx_HAL_Driver/Src/stm32u0xx_hal_i2c_ex.c ****   }
 564              		.loc 1 343 12 view .LVU169
 565 005c 0220     		movs	r0, #2
 566              	.LVL37:
 343:Drivers/STM32U0xx_HAL_Driver/Src/stm32u0xx_hal_i2c_ex.c ****   }
 567              		.loc 1 343 12 view .LVU170
 568 005e F6E7     		b	.L24
 569              	.LVL38:
 570              	.L28:
 314:Drivers/STM32U0xx_HAL_Driver/Src/stm32u0xx_hal_i2c_ex.c **** 
 571              		.loc 1 314 5 view .LVU171
 572 0060 0220     		movs	r0, #2
 573              	.LVL39:
 314:Drivers/STM32U0xx_HAL_Driver/Src/stm32u0xx_hal_i2c_ex.c **** 
 574              		.loc 1 314 5 view .LVU172
 575 0062 F4E7     		b	.L24
 576              	.L30:
 577              		.align	2
 578              	.L29:
 579 0064 FFFFFFFE 		.word	-16777217
 580              		.cfi_endproc
 581              	.LFE338:
 583              		.text
 584              	.Letext0:
 585              		.file 2 "C:\\ST\\STM32CubeCLT_1.15.0\\GNU-tools-for-STM32\\bin/../lib/gcc/arm-none-eabi/12.3.1/../
 586              		.file 3 "C:\\ST\\STM32CubeCLT_1.15.0\\GNU-tools-for-STM32\\bin/../lib/gcc/arm-none-eabi/12.3.1/../
 587              		.file 4 "Drivers/CMSIS/Device/ST/STM32U0xx/Include/stm32u073xx.h"
 588              		.file 5 "Drivers/STM32U0xx_HAL_Driver/Inc/stm32u0xx_hal_def.h"
 589              		.file 6 "Drivers/STM32U0xx_HAL_Driver/Inc/stm32u0xx_hal_dma.h"
 590              		.file 7 "Drivers/STM32U0xx_HAL_Driver/Inc/stm32u0xx_hal_i2c.h"
 591              		.file 8 "Drivers/STM32U0xx_HAL_Driver/Inc/stm32u0xx_ll_dma.h"
ARM GAS  C:\Users\upo\AppData\Local\Temp\ccxlc57N.s 			page 18


DEFINED SYMBOLS
                            *ABS*:00000000 stm32u0xx_hal_i2c_ex.c
C:\Users\upo\AppData\Local\Temp\ccxlc57N.s:19     .text.HAL_I2CEx_ConfigAnalogFilter:00000000 $t
C:\Users\upo\AppData\Local\Temp\ccxlc57N.s:25     .text.HAL_I2CEx_ConfigAnalogFilter:00000000 HAL_I2CEx_ConfigAnalogFilter
C:\Users\upo\AppData\Local\Temp\ccxlc57N.s:129    .text.HAL_I2CEx_ConfigAnalogFilter:00000054 $d
C:\Users\upo\AppData\Local\Temp\ccxlc57N.s:134    .text.HAL_I2CEx_ConfigDigitalFilter:00000000 $t
C:\Users\upo\AppData\Local\Temp\ccxlc57N.s:140    .text.HAL_I2CEx_ConfigDigitalFilter:00000000 HAL_I2CEx_ConfigDigitalFilter
C:\Users\upo\AppData\Local\Temp\ccxlc57N.s:250    .text.HAL_I2CEx_ConfigDigitalFilter:00000050 $d
C:\Users\upo\AppData\Local\Temp\ccxlc57N.s:255    .text.HAL_I2CEx_EnableWakeUp:00000000 $t
C:\Users\upo\AppData\Local\Temp\ccxlc57N.s:261    .text.HAL_I2CEx_EnableWakeUp:00000000 HAL_I2CEx_EnableWakeUp
C:\Users\upo\AppData\Local\Temp\ccxlc57N.s:355    .text.HAL_I2CEx_DisableWakeUp:00000000 $t
C:\Users\upo\AppData\Local\Temp\ccxlc57N.s:361    .text.HAL_I2CEx_DisableWakeUp:00000000 HAL_I2CEx_DisableWakeUp
C:\Users\upo\AppData\Local\Temp\ccxlc57N.s:453    .text.HAL_I2CEx_DisableWakeUp:0000004c $d
C:\Users\upo\AppData\Local\Temp\ccxlc57N.s:458    .text.HAL_I2CEx_ConfigFastModePlus:00000000 $t
C:\Users\upo\AppData\Local\Temp\ccxlc57N.s:464    .text.HAL_I2CEx_ConfigFastModePlus:00000000 HAL_I2CEx_ConfigFastModePlus
C:\Users\upo\AppData\Local\Temp\ccxlc57N.s:579    .text.HAL_I2CEx_ConfigFastModePlus:00000064 $d

NO UNDEFINED SYMBOLS
