ARM GAS  C:\Users\upo\AppData\Local\Temp\ccXIca5h.s 			page 1


   1              		.cpu cortex-m0plus
   2              		.arch armv6s-m
   3              		.fpu softvfp
   4              		.eabi_attribute 20, 1
   5              		.eabi_attribute 21, 1
   6              		.eabi_attribute 23, 3
   7              		.eabi_attribute 24, 1
   8              		.eabi_attribute 25, 1
   9              		.eabi_attribute 26, 1
  10              		.eabi_attribute 30, 2
  11              		.eabi_attribute 34, 0
  12              		.eabi_attribute 18, 4
  13              		.file	"stm32u0xx_hal_msp.c"
  14              		.text
  15              	.Ltext0:
  16              		.cfi_sections	.debug_frame
  17              		.file 1 "Core/Src/stm32u0xx_hal_msp.c"
  18              		.section	.text.HAL_MspInit,"ax",%progbits
  19              		.align	1
  20              		.p2align 2,,3
  21              		.global	HAL_MspInit
  22              		.syntax unified
  23              		.code	16
  24              		.thumb_func
  26              	HAL_MspInit:
  27              	.LFB1425:
   1:Core/Src/stm32u0xx_hal_msp.c **** /* USER CODE BEGIN Header */
   2:Core/Src/stm32u0xx_hal_msp.c **** /**
   3:Core/Src/stm32u0xx_hal_msp.c ****   ******************************************************************************
   4:Core/Src/stm32u0xx_hal_msp.c ****   * @file         stm32u0xx_hal_msp.c
   5:Core/Src/stm32u0xx_hal_msp.c ****   * @brief        This file provides code for the MSP Initialization
   6:Core/Src/stm32u0xx_hal_msp.c ****   *               and de-Initialization codes.
   7:Core/Src/stm32u0xx_hal_msp.c ****   ******************************************************************************
   8:Core/Src/stm32u0xx_hal_msp.c ****   * @attention
   9:Core/Src/stm32u0xx_hal_msp.c ****   *
  10:Core/Src/stm32u0xx_hal_msp.c ****   * Copyright (c) 2024 STMicroelectronics.
  11:Core/Src/stm32u0xx_hal_msp.c ****   * All rights reserved.
  12:Core/Src/stm32u0xx_hal_msp.c ****   *
  13:Core/Src/stm32u0xx_hal_msp.c ****   * This software is licensed under terms that can be found in the LICENSE file
  14:Core/Src/stm32u0xx_hal_msp.c ****   * in the root directory of this software component.
  15:Core/Src/stm32u0xx_hal_msp.c ****   * If no LICENSE file comes with this software, it is provided AS-IS.
  16:Core/Src/stm32u0xx_hal_msp.c ****   *
  17:Core/Src/stm32u0xx_hal_msp.c ****   ******************************************************************************
  18:Core/Src/stm32u0xx_hal_msp.c ****   */
  19:Core/Src/stm32u0xx_hal_msp.c **** /* USER CODE END Header */
  20:Core/Src/stm32u0xx_hal_msp.c **** 
  21:Core/Src/stm32u0xx_hal_msp.c **** /* Includes ------------------------------------------------------------------*/
  22:Core/Src/stm32u0xx_hal_msp.c **** #include "main.h"
  23:Core/Src/stm32u0xx_hal_msp.c **** /* USER CODE BEGIN Includes */
  24:Core/Src/stm32u0xx_hal_msp.c **** 
  25:Core/Src/stm32u0xx_hal_msp.c **** /* USER CODE END Includes */
  26:Core/Src/stm32u0xx_hal_msp.c **** 
  27:Core/Src/stm32u0xx_hal_msp.c **** /* Private typedef -----------------------------------------------------------*/
  28:Core/Src/stm32u0xx_hal_msp.c **** /* USER CODE BEGIN TD */
  29:Core/Src/stm32u0xx_hal_msp.c **** 
  30:Core/Src/stm32u0xx_hal_msp.c **** /* USER CODE END TD */
  31:Core/Src/stm32u0xx_hal_msp.c **** 
ARM GAS  C:\Users\upo\AppData\Local\Temp\ccXIca5h.s 			page 2


  32:Core/Src/stm32u0xx_hal_msp.c **** /* Private define ------------------------------------------------------------*/
  33:Core/Src/stm32u0xx_hal_msp.c **** /* USER CODE BEGIN Define */
  34:Core/Src/stm32u0xx_hal_msp.c **** 
  35:Core/Src/stm32u0xx_hal_msp.c **** /* USER CODE END Define */
  36:Core/Src/stm32u0xx_hal_msp.c **** 
  37:Core/Src/stm32u0xx_hal_msp.c **** /* Private macro -------------------------------------------------------------*/
  38:Core/Src/stm32u0xx_hal_msp.c **** /* USER CODE BEGIN Macro */
  39:Core/Src/stm32u0xx_hal_msp.c **** 
  40:Core/Src/stm32u0xx_hal_msp.c **** /* USER CODE END Macro */
  41:Core/Src/stm32u0xx_hal_msp.c **** 
  42:Core/Src/stm32u0xx_hal_msp.c **** /* Private variables ---------------------------------------------------------*/
  43:Core/Src/stm32u0xx_hal_msp.c **** /* USER CODE BEGIN PV */
  44:Core/Src/stm32u0xx_hal_msp.c **** 
  45:Core/Src/stm32u0xx_hal_msp.c **** /* USER CODE END PV */
  46:Core/Src/stm32u0xx_hal_msp.c **** 
  47:Core/Src/stm32u0xx_hal_msp.c **** /* Private function prototypes -----------------------------------------------*/
  48:Core/Src/stm32u0xx_hal_msp.c **** /* USER CODE BEGIN PFP */
  49:Core/Src/stm32u0xx_hal_msp.c **** 
  50:Core/Src/stm32u0xx_hal_msp.c **** /* USER CODE END PFP */
  51:Core/Src/stm32u0xx_hal_msp.c **** 
  52:Core/Src/stm32u0xx_hal_msp.c **** /* External functions --------------------------------------------------------*/
  53:Core/Src/stm32u0xx_hal_msp.c **** /* USER CODE BEGIN ExternalFunctions */
  54:Core/Src/stm32u0xx_hal_msp.c **** 
  55:Core/Src/stm32u0xx_hal_msp.c **** /* USER CODE END ExternalFunctions */
  56:Core/Src/stm32u0xx_hal_msp.c **** 
  57:Core/Src/stm32u0xx_hal_msp.c **** /* USER CODE BEGIN 0 */
  58:Core/Src/stm32u0xx_hal_msp.c **** 
  59:Core/Src/stm32u0xx_hal_msp.c **** /* USER CODE END 0 */
  60:Core/Src/stm32u0xx_hal_msp.c **** /**
  61:Core/Src/stm32u0xx_hal_msp.c ****   * Initializes the Global MSP.
  62:Core/Src/stm32u0xx_hal_msp.c ****   */
  63:Core/Src/stm32u0xx_hal_msp.c **** void HAL_MspInit(void)
  64:Core/Src/stm32u0xx_hal_msp.c **** {
  28              		.loc 1 64 1 view -0
  29              		.cfi_startproc
  30              		@ args = 0, pretend = 0, frame = 8
  31              		@ frame_needed = 0, uses_anonymous_args = 0
  32              		@ link register save eliminated.
  65:Core/Src/stm32u0xx_hal_msp.c **** 
  66:Core/Src/stm32u0xx_hal_msp.c ****   /* USER CODE BEGIN MspInit 0 */
  67:Core/Src/stm32u0xx_hal_msp.c **** 
  68:Core/Src/stm32u0xx_hal_msp.c ****   /* USER CODE END MspInit 0 */
  69:Core/Src/stm32u0xx_hal_msp.c **** 
  70:Core/Src/stm32u0xx_hal_msp.c ****   __HAL_RCC_PWR_CLK_ENABLE();
  33              		.loc 1 70 3 view .LVU1
  34              	.LBB2:
  35              		.loc 1 70 3 view .LVU2
  36              		.loc 1 70 3 view .LVU3
  37 0000 8021     		movs	r1, #128
  38 0002 0A4B     		ldr	r3, .L3
  39 0004 4905     		lsls	r1, r1, #21
  40 0006 9A6D     		ldr	r2, [r3, #88]
  41              	.LBE2:
  64:Core/Src/stm32u0xx_hal_msp.c **** 
  42              		.loc 1 64 1 is_stmt 0 view .LVU4
  43 0008 82B0     		sub	sp, sp, #8
  44              	.LCFI0:
ARM GAS  C:\Users\upo\AppData\Local\Temp\ccXIca5h.s 			page 3


  45              		.cfi_def_cfa_offset 8
  46              	.LBB3:
  47              		.loc 1 70 3 view .LVU5
  48 000a 0A43     		orrs	r2, r1
  49 000c 9A65     		str	r2, [r3, #88]
  50              		.loc 1 70 3 is_stmt 1 view .LVU6
  51 000e 9A6D     		ldr	r2, [r3, #88]
  52 0010 0A40     		ands	r2, r1
  53 0012 0092     		str	r2, [sp]
  54              		.loc 1 70 3 view .LVU7
  55 0014 009A     		ldr	r2, [sp]
  56              	.LBE3:
  57              		.loc 1 70 3 view .LVU8
  71:Core/Src/stm32u0xx_hal_msp.c ****   __HAL_RCC_SYSCFG_CLK_ENABLE();
  58              		.loc 1 71 3 view .LVU9
  59              	.LBB4:
  60              		.loc 1 71 3 view .LVU10
  61              		.loc 1 71 3 view .LVU11
  62 0016 0122     		movs	r2, #1
  63 0018 196E     		ldr	r1, [r3, #96]
  64 001a 1143     		orrs	r1, r2
  65 001c 1966     		str	r1, [r3, #96]
  66              		.loc 1 71 3 view .LVU12
  67 001e 1B6E     		ldr	r3, [r3, #96]
  68 0020 1A40     		ands	r2, r3
  69 0022 0192     		str	r2, [sp, #4]
  70              		.loc 1 71 3 view .LVU13
  71 0024 019B     		ldr	r3, [sp, #4]
  72              	.LBE4:
  73              		.loc 1 71 3 view .LVU14
  72:Core/Src/stm32u0xx_hal_msp.c **** 
  73:Core/Src/stm32u0xx_hal_msp.c ****   /* System interrupt init*/
  74:Core/Src/stm32u0xx_hal_msp.c **** 
  75:Core/Src/stm32u0xx_hal_msp.c ****   /* USER CODE BEGIN MspInit 1 */
  76:Core/Src/stm32u0xx_hal_msp.c **** 
  77:Core/Src/stm32u0xx_hal_msp.c ****   /* USER CODE END MspInit 1 */
  78:Core/Src/stm32u0xx_hal_msp.c **** }
  74              		.loc 1 78 1 is_stmt 0 view .LVU15
  75 0026 02B0     		add	sp, sp, #8
  76              		@ sp needed
  77 0028 7047     		bx	lr
  78              	.L4:
  79 002a C046     		.align	2
  80              	.L3:
  81 002c 00100240 		.word	1073876992
  82              		.cfi_endproc
  83              	.LFE1425:
  85              		.text
  86              	.Letext0:
  87              		.file 2 "C:\\ST\\STM32CubeCLT_1.15.0\\GNU-tools-for-STM32\\bin/../lib/gcc/arm-none-eabi/12.3.1/../
  88              		.file 3 "C:\\ST\\STM32CubeCLT_1.15.0\\GNU-tools-for-STM32\\bin/../lib/gcc/arm-none-eabi/12.3.1/../
  89              		.file 4 "Drivers/CMSIS/Device/ST/STM32U0xx/Include/stm32u073xx.h"
  90              		.file 5 "Drivers/STM32U0xx_HAL_Driver/Inc/stm32u0xx_ll_dma.h"
  91              		.file 6 "Drivers/STM32U0xx_HAL_Driver/Inc/stm32u0xx_ll_usart.h"
ARM GAS  C:\Users\upo\AppData\Local\Temp\ccXIca5h.s 			page 4


DEFINED SYMBOLS
                            *ABS*:00000000 stm32u0xx_hal_msp.c
C:\Users\upo\AppData\Local\Temp\ccXIca5h.s:19     .text.HAL_MspInit:00000000 $t
C:\Users\upo\AppData\Local\Temp\ccXIca5h.s:26     .text.HAL_MspInit:00000000 HAL_MspInit
C:\Users\upo\AppData\Local\Temp\ccXIca5h.s:81     .text.HAL_MspInit:0000002c $d

NO UNDEFINED SYMBOLS
