ARM GAS  C:\Users\upo\AppData\Local\Temp\ccEcX1MX.s 			page 1


   1              		.cpu cortex-m0plus
   2              		.arch armv6s-m
   3              		.fpu softvfp
   4              		.eabi_attribute 20, 1
   5              		.eabi_attribute 21, 1
   6              		.eabi_attribute 23, 3
   7              		.eabi_attribute 24, 1
   8              		.eabi_attribute 25, 1
   9              		.eabi_attribute 26, 1
  10              		.eabi_attribute 30, 2
  11              		.eabi_attribute 34, 0
  12              		.eabi_attribute 18, 4
  13              		.file	"sysmem.c"
  14              		.text
  15              	.Ltext0:
  16              		.cfi_sections	.debug_frame
  17              		.file 1 "Core/Src/sysmem.c"
  18              		.section	.text._sbrk,"ax",%progbits
  19              		.align	1
  20              		.p2align 2,,3
  21              		.global	_sbrk
  22              		.syntax unified
  23              		.code	16
  24              		.thumb_func
  26              	_sbrk:
  27              	.LVL0:
  28              	.LFB0:
   1:Core/Src/sysmem.c **** /**
   2:Core/Src/sysmem.c ****  ******************************************************************************
   3:Core/Src/sysmem.c ****  * @file      sysmem.c
   4:Core/Src/sysmem.c ****  * @author    Generated by STM32CubeMX
   5:Core/Src/sysmem.c ****  * @brief     System Memory calls file
   6:Core/Src/sysmem.c ****  *
   7:Core/Src/sysmem.c ****  *            For more information about which C functions
   8:Core/Src/sysmem.c ****  *            need which of these lowlevel functions
   9:Core/Src/sysmem.c ****  *            please consult the newlib libc manual
  10:Core/Src/sysmem.c ****  ******************************************************************************
  11:Core/Src/sysmem.c ****  * @attention
  12:Core/Src/sysmem.c ****  *
  13:Core/Src/sysmem.c ****  * Copyright (c) 2024 STMicroelectronics.
  14:Core/Src/sysmem.c ****  * All rights reserved.
  15:Core/Src/sysmem.c ****  *
  16:Core/Src/sysmem.c ****  * This software is licensed under terms that can be found in the LICENSE file
  17:Core/Src/sysmem.c ****  * in the root directory of this software component.
  18:Core/Src/sysmem.c ****  * If no LICENSE file comes with this software, it is provided AS-IS.
  19:Core/Src/sysmem.c ****  *
  20:Core/Src/sysmem.c ****  ******************************************************************************
  21:Core/Src/sysmem.c ****  */
  22:Core/Src/sysmem.c **** 
  23:Core/Src/sysmem.c **** /* Includes */
  24:Core/Src/sysmem.c **** #include <errno.h>
  25:Core/Src/sysmem.c **** #include <stdint.h>
  26:Core/Src/sysmem.c **** 
  27:Core/Src/sysmem.c **** /**
  28:Core/Src/sysmem.c ****  * Pointer to the current high watermark of the heap usage
  29:Core/Src/sysmem.c ****  */
  30:Core/Src/sysmem.c **** static uint8_t *__sbrk_heap_end = NULL;
ARM GAS  C:\Users\upo\AppData\Local\Temp\ccEcX1MX.s 			page 2


  31:Core/Src/sysmem.c **** 
  32:Core/Src/sysmem.c **** /**
  33:Core/Src/sysmem.c ****  * @brief _sbrk() allocates memory to the newlib heap and is used by malloc
  34:Core/Src/sysmem.c ****  *        and others from the C library
  35:Core/Src/sysmem.c ****  *
  36:Core/Src/sysmem.c ****  * @verbatim
  37:Core/Src/sysmem.c ****  * ############################################################################
  38:Core/Src/sysmem.c ****  * #  .data  #  .bss  #       newlib heap       #          MSP stack          #
  39:Core/Src/sysmem.c ****  * #         #        #                         # Reserved by _Min_Stack_Size #
  40:Core/Src/sysmem.c ****  * ############################################################################
  41:Core/Src/sysmem.c ****  * ^-- RAM start      ^-- _end                             _estack, RAM end --^
  42:Core/Src/sysmem.c ****  * @endverbatim
  43:Core/Src/sysmem.c ****  *
  44:Core/Src/sysmem.c ****  * This implementation starts allocating at the '_end' linker symbol
  45:Core/Src/sysmem.c ****  * The '_Min_Stack_Size' linker symbol reserves a memory for the MSP stack
  46:Core/Src/sysmem.c ****  * The implementation considers '_estack' linker symbol to be RAM end
  47:Core/Src/sysmem.c ****  * NOTE: If the MSP stack, at any point during execution, grows larger than the
  48:Core/Src/sysmem.c ****  * reserved size, please increase the '_Min_Stack_Size'.
  49:Core/Src/sysmem.c ****  *
  50:Core/Src/sysmem.c ****  * @param incr Memory size
  51:Core/Src/sysmem.c ****  * @return Pointer to allocated memory
  52:Core/Src/sysmem.c ****  */
  53:Core/Src/sysmem.c **** void *_sbrk(ptrdiff_t incr)
  54:Core/Src/sysmem.c **** {
  29              		.loc 1 54 1 view -0
  30              		.cfi_startproc
  31              		@ args = 0, pretend = 0, frame = 0
  32              		@ frame_needed = 0, uses_anonymous_args = 0
  55:Core/Src/sysmem.c ****   extern uint8_t _end; /* Symbol defined in the linker script */
  33              		.loc 1 55 3 view .LVU1
  56:Core/Src/sysmem.c ****   extern uint8_t _estack; /* Symbol defined in the linker script */
  34              		.loc 1 56 3 view .LVU2
  57:Core/Src/sysmem.c ****   extern uint32_t _Min_Stack_Size; /* Symbol defined in the linker script */
  35              		.loc 1 57 3 view .LVU3
  58:Core/Src/sysmem.c ****   const uint32_t stack_limit = (uint32_t)&_estack - (uint32_t)&_Min_Stack_Size;
  36              		.loc 1 58 3 view .LVU4
  59:Core/Src/sysmem.c ****   const uint8_t *max_heap = (uint8_t *)stack_limit;
  37              		.loc 1 59 3 view .LVU5
  58:Core/Src/sysmem.c ****   const uint32_t stack_limit = (uint32_t)&_estack - (uint32_t)&_Min_Stack_Size;
  38              		.loc 1 58 18 is_stmt 0 view .LVU6
  39 0000 0C49     		ldr	r1, .L8
  40 0002 0D4A     		ldr	r2, .L8+4
  54:Core/Src/sysmem.c ****   extern uint8_t _end; /* Symbol defined in the linker script */
  41              		.loc 1 54 1 view .LVU7
  42 0004 0300     		movs	r3, r0
  58:Core/Src/sysmem.c ****   const uint32_t stack_limit = (uint32_t)&_estack - (uint32_t)&_Min_Stack_Size;
  43              		.loc 1 58 18 view .LVU8
  44 0006 521A     		subs	r2, r2, r1
  45              	.LVL1:
  60:Core/Src/sysmem.c ****   uint8_t *prev_heap_end;
  46              		.loc 1 60 3 is_stmt 1 view .LVU9
  61:Core/Src/sysmem.c **** 
  62:Core/Src/sysmem.c ****   /* Initialize heap end at first call */
  63:Core/Src/sysmem.c ****   if (NULL == __sbrk_heap_end)
  47              		.loc 1 63 3 view .LVU10
  48              		.loc 1 63 12 is_stmt 0 view .LVU11
  49 0008 0C49     		ldr	r1, .L8+8
ARM GAS  C:\Users\upo\AppData\Local\Temp\ccEcX1MX.s 			page 3


  54:Core/Src/sysmem.c ****   extern uint8_t _end; /* Symbol defined in the linker script */
  50              		.loc 1 54 1 view .LVU12
  51 000a 10B5     		push	{r4, lr}
  52              	.LCFI0:
  53              		.cfi_def_cfa_offset 8
  54              		.cfi_offset 4, -8
  55              		.cfi_offset 14, -4
  56              		.loc 1 63 12 view .LVU13
  57 000c 0868     		ldr	r0, [r1]
  58              	.LVL2:
  59              		.loc 1 63 6 view .LVU14
  60 000e 0028     		cmp	r0, #0
  61 0010 04D0     		beq	.L6
  64:Core/Src/sysmem.c ****   {
  65:Core/Src/sysmem.c ****     __sbrk_heap_end = &_end;
  66:Core/Src/sysmem.c ****   }
  67:Core/Src/sysmem.c **** 
  68:Core/Src/sysmem.c ****   /* Protect heap from growing into the reserved MSP stack */
  69:Core/Src/sysmem.c ****   if (__sbrk_heap_end + incr > max_heap)
  62              		.loc 1 69 3 is_stmt 1 view .LVU15
  63              		.loc 1 69 23 is_stmt 0 view .LVU16
  64 0012 C318     		adds	r3, r0, r3
  65              	.LVL3:
  66              		.loc 1 69 6 view .LVU17
  67 0014 9342     		cmp	r3, r2
  68 0016 06D8     		bhi	.L7
  69              	.L3:
  70:Core/Src/sysmem.c ****   {
  71:Core/Src/sysmem.c ****     errno = ENOMEM;
  72:Core/Src/sysmem.c ****     return (void *)-1;
  73:Core/Src/sysmem.c ****   }
  74:Core/Src/sysmem.c **** 
  75:Core/Src/sysmem.c ****   prev_heap_end = __sbrk_heap_end;
  70              		.loc 1 75 3 is_stmt 1 view .LVU18
  71              	.LVL4:
  76:Core/Src/sysmem.c ****   __sbrk_heap_end += incr;
  72              		.loc 1 76 3 view .LVU19
  73              		.loc 1 76 19 is_stmt 0 view .LVU20
  74 0018 0B60     		str	r3, [r1]
  75              	.LVL5:
  77:Core/Src/sysmem.c **** 
  78:Core/Src/sysmem.c ****   return (void *)prev_heap_end;
  76              		.loc 1 78 3 is_stmt 1 view .LVU21
  77              	.L1:
  79:Core/Src/sysmem.c **** }
  78              		.loc 1 79 1 is_stmt 0 view .LVU22
  79              		@ sp needed
  80 001a 10BD     		pop	{r4, pc}
  81              	.LVL6:
  82              	.L6:
  65:Core/Src/sysmem.c ****   }
  83              		.loc 1 65 5 is_stmt 1 view .LVU23
  65:Core/Src/sysmem.c ****   }
  84              		.loc 1 65 21 is_stmt 0 view .LVU24
  85 001c 0848     		ldr	r0, .L8+12
  69:Core/Src/sysmem.c ****   {
  86              		.loc 1 69 23 view .LVU25
ARM GAS  C:\Users\upo\AppData\Local\Temp\ccEcX1MX.s 			page 4


  87 001e C318     		adds	r3, r0, r3
  88              	.LVL7:
  65:Core/Src/sysmem.c ****   }
  89              		.loc 1 65 21 view .LVU26
  90 0020 0860     		str	r0, [r1]
  69:Core/Src/sysmem.c ****   {
  91              		.loc 1 69 3 is_stmt 1 view .LVU27
  69:Core/Src/sysmem.c ****   {
  92              		.loc 1 69 6 is_stmt 0 view .LVU28
  93 0022 9342     		cmp	r3, r2
  94 0024 F8D9     		bls	.L3
  95              	.L7:
  71:Core/Src/sysmem.c ****     return (void *)-1;
  96              		.loc 1 71 5 is_stmt 1 view .LVU29
  97 0026 FFF7FEFF 		bl	__errno
  98              	.LVL8:
  71:Core/Src/sysmem.c ****     return (void *)-1;
  99              		.loc 1 71 11 is_stmt 0 view .LVU30
 100 002a 0C23     		movs	r3, #12
 101 002c 0360     		str	r3, [r0]
  72:Core/Src/sysmem.c ****   }
 102              		.loc 1 72 5 is_stmt 1 view .LVU31
  72:Core/Src/sysmem.c ****   }
 103              		.loc 1 72 12 is_stmt 0 view .LVU32
 104 002e 0120     		movs	r0, #1
 105 0030 4042     		rsbs	r0, r0, #0
 106 0032 F2E7     		b	.L1
 107              	.L9:
 108              		.align	2
 109              	.L8:
 110 0034 00000000 		.word	_Min_Stack_Size
 111 0038 00000000 		.word	_estack
 112 003c 00000000 		.word	__sbrk_heap_end
 113 0040 00000000 		.word	_end
 114              		.cfi_endproc
 115              	.LFE0:
 117              		.section	.bss.__sbrk_heap_end,"aw",%nobits
 118              		.align	2
 121              	__sbrk_heap_end:
 122 0000 00000000 		.space	4
 123              		.text
 124              	.Letext0:
 125              		.file 2 "C:\\ST\\STM32CubeCLT_1.15.0\\GNU-tools-for-STM32\\bin/../lib/gcc/arm-none-eabi/12.3.1/inc
 126              		.file 3 "C:\\ST\\STM32CubeCLT_1.15.0\\GNU-tools-for-STM32\\bin/../lib/gcc/arm-none-eabi/12.3.1/../
 127              		.file 4 "C:\\ST\\STM32CubeCLT_1.15.0\\GNU-tools-for-STM32\\bin/../lib/gcc/arm-none-eabi/12.3.1/../
 128              		.file 5 "C:\\ST\\STM32CubeCLT_1.15.0\\GNU-tools-for-STM32\\bin/../lib/gcc/arm-none-eabi/12.3.1/../
ARM GAS  C:\Users\upo\AppData\Local\Temp\ccEcX1MX.s 			page 5


DEFINED SYMBOLS
                            *ABS*:00000000 sysmem.c
C:\Users\upo\AppData\Local\Temp\ccEcX1MX.s:19     .text._sbrk:00000000 $t
C:\Users\upo\AppData\Local\Temp\ccEcX1MX.s:26     .text._sbrk:00000000 _sbrk
C:\Users\upo\AppData\Local\Temp\ccEcX1MX.s:110    .text._sbrk:00000034 $d
C:\Users\upo\AppData\Local\Temp\ccEcX1MX.s:121    .bss.__sbrk_heap_end:00000000 __sbrk_heap_end
C:\Users\upo\AppData\Local\Temp\ccEcX1MX.s:118    .bss.__sbrk_heap_end:00000000 $d

UNDEFINED SYMBOLS
__errno
_Min_Stack_Size
_estack
_end
