ARM GAS  C:\Users\upo\AppData\Local\Temp\ccbbtBQu.s 			page 1


   1              		.cpu cortex-m0plus
   2              		.arch armv6s-m
   3              		.fpu softvfp
   4              		.eabi_attribute 20, 1
   5              		.eabi_attribute 21, 1
   6              		.eabi_attribute 23, 3
   7              		.eabi_attribute 24, 1
   8              		.eabi_attribute 25, 1
   9              		.eabi_attribute 26, 1
  10              		.eabi_attribute 30, 1
  11              		.eabi_attribute 34, 0
  12              		.eabi_attribute 18, 4
  13              		.file	"usart.c"
  14              		.text
  15              	.Ltext0:
  16              		.cfi_sections	.debug_frame
  17              		.file 1 "Core/Src/usart.c"
  18              		.section	.text.MX_USART2_UART_Init,"ax",%progbits
  19              		.align	1
  20              		.global	MX_USART2_UART_Init
  21              		.syntax unified
  22              		.code	16
  23              		.thumb_func
  25              	MX_USART2_UART_Init:
  26              	.LFB426:
   1:Core/Src/usart.c **** /* USER CODE BEGIN Header */
   2:Core/Src/usart.c **** /**
   3:Core/Src/usart.c ****   ******************************************************************************
   4:Core/Src/usart.c ****   * @file    usart.c
   5:Core/Src/usart.c ****   * @brief   This file provides code for the configuration
   6:Core/Src/usart.c ****   *          of the USART instances.
   7:Core/Src/usart.c ****   ******************************************************************************
   8:Core/Src/usart.c ****   * @attention
   9:Core/Src/usart.c ****   *
  10:Core/Src/usart.c ****   * Copyright (c) 2024 STMicroelectronics.
  11:Core/Src/usart.c ****   * All rights reserved.
  12:Core/Src/usart.c ****   *
  13:Core/Src/usart.c ****   * This software is licensed under terms that can be found in the LICENSE file
  14:Core/Src/usart.c ****   * in the root directory of this software component.
  15:Core/Src/usart.c ****   * If no LICENSE file comes with this software, it is provided AS-IS.
  16:Core/Src/usart.c ****   *
  17:Core/Src/usart.c ****   ******************************************************************************
  18:Core/Src/usart.c ****   */
  19:Core/Src/usart.c **** /* USER CODE END Header */
  20:Core/Src/usart.c **** /* Includes ------------------------------------------------------------------*/
  21:Core/Src/usart.c **** #include "usart.h"
  22:Core/Src/usart.c **** 
  23:Core/Src/usart.c **** /* USER CODE BEGIN 0 */
  24:Core/Src/usart.c **** 
  25:Core/Src/usart.c **** /* USER CODE END 0 */
  26:Core/Src/usart.c **** 
  27:Core/Src/usart.c **** UART_HandleTypeDef huart2;
  28:Core/Src/usart.c **** 
  29:Core/Src/usart.c **** /* USART2 init function */
  30:Core/Src/usart.c **** 
  31:Core/Src/usart.c **** void MX_USART2_UART_Init(void)
  32:Core/Src/usart.c **** {
ARM GAS  C:\Users\upo\AppData\Local\Temp\ccbbtBQu.s 			page 2


  27              		.loc 1 32 1 view -0
  28              		.cfi_startproc
  29              		@ args = 0, pretend = 0, frame = 0
  30              		@ frame_needed = 0, uses_anonymous_args = 0
  31 0000 10B5     		push	{r4, lr}
  32              	.LCFI0:
  33              		.cfi_def_cfa_offset 8
  34              		.cfi_offset 4, -8
  35              		.cfi_offset 14, -4
  33:Core/Src/usart.c **** 
  34:Core/Src/usart.c ****   /* USER CODE BEGIN USART2_Init 0 */
  35:Core/Src/usart.c **** 
  36:Core/Src/usart.c ****   /* USER CODE END USART2_Init 0 */
  37:Core/Src/usart.c **** 
  38:Core/Src/usart.c ****   /* USER CODE BEGIN USART2_Init 1 */
  39:Core/Src/usart.c **** 
  40:Core/Src/usart.c ****   /* USER CODE END USART2_Init 1 */
  41:Core/Src/usart.c ****   huart2.Instance = USART2;
  36              		.loc 1 41 3 view .LVU1
  37              		.loc 1 41 19 is_stmt 0 view .LVU2
  38 0002 1948     		ldr	r0, .L10
  39 0004 194B     		ldr	r3, .L10+4
  40 0006 0360     		str	r3, [r0]
  42:Core/Src/usart.c ****   huart2.Init.BaudRate = 1000000;
  41              		.loc 1 42 3 is_stmt 1 view .LVU3
  42              		.loc 1 42 24 is_stmt 0 view .LVU4
  43 0008 194B     		ldr	r3, .L10+8
  44 000a 4360     		str	r3, [r0, #4]
  43:Core/Src/usart.c ****   huart2.Init.WordLength = UART_WORDLENGTH_8B;
  45              		.loc 1 43 3 is_stmt 1 view .LVU5
  46              		.loc 1 43 26 is_stmt 0 view .LVU6
  47 000c 0023     		movs	r3, #0
  48 000e 8360     		str	r3, [r0, #8]
  44:Core/Src/usart.c ****   huart2.Init.StopBits = UART_STOPBITS_1;
  49              		.loc 1 44 3 is_stmt 1 view .LVU7
  50              		.loc 1 44 24 is_stmt 0 view .LVU8
  51 0010 C360     		str	r3, [r0, #12]
  45:Core/Src/usart.c ****   huart2.Init.Parity = UART_PARITY_NONE;
  52              		.loc 1 45 3 is_stmt 1 view .LVU9
  53              		.loc 1 45 22 is_stmt 0 view .LVU10
  54 0012 0361     		str	r3, [r0, #16]
  46:Core/Src/usart.c ****   huart2.Init.Mode = UART_MODE_TX_RX;
  55              		.loc 1 46 3 is_stmt 1 view .LVU11
  56              		.loc 1 46 20 is_stmt 0 view .LVU12
  57 0014 0C22     		movs	r2, #12
  58 0016 4261     		str	r2, [r0, #20]
  47:Core/Src/usart.c ****   huart2.Init.HwFlowCtl = UART_HWCONTROL_NONE;
  59              		.loc 1 47 3 is_stmt 1 view .LVU13
  60              		.loc 1 47 25 is_stmt 0 view .LVU14
  61 0018 8361     		str	r3, [r0, #24]
  48:Core/Src/usart.c ****   huart2.Init.OverSampling = UART_OVERSAMPLING_16;
  62              		.loc 1 48 3 is_stmt 1 view .LVU15
  63              		.loc 1 48 28 is_stmt 0 view .LVU16
  64 001a C361     		str	r3, [r0, #28]
  49:Core/Src/usart.c ****   huart2.Init.OneBitSampling = UART_ONE_BIT_SAMPLE_DISABLE;
  65              		.loc 1 49 3 is_stmt 1 view .LVU17
  66              		.loc 1 49 30 is_stmt 0 view .LVU18
ARM GAS  C:\Users\upo\AppData\Local\Temp\ccbbtBQu.s 			page 3


  67 001c 0362     		str	r3, [r0, #32]
  50:Core/Src/usart.c ****   huart2.Init.ClockPrescaler = UART_PRESCALER_DIV1;
  68              		.loc 1 50 3 is_stmt 1 view .LVU19
  69              		.loc 1 50 30 is_stmt 0 view .LVU20
  70 001e 4362     		str	r3, [r0, #36]
  51:Core/Src/usart.c ****   huart2.AdvancedInit.AdvFeatureInit = UART_ADVFEATURE_NO_INIT;
  71              		.loc 1 51 3 is_stmt 1 view .LVU21
  72              		.loc 1 51 38 is_stmt 0 view .LVU22
  73 0020 8362     		str	r3, [r0, #40]
  52:Core/Src/usart.c ****   if (HAL_UART_Init(&huart2) != HAL_OK)
  74              		.loc 1 52 3 is_stmt 1 view .LVU23
  75              		.loc 1 52 7 is_stmt 0 view .LVU24
  76 0022 FFF7FEFF 		bl	HAL_UART_Init
  77              	.LVL0:
  78              		.loc 1 52 6 view .LVU25
  79 0026 0028     		cmp	r0, #0
  80 0028 11D1     		bne	.L6
  81              	.L2:
  53:Core/Src/usart.c ****   {
  54:Core/Src/usart.c ****     Error_Handler();
  55:Core/Src/usart.c ****   }
  56:Core/Src/usart.c ****   if (HAL_UARTEx_SetTxFifoThreshold(&huart2, UART_TXFIFO_THRESHOLD_1_8) != HAL_OK)
  82              		.loc 1 56 3 is_stmt 1 view .LVU26
  83              		.loc 1 56 7 is_stmt 0 view .LVU27
  84 002a 0F48     		ldr	r0, .L10
  85 002c 0021     		movs	r1, #0
  86 002e FFF7FEFF 		bl	HAL_UARTEx_SetTxFifoThreshold
  87              	.LVL1:
  88              		.loc 1 56 6 view .LVU28
  89 0032 0028     		cmp	r0, #0
  90 0034 0ED1     		bne	.L7
  91              	.L3:
  57:Core/Src/usart.c ****   {
  58:Core/Src/usart.c ****     Error_Handler();
  59:Core/Src/usart.c ****   }
  60:Core/Src/usart.c ****   if (HAL_UARTEx_SetRxFifoThreshold(&huart2, UART_RXFIFO_THRESHOLD_1_8) != HAL_OK)
  92              		.loc 1 60 3 is_stmt 1 view .LVU29
  93              		.loc 1 60 7 is_stmt 0 view .LVU30
  94 0036 0C48     		ldr	r0, .L10
  95 0038 0021     		movs	r1, #0
  96 003a FFF7FEFF 		bl	HAL_UARTEx_SetRxFifoThreshold
  97              	.LVL2:
  98              		.loc 1 60 6 view .LVU31
  99 003e 0028     		cmp	r0, #0
 100 0040 0BD1     		bne	.L8
 101              	.L4:
  61:Core/Src/usart.c ****   {
  62:Core/Src/usart.c ****     Error_Handler();
  63:Core/Src/usart.c ****   }
  64:Core/Src/usart.c ****   if (HAL_UARTEx_DisableFifoMode(&huart2) != HAL_OK)
 102              		.loc 1 64 3 is_stmt 1 view .LVU32
 103              		.loc 1 64 7 is_stmt 0 view .LVU33
 104 0042 0948     		ldr	r0, .L10
 105 0044 FFF7FEFF 		bl	HAL_UARTEx_DisableFifoMode
 106              	.LVL3:
 107              		.loc 1 64 6 view .LVU34
 108 0048 0028     		cmp	r0, #0
ARM GAS  C:\Users\upo\AppData\Local\Temp\ccbbtBQu.s 			page 4


 109 004a 09D1     		bne	.L9
 110              	.L1:
  65:Core/Src/usart.c ****   {
  66:Core/Src/usart.c ****     Error_Handler();
  67:Core/Src/usart.c ****   }
  68:Core/Src/usart.c ****   /* USER CODE BEGIN USART2_Init 2 */
  69:Core/Src/usart.c **** 
  70:Core/Src/usart.c ****   /* USER CODE END USART2_Init 2 */
  71:Core/Src/usart.c **** 
  72:Core/Src/usart.c **** }
 111              		.loc 1 72 1 view .LVU35
 112              		@ sp needed
 113 004c 10BD     		pop	{r4, pc}
 114              	.L6:
  54:Core/Src/usart.c ****   }
 115              		.loc 1 54 5 is_stmt 1 view .LVU36
 116 004e FFF7FEFF 		bl	Error_Handler
 117              	.LVL4:
 118 0052 EAE7     		b	.L2
 119              	.L7:
  58:Core/Src/usart.c ****   }
 120              		.loc 1 58 5 view .LVU37
 121 0054 FFF7FEFF 		bl	Error_Handler
 122              	.LVL5:
 123 0058 EDE7     		b	.L3
 124              	.L8:
  62:Core/Src/usart.c ****   }
 125              		.loc 1 62 5 view .LVU38
 126 005a FFF7FEFF 		bl	Error_Handler
 127              	.LVL6:
 128 005e F0E7     		b	.L4
 129              	.L9:
  66:Core/Src/usart.c ****   }
 130              		.loc 1 66 5 view .LVU39
 131 0060 FFF7FEFF 		bl	Error_Handler
 132              	.LVL7:
 133              		.loc 1 72 1 is_stmt 0 view .LVU40
 134 0064 F2E7     		b	.L1
 135              	.L11:
 136 0066 C046     		.align	2
 137              	.L10:
 138 0068 00000000 		.word	huart2
 139 006c 00440040 		.word	1073759232
 140 0070 40420F00 		.word	1000000
 141              		.cfi_endproc
 142              	.LFE426:
 144              		.section	.text.HAL_UART_MspInit,"ax",%progbits
 145              		.align	1
 146              		.global	HAL_UART_MspInit
 147              		.syntax unified
 148              		.code	16
 149              		.thumb_func
 151              	HAL_UART_MspInit:
 152              	.LVL8:
 153              	.LFB427:
  73:Core/Src/usart.c **** 
  74:Core/Src/usart.c **** void HAL_UART_MspInit(UART_HandleTypeDef* uartHandle)
ARM GAS  C:\Users\upo\AppData\Local\Temp\ccbbtBQu.s 			page 5


  75:Core/Src/usart.c **** {
 154              		.loc 1 75 1 is_stmt 1 view -0
 155              		.cfi_startproc
 156              		@ args = 0, pretend = 0, frame = 96
 157              		@ frame_needed = 0, uses_anonymous_args = 0
 158              		.loc 1 75 1 is_stmt 0 view .LVU42
 159 0000 10B5     		push	{r4, lr}
 160              	.LCFI1:
 161              		.cfi_def_cfa_offset 8
 162              		.cfi_offset 4, -8
 163              		.cfi_offset 14, -4
 164 0002 98B0     		sub	sp, sp, #96
 165              	.LCFI2:
 166              		.cfi_def_cfa_offset 104
 167 0004 0400     		movs	r4, r0
  76:Core/Src/usart.c **** 
  77:Core/Src/usart.c ****   GPIO_InitTypeDef GPIO_InitStruct = {0};
 168              		.loc 1 77 3 is_stmt 1 view .LVU43
 169              		.loc 1 77 20 is_stmt 0 view .LVU44
 170 0006 1422     		movs	r2, #20
 171 0008 0021     		movs	r1, #0
 172 000a 13A8     		add	r0, sp, #76
 173              	.LVL9:
 174              		.loc 1 77 20 view .LVU45
 175 000c FFF7FEFF 		bl	memset
 176              	.LVL10:
  78:Core/Src/usart.c ****   RCC_PeriphCLKInitTypeDef PeriphClkInit = {0};
 177              		.loc 1 78 3 is_stmt 1 view .LVU46
 178              		.loc 1 78 28 is_stmt 0 view .LVU47
 179 0010 4422     		movs	r2, #68
 180 0012 0021     		movs	r1, #0
 181 0014 02A8     		add	r0, sp, #8
 182 0016 FFF7FEFF 		bl	memset
 183              	.LVL11:
  79:Core/Src/usart.c ****   if(uartHandle->Instance==USART2)
 184              		.loc 1 79 3 is_stmt 1 view .LVU48
 185              		.loc 1 79 16 is_stmt 0 view .LVU49
 186 001a 2268     		ldr	r2, [r4]
 187              		.loc 1 79 5 view .LVU50
 188 001c 174B     		ldr	r3, .L17
 189 001e 9A42     		cmp	r2, r3
 190 0020 01D0     		beq	.L15
 191              	.L12:
  80:Core/Src/usart.c ****   {
  81:Core/Src/usart.c ****   /* USER CODE BEGIN USART2_MspInit 0 */
  82:Core/Src/usart.c **** 
  83:Core/Src/usart.c ****   /* USER CODE END USART2_MspInit 0 */
  84:Core/Src/usart.c **** 
  85:Core/Src/usart.c ****   /** Initializes the peripherals clocks
  86:Core/Src/usart.c ****   */
  87:Core/Src/usart.c ****     PeriphClkInit.PeriphClockSelection = RCC_PERIPHCLK_USART2;
  88:Core/Src/usart.c ****     PeriphClkInit.Usart2ClockSelection = RCC_USART2CLKSOURCE_PCLK1;
  89:Core/Src/usart.c ****     if (HAL_RCCEx_PeriphCLKConfig(&PeriphClkInit) != HAL_OK)
  90:Core/Src/usart.c ****     {
  91:Core/Src/usart.c ****       Error_Handler();
  92:Core/Src/usart.c ****     }
  93:Core/Src/usart.c **** 
ARM GAS  C:\Users\upo\AppData\Local\Temp\ccbbtBQu.s 			page 6


  94:Core/Src/usart.c ****     /* USART2 clock enable */
  95:Core/Src/usart.c ****     __HAL_RCC_USART2_CLK_ENABLE();
  96:Core/Src/usart.c **** 
  97:Core/Src/usart.c ****     __HAL_RCC_GPIOA_CLK_ENABLE();
  98:Core/Src/usart.c ****     /**USART2 GPIO Configuration
  99:Core/Src/usart.c ****     PA2     ------> USART2_TX
 100:Core/Src/usart.c ****     PA3     ------> USART2_RX
 101:Core/Src/usart.c ****     */
 102:Core/Src/usart.c ****     GPIO_InitStruct.Pin = GPIO_PIN_2|GPIO_PIN_3;
 103:Core/Src/usart.c ****     GPIO_InitStruct.Mode = GPIO_MODE_AF_PP;
 104:Core/Src/usart.c ****     GPIO_InitStruct.Pull = GPIO_NOPULL;
 105:Core/Src/usart.c ****     GPIO_InitStruct.Speed = GPIO_SPEED_FREQ_LOW;
 106:Core/Src/usart.c ****     GPIO_InitStruct.Alternate = GPIO_AF7_USART2;
 107:Core/Src/usart.c ****     HAL_GPIO_Init(GPIOA, &GPIO_InitStruct);
 108:Core/Src/usart.c **** 
 109:Core/Src/usart.c ****   /* USER CODE BEGIN USART2_MspInit 1 */
 110:Core/Src/usart.c **** 
 111:Core/Src/usart.c ****   /* USER CODE END USART2_MspInit 1 */
 112:Core/Src/usart.c ****   }
 113:Core/Src/usart.c **** }
 192              		.loc 1 113 1 view .LVU51
 193 0022 18B0     		add	sp, sp, #96
 194              		@ sp needed
 195              	.LVL12:
 196              		.loc 1 113 1 view .LVU52
 197 0024 10BD     		pop	{r4, pc}
 198              	.LVL13:
 199              	.L15:
  87:Core/Src/usart.c ****     PeriphClkInit.Usart2ClockSelection = RCC_USART2CLKSOURCE_PCLK1;
 200              		.loc 1 87 5 is_stmt 1 view .LVU53
  87:Core/Src/usart.c ****     PeriphClkInit.Usart2ClockSelection = RCC_USART2CLKSOURCE_PCLK1;
 201              		.loc 1 87 40 is_stmt 0 view .LVU54
 202 0026 0223     		movs	r3, #2
 203 0028 0293     		str	r3, [sp, #8]
  88:Core/Src/usart.c ****     if (HAL_RCCEx_PeriphCLKConfig(&PeriphClkInit) != HAL_OK)
 204              		.loc 1 88 5 is_stmt 1 view .LVU55
  89:Core/Src/usart.c ****     {
 205              		.loc 1 89 5 view .LVU56
  89:Core/Src/usart.c ****     {
 206              		.loc 1 89 9 is_stmt 0 view .LVU57
 207 002a 02A8     		add	r0, sp, #8
 208 002c FFF7FEFF 		bl	HAL_RCCEx_PeriphCLKConfig
 209              	.LVL14:
  89:Core/Src/usart.c ****     {
 210              		.loc 1 89 8 view .LVU58
 211 0030 0028     		cmp	r0, #0
 212 0032 20D1     		bne	.L16
 213              	.L14:
  95:Core/Src/usart.c **** 
 214              		.loc 1 95 5 is_stmt 1 view .LVU59
 215              	.LBB2:
  95:Core/Src/usart.c **** 
 216              		.loc 1 95 5 view .LVU60
  95:Core/Src/usart.c **** 
 217              		.loc 1 95 5 view .LVU61
 218 0034 124B     		ldr	r3, .L17+4
 219 0036 9A6D     		ldr	r2, [r3, #88]
ARM GAS  C:\Users\upo\AppData\Local\Temp\ccbbtBQu.s 			page 7


 220 0038 8021     		movs	r1, #128
 221 003a 8902     		lsls	r1, r1, #10
 222 003c 0A43     		orrs	r2, r1
 223 003e 9A65     		str	r2, [r3, #88]
  95:Core/Src/usart.c **** 
 224              		.loc 1 95 5 view .LVU62
 225 0040 9A6D     		ldr	r2, [r3, #88]
 226 0042 0A40     		ands	r2, r1
 227 0044 0092     		str	r2, [sp]
  95:Core/Src/usart.c **** 
 228              		.loc 1 95 5 view .LVU63
 229 0046 009A     		ldr	r2, [sp]
 230              	.LBE2:
  95:Core/Src/usart.c **** 
 231              		.loc 1 95 5 view .LVU64
  97:Core/Src/usart.c ****     /**USART2 GPIO Configuration
 232              		.loc 1 97 5 view .LVU65
 233              	.LBB3:
  97:Core/Src/usart.c ****     /**USART2 GPIO Configuration
 234              		.loc 1 97 5 view .LVU66
  97:Core/Src/usart.c ****     /**USART2 GPIO Configuration
 235              		.loc 1 97 5 view .LVU67
 236 0048 D96C     		ldr	r1, [r3, #76]
 237 004a 0122     		movs	r2, #1
 238 004c 1143     		orrs	r1, r2
 239 004e D964     		str	r1, [r3, #76]
  97:Core/Src/usart.c ****     /**USART2 GPIO Configuration
 240              		.loc 1 97 5 view .LVU68
 241 0050 DB6C     		ldr	r3, [r3, #76]
 242 0052 1A40     		ands	r2, r3
 243 0054 0192     		str	r2, [sp, #4]
  97:Core/Src/usart.c ****     /**USART2 GPIO Configuration
 244              		.loc 1 97 5 view .LVU69
 245 0056 019B     		ldr	r3, [sp, #4]
 246              	.LBE3:
  97:Core/Src/usart.c ****     /**USART2 GPIO Configuration
 247              		.loc 1 97 5 view .LVU70
 102:Core/Src/usart.c ****     GPIO_InitStruct.Mode = GPIO_MODE_AF_PP;
 248              		.loc 1 102 5 view .LVU71
 102:Core/Src/usart.c ****     GPIO_InitStruct.Mode = GPIO_MODE_AF_PP;
 249              		.loc 1 102 25 is_stmt 0 view .LVU72
 250 0058 0C23     		movs	r3, #12
 251 005a 1393     		str	r3, [sp, #76]
 103:Core/Src/usart.c ****     GPIO_InitStruct.Pull = GPIO_NOPULL;
 252              		.loc 1 103 5 is_stmt 1 view .LVU73
 103:Core/Src/usart.c ****     GPIO_InitStruct.Pull = GPIO_NOPULL;
 253              		.loc 1 103 26 is_stmt 0 view .LVU74
 254 005c 0A3B     		subs	r3, r3, #10
 255 005e 1493     		str	r3, [sp, #80]
 104:Core/Src/usart.c ****     GPIO_InitStruct.Speed = GPIO_SPEED_FREQ_LOW;
 256              		.loc 1 104 5 is_stmt 1 view .LVU75
 104:Core/Src/usart.c ****     GPIO_InitStruct.Speed = GPIO_SPEED_FREQ_LOW;
 257              		.loc 1 104 26 is_stmt 0 view .LVU76
 258 0060 0023     		movs	r3, #0
 259 0062 1593     		str	r3, [sp, #84]
 105:Core/Src/usart.c ****     GPIO_InitStruct.Alternate = GPIO_AF7_USART2;
 260              		.loc 1 105 5 is_stmt 1 view .LVU77
ARM GAS  C:\Users\upo\AppData\Local\Temp\ccbbtBQu.s 			page 8


 105:Core/Src/usart.c ****     GPIO_InitStruct.Alternate = GPIO_AF7_USART2;
 261              		.loc 1 105 27 is_stmt 0 view .LVU78
 262 0064 1693     		str	r3, [sp, #88]
 106:Core/Src/usart.c ****     HAL_GPIO_Init(GPIOA, &GPIO_InitStruct);
 263              		.loc 1 106 5 is_stmt 1 view .LVU79
 106:Core/Src/usart.c ****     HAL_GPIO_Init(GPIOA, &GPIO_InitStruct);
 264              		.loc 1 106 31 is_stmt 0 view .LVU80
 265 0066 0733     		adds	r3, r3, #7
 266 0068 1793     		str	r3, [sp, #92]
 107:Core/Src/usart.c **** 
 267              		.loc 1 107 5 is_stmt 1 view .LVU81
 268 006a A020     		movs	r0, #160
 269 006c 13A9     		add	r1, sp, #76
 270 006e C005     		lsls	r0, r0, #23
 271 0070 FFF7FEFF 		bl	HAL_GPIO_Init
 272              	.LVL15:
 273              		.loc 1 113 1 is_stmt 0 view .LVU82
 274 0074 D5E7     		b	.L12
 275              	.L16:
  91:Core/Src/usart.c ****     }
 276              		.loc 1 91 7 is_stmt 1 view .LVU83
 277 0076 FFF7FEFF 		bl	Error_Handler
 278              	.LVL16:
 279 007a DBE7     		b	.L14
 280              	.L18:
 281              		.align	2
 282              	.L17:
 283 007c 00440040 		.word	1073759232
 284 0080 00100240 		.word	1073876992
 285              		.cfi_endproc
 286              	.LFE427:
 288              		.section	.text.HAL_UART_MspDeInit,"ax",%progbits
 289              		.align	1
 290              		.global	HAL_UART_MspDeInit
 291              		.syntax unified
 292              		.code	16
 293              		.thumb_func
 295              	HAL_UART_MspDeInit:
 296              	.LVL17:
 297              	.LFB428:
 114:Core/Src/usart.c **** 
 115:Core/Src/usart.c **** void HAL_UART_MspDeInit(UART_HandleTypeDef* uartHandle)
 116:Core/Src/usart.c **** {
 298              		.loc 1 116 1 view -0
 299              		.cfi_startproc
 300              		@ args = 0, pretend = 0, frame = 0
 301              		@ frame_needed = 0, uses_anonymous_args = 0
 302              		.loc 1 116 1 is_stmt 0 view .LVU85
 303 0000 10B5     		push	{r4, lr}
 304              	.LCFI3:
 305              		.cfi_def_cfa_offset 8
 306              		.cfi_offset 4, -8
 307              		.cfi_offset 14, -4
 117:Core/Src/usart.c **** 
 118:Core/Src/usart.c ****   if(uartHandle->Instance==USART2)
 308              		.loc 1 118 3 is_stmt 1 view .LVU86
 309              		.loc 1 118 16 is_stmt 0 view .LVU87
ARM GAS  C:\Users\upo\AppData\Local\Temp\ccbbtBQu.s 			page 9


 310 0002 0268     		ldr	r2, [r0]
 311              		.loc 1 118 5 view .LVU88
 312 0004 074B     		ldr	r3, .L22
 313 0006 9A42     		cmp	r2, r3
 314 0008 00D0     		beq	.L21
 315              	.LVL18:
 316              	.L19:
 119:Core/Src/usart.c ****   {
 120:Core/Src/usart.c ****   /* USER CODE BEGIN USART2_MspDeInit 0 */
 121:Core/Src/usart.c **** 
 122:Core/Src/usart.c ****   /* USER CODE END USART2_MspDeInit 0 */
 123:Core/Src/usart.c ****     /* Peripheral clock disable */
 124:Core/Src/usart.c ****     __HAL_RCC_USART2_CLK_DISABLE();
 125:Core/Src/usart.c **** 
 126:Core/Src/usart.c ****     /**USART2 GPIO Configuration
 127:Core/Src/usart.c ****     PA2     ------> USART2_TX
 128:Core/Src/usart.c ****     PA3     ------> USART2_RX
 129:Core/Src/usart.c ****     */
 130:Core/Src/usart.c ****     HAL_GPIO_DeInit(GPIOA, GPIO_PIN_2|GPIO_PIN_3);
 131:Core/Src/usart.c **** 
 132:Core/Src/usart.c ****   /* USER CODE BEGIN USART2_MspDeInit 1 */
 133:Core/Src/usart.c **** 
 134:Core/Src/usart.c ****   /* USER CODE END USART2_MspDeInit 1 */
 135:Core/Src/usart.c ****   }
 136:Core/Src/usart.c **** }
 317              		.loc 1 136 1 view .LVU89
 318              		@ sp needed
 319 000a 10BD     		pop	{r4, pc}
 320              	.LVL19:
 321              	.L21:
 124:Core/Src/usart.c **** 
 322              		.loc 1 124 5 is_stmt 1 view .LVU90
 323 000c 064A     		ldr	r2, .L22+4
 324 000e 936D     		ldr	r3, [r2, #88]
 325 0010 0649     		ldr	r1, .L22+8
 326 0012 0B40     		ands	r3, r1
 327 0014 9365     		str	r3, [r2, #88]
 130:Core/Src/usart.c **** 
 328              		.loc 1 130 5 view .LVU91
 329 0016 A020     		movs	r0, #160
 330              	.LVL20:
 130:Core/Src/usart.c **** 
 331              		.loc 1 130 5 is_stmt 0 view .LVU92
 332 0018 0C21     		movs	r1, #12
 333 001a C005     		lsls	r0, r0, #23
 334 001c FFF7FEFF 		bl	HAL_GPIO_DeInit
 335              	.LVL21:
 336              		.loc 1 136 1 view .LVU93
 337 0020 F3E7     		b	.L19
 338              	.L23:
 339 0022 C046     		.align	2
 340              	.L22:
 341 0024 00440040 		.word	1073759232
 342 0028 00100240 		.word	1073876992
 343 002c FFFFFDFF 		.word	-131073
 344              		.cfi_endproc
 345              	.LFE428:
ARM GAS  C:\Users\upo\AppData\Local\Temp\ccbbtBQu.s 			page 10


 347              		.global	huart2
 348              		.section	.bss.huart2,"aw",%nobits
 349              		.align	2
 352              	huart2:
 353 0000 00000000 		.space	148
 353      00000000 
 353      00000000 
 353      00000000 
 353      00000000 
 354              		.text
 355              	.Letext0:
 356              		.file 2 "C:\\ST\\STM32CubeCLT_1.15.0\\GNU-tools-for-STM32\\bin/../lib/gcc/arm-none-eabi/12.3.1/../
 357              		.file 3 "C:\\ST\\STM32CubeCLT_1.15.0\\GNU-tools-for-STM32\\bin/../lib/gcc/arm-none-eabi/12.3.1/../
 358              		.file 4 "Drivers/CMSIS/Device/ST/STM32U0xx/Include/stm32u073xx.h"
 359              		.file 5 "Drivers/STM32U0xx_HAL_Driver/Inc/stm32u0xx_hal_def.h"
 360              		.file 6 "Drivers/STM32U0xx_HAL_Driver/Inc/stm32u0xx_hal_rcc_ex.h"
 361              		.file 7 "Drivers/STM32U0xx_HAL_Driver/Inc/stm32u0xx_hal_gpio.h"
 362              		.file 8 "Drivers/STM32U0xx_HAL_Driver/Inc/stm32u0xx_hal_dma.h"
 363              		.file 9 "Drivers/STM32U0xx_HAL_Driver/Inc/stm32u0xx_hal_uart.h"
 364              		.file 10 "Drivers/STM32U0xx_HAL_Driver/Inc/stm32u0xx_hal_uart_ex.h"
 365              		.file 11 "Drivers/STM32U0xx_HAL_Driver/Inc/stm32u0xx_ll_dma.h"
 366              		.file 12 "Core\\Inc/usart.h"
 367              		.file 13 "Core\\Inc/main.h"
 368              		.file 14 "<built-in>"
ARM GAS  C:\Users\upo\AppData\Local\Temp\ccbbtBQu.s 			page 11


DEFINED SYMBOLS
                            *ABS*:00000000 usart.c
C:\Users\upo\AppData\Local\Temp\ccbbtBQu.s:19     .text.MX_USART2_UART_Init:00000000 $t
C:\Users\upo\AppData\Local\Temp\ccbbtBQu.s:25     .text.MX_USART2_UART_Init:00000000 MX_USART2_UART_Init
C:\Users\upo\AppData\Local\Temp\ccbbtBQu.s:138    .text.MX_USART2_UART_Init:00000068 $d
C:\Users\upo\AppData\Local\Temp\ccbbtBQu.s:352    .bss.huart2:00000000 huart2
C:\Users\upo\AppData\Local\Temp\ccbbtBQu.s:145    .text.HAL_UART_MspInit:00000000 $t
C:\Users\upo\AppData\Local\Temp\ccbbtBQu.s:151    .text.HAL_UART_MspInit:00000000 HAL_UART_MspInit
C:\Users\upo\AppData\Local\Temp\ccbbtBQu.s:283    .text.HAL_UART_MspInit:0000007c $d
C:\Users\upo\AppData\Local\Temp\ccbbtBQu.s:289    .text.HAL_UART_MspDeInit:00000000 $t
C:\Users\upo\AppData\Local\Temp\ccbbtBQu.s:295    .text.HAL_UART_MspDeInit:00000000 HAL_UART_MspDeInit
C:\Users\upo\AppData\Local\Temp\ccbbtBQu.s:341    .text.HAL_UART_MspDeInit:00000024 $d
C:\Users\upo\AppData\Local\Temp\ccbbtBQu.s:349    .bss.huart2:00000000 $d

UNDEFINED SYMBOLS
HAL_UART_Init
HAL_UARTEx_SetTxFifoThreshold
HAL_UARTEx_SetRxFifoThreshold
HAL_UARTEx_DisableFifoMode
Error_Handler
memset
HAL_RCCEx_PeriphCLKConfig
HAL_GPIO_Init
HAL_GPIO_DeInit
